canu/2.2 has the useGrid option default set to useGrid=false. This can be overriden by another configuration file or a command-line option.
-- canu snapshot v2.2 +0 changes (r10279 af9c6e709ff2d6473cf966702c420b9eb42d9078)
--
-- CITATIONS
--
-- For 'standard' assemblies of PacBio or Nanopore reads:
--   Koren S, Walenz BP, Berlin K, Miller JR, Phillippy AM.
--   Canu: scalable and accurate long-read assembly via adaptive k-mer weighting and repeat separation.
--   Genome Res. 2017 May;27(5):722-736.
--   http://doi.org/10.1101/gr.215087.116
-- 
-- Read and contig alignments during correction and consensus use:
--   Šošic M, Šikic M.
--   Edlib: a C/C ++ library for fast, exact sequence alignment using edit distance.
--   Bioinformatics. 2017 May 1;33(9):1394-1395.
--   http://doi.org/10.1093/bioinformatics/btw753
-- 
-- Overlaps are generated using:
--   Berlin K, et al.
--   Assembling large genomes with single-molecule sequencing and locality-sensitive hashing.
--   Nat Biotechnol. 2015 Jun;33(6):623-30.
--   http://doi.org/10.1038/nbt.3238
-- 
--   Myers EW, et al.
--   A Whole-Genome Assembly of Drosophila.
--   Science. 2000 Mar 24;287(5461):2196-204.
--   http://doi.org/10.1126/science.287.5461.2196
-- 
-- Corrected read consensus sequences are generated using an algorithm derived from FALCON-sense:
--   Chin CS, et al.
--   Phased diploid genome assembly with single-molecule real-time sequencing.
--   Nat Methods. 2016 Dec;13(12):1050-1054.
--   http://doi.org/10.1038/nmeth.4035
-- 
-- Contig consensus sequences are generated using an algorithm derived from pbdagcon:
--   Chin CS, et al.
--   Nonhybrid, finished microbial genome assemblies from long-read SMRT sequencing data.
--   Nat Methods. 2013 Jun;10(6):563-9
--   http://doi.org/10.1038/nmeth.2474
-- 
-- CONFIGURE CANU
--
-- Detected Java(TM) Runtime Environment '1.8.0_151' (from '/sw/comp/java/x86_64/sun_jdk1.8.0_151/bin/java') with -d64 support.
-- Detected gnuplot version '4.6 patchlevel 2   ' (from 'gnuplot') and image format 'png'.
--
-- Detected 2 CPUs and 16000 gigabytes of memory on the local machine.
--
-- Detected Slurm with 'sinfo' binary in /usr/bin/sinfo.
-- Detected Slurm with task IDs up to 1000 allowed.
-- 
-- Slurm support detected.  Resources available:
--    174 hosts with  16 cores and  124 GB memory.
--      1 host  with  80 cores and 3997 GB memory.
--     13 hosts with  16 cores and  249 GB memory.
--     17 hosts with  16 cores and  499 GB memory.
--
--                         (tag)Threads
--                (tag)Memory         |
--        (tag)             |         |  algorithm
--        -------  ----------  --------  -----------------------------
-- Grid:  meryl     12.000 GB    4 CPUs  (k-mer counting)
-- Grid:  hap        8.000 GB    4 CPUs  (read-to-haplotype assignment)
-- Grid:  cormhap    6.000 GB   16 CPUs  (overlap detection with mhap)
-- Grid:  obtovl     4.000 GB    8 CPUs  (overlap detection)
-- Grid:  utgovl     4.000 GB    8 CPUs  (overlap detection)
-- Grid:  cor        -.--- GB    4 CPUs  (read correction)
-- Grid:  ovb        4.000 GB    1 CPU   (overlap store bucketizer)
-- Grid:  ovs        8.000 GB    1 CPU   (overlap store sorting)
-- Grid:  red       16.000 GB    4 CPUs  (read error detection)
-- Grid:  oea        8.000 GB    1 CPU   (overlap error adjustment)
-- Grid:  bat       16.000 GB    4 CPUs  (contig construction with bogart)
-- Grid:  cns        -.--- GB    4 CPUs  (consensus)
--
-- Found untrimmed raw PacBio CLR reads in the input files.
--
-- Generating assembly 'assembled_L.ferri_31_3' in '/domus/h1/erikpa/Genome_Analysis_Project_2022/Code/Analysis':
--   genomeSize:
--     2410000
--
--   Overlap Generation Limits:
--     corOvlErrorRate 0.2400 ( 24.00%)
--     obtOvlErrorRate 0.0450 (  4.50%)
--     utgOvlErrorRate 0.0450 (  4.50%)
--
--   Overlap Processing Limits:
--     corErrorRate    0.2500 ( 25.00%)
--     obtErrorRate    0.0450 (  4.50%)
--     utgErrorRate    0.0450 (  4.50%)
--     cnsErrorRate    0.0750 (  7.50%)
--
--   Stages to run:
--     correct raw reads.
--     trim corrected reads.
--     assemble corrected and trimmed reads.
--
--
-- BEGIN CORRECTION
----------------------------------------
-- Starting command on Thu Mar 31 21:11:04 2022 with 15970.753 GB free disk space

    cd .
    ./assembled_L.ferri_31_3.seqStore.sh \
    > ./assembled_L.ferri_31_3.seqStore.err 2>&1

-- Finished on Thu Mar 31 21:12:30 2022 (86 seconds) with 15969.39 GB free disk space
----------------------------------------
--
-- In sequence store './assembled_L.ferri_31_3.seqStore':
--   Found 34504 reads.
--   Found 482002414 bases (200 times coverage).
--    Histogram of raw reads:
--    
--    G=482002414                        sum of  ||               length     num
--    NG         length     index       lengths  ||                range    seqs
--    ----- ------------ --------- ------------  ||  ------------------- -------
--    00010        38790      1091     48213525  ||       1000-2818         5043|---------------------------------------------------------------
--    00020        33798      2426     96404974  ||       2819-4637         2975|--------------------------------------
--    00030        28945      3966    144619611  ||       4638-6456         2473|-------------------------------
--    00040        24603      5771    192820811  ||       6457-8275         2312|-----------------------------
--    00050        20969      7894    241001381  ||       8276-10094        2419|-------------------------------
--    00060        17626     10401    289216056  ||      10095-11913        2598|---------------------------------
--    00070        14515     13414    337416127  ||      11914-13732        2354|------------------------------
--    00080        11593     17121    385613285  ||      13733-15551        2033|--------------------------
--    00090         8031     22002    433806669  ||      15552-17370        1680|---------------------
--    00100         1000     34503    482002414  ||      17371-19189        1464|-------------------
--    001.000x               34504    482002414  ||      19190-21008        1283|-----------------
--                                               ||      21009-22827        1142|---------------
--                                               ||      22828-24646         977|-------------
--                                               ||      24647-26465         762|----------
--                                               ||      26466-28284         790|----------
--                                               ||      28285-30103         613|--------
--                                               ||      30104-31922         588|--------
--                                               ||      31923-33741         551|-------
--                                               ||      33742-35560         559|-------
--                                               ||      35561-37379         492|-------
--                                               ||      37380-39198         392|-----
--                                               ||      39199-41017         283|----
--                                               ||      41018-42836         201|---
--                                               ||      42837-44655         134|--
--                                               ||      44656-46474         119|--
--                                               ||      46475-48293          83|--
--                                               ||      48294-50112          58|-
--                                               ||      50113-51931          34|-
--                                               ||      51932-53750          30|-
--                                               ||      53751-55569          17|-
--                                               ||      55570-57388          11|-
--                                               ||      57389-59207          11|-
--                                               ||      59208-61026           5|-
--                                               ||      61027-62845           8|-
--                                               ||      62846-64664           5|-
--                                               ||      64665-66483           0|
--                                               ||      66484-68302           1|-
--                                               ||      68303-70121           1|-
--                                               ||      70122-71940           0|
--                                               ||      71941-73759           1|-
--                                               ||      73760-75578           0|
--                                               ||      75579-77397           0|
--                                               ||      77398-79216           0|
--                                               ||      79217-81035           1|-
--                                               ||      81036-82854           0|
--                                               ||      82855-84673           0|
--                                               ||      84674-86492           0|
--                                               ||      86493-88311           0|
--                                               ||      88312-90130           0|
--                                               ||      90131-91949           1|-
--    
----------------------------------------
-- Starting command on Thu Mar 31 21:12:31 2022 with 15969.389 GB free disk space

    cd correction/0-mercounts
    ./meryl-configure.sh \
    > ./meryl-configure.err 2>&1

-- Finished on Thu Mar 31 21:12:31 2022 (furiously fast) with 15969.389 GB free disk space
----------------------------------------
--  segments   memory batches
--  -------- -------- -------
--        01  1.24 GB       2
--        02  0.62 GB       2
--        04  0.32 GB       2
--
--  For 34504 reads with 482002414 bases, limit to 4 batches.
--  Will count kmers using 01 jobs, each using 3 GB and 4 threads.
--
-- Finished stage 'merylConfigure', reset canuIteration.
--
-- Running jobs.  First attempt out of 2.
--
-- Failed to submit compute jobs.  Delay 10 seconds and try again.

CRASH:
CRASH: canu snapshot v2.2 +0 changes (r10279 af9c6e709ff2d6473cf966702c420b9eb42d9078)
CRASH: Please panic, this is abnormal.
CRASH:
CRASH:   Failed to submit compute jobs.
CRASH:
CRASH: Failed at /sw/bioinfo/canu/2.2/rackham/bin/../lib/site_perl/canu/Execution.pm line 1259.
CRASH: 	canu::Execution::submitOrRunParallelJob('assembled_L.ferri_31_3', 'meryl', 'correction/0-mercounts', 'meryl-count', 1) called at /sw/bioinfo/canu/2.2/rackham/bin/../lib/site_perl/canu/Meryl.pm line 847
CRASH: 	canu::Meryl::merylCountCheck('assembled_L.ferri_31_3', 'cor') called at /sw/bioinfo/canu/2.2/snowy/bin/canu line 1076
CRASH: 
CRASH: Last 50 lines of the relevant log file (correction/0-mercounts/meryl-count.jobSubmit-01.out):
CRASH:
CRASH: sbatch: error: Errors in job submission: 
CRASH: sbatch: error: ERROR 1: Invalid project. 
CRASH: sbatch: error: Use the flag -A to specify an active project with allocation on this cluster.
CRASH: sbatch: error: Batch job submission failed: Unspecified error
CRASH:
