canu/2.2 has the useGrid option default set to useGrid=false. This can be overriden by another configuration file or a command-line option.
-- canu snapshot v2.2 +0 changes (r10279 af9c6e709ff2d6473cf966702c420b9eb42d9078)
--
-- CITATIONS
--
-- For 'standard' assemblies of PacBio or Nanopore reads:
--   Koren S, Walenz BP, Berlin K, Miller JR, Phillippy AM.
--   Canu: scalable and accurate long-read assembly via adaptive k-mer weighting and repeat separation.
--   Genome Res. 2017 May;27(5):722-736.
--   http://doi.org/10.1101/gr.215087.116
-- 
-- Read and contig alignments during correction and consensus use:
--   Šošic M, Šikic M.
--   Edlib: a C/C ++ library for fast, exact sequence alignment using edit distance.
--   Bioinformatics. 2017 May 1;33(9):1394-1395.
--   http://doi.org/10.1093/bioinformatics/btw753
-- 
-- Overlaps are generated using:
--   Berlin K, et al.
--   Assembling large genomes with single-molecule sequencing and locality-sensitive hashing.
--   Nat Biotechnol. 2015 Jun;33(6):623-30.
--   http://doi.org/10.1038/nbt.3238
-- 
--   Myers EW, et al.
--   A Whole-Genome Assembly of Drosophila.
--   Science. 2000 Mar 24;287(5461):2196-204.
--   http://doi.org/10.1126/science.287.5461.2196
-- 
-- Corrected read consensus sequences are generated using an algorithm derived from FALCON-sense:
--   Chin CS, et al.
--   Phased diploid genome assembly with single-molecule real-time sequencing.
--   Nat Methods. 2016 Dec;13(12):1050-1054.
--   http://doi.org/10.1038/nmeth.4035
-- 
-- Contig consensus sequences are generated using an algorithm derived from pbdagcon:
--   Chin CS, et al.
--   Nonhybrid, finished microbial genome assemblies from long-read SMRT sequencing data.
--   Nat Methods. 2013 Jun;10(6):563-9
--   http://doi.org/10.1038/nmeth.2474
-- 
-- CONFIGURE CANU
--
-- Detected Java(TM) Runtime Environment '1.8.0_151' (from '/sw/comp/java/x86_64/sun_jdk1.8.0_151/bin/java') with -d64 support.
-- Detected gnuplot version '4.6 patchlevel 2   ' (from 'gnuplot') and image format 'png'.
--
-- Detected 4 CPUs and 32000 gigabytes of memory on the local machine.
--
-- Detected Slurm with 'sinfo' binary in /usr/bin/sinfo.
--          Slurm disabled by useGrid=false
--
-- Local machine mode enabled; grid support not detected or not allowed.
--
--                                (tag)Concurrency
--                         (tag)Threads          |
--                (tag)Memory         |          |
--        (tag)             |         |          |       total usage      algorithm
--        -------  ----------  --------   --------  --------------------  -----------------------------
-- Local: meryl     12.000 GB    4 CPUs x   1 job     12.000 GB   4 CPUs  (k-mer counting)
-- Local: hap        8.000 GB    4 CPUs x   1 job      8.000 GB   4 CPUs  (read-to-haplotype assignment)
-- Local: cormhap    6.000 GB    4 CPUs x   1 job      6.000 GB   4 CPUs  (overlap detection with mhap)
-- Local: obtovl     4.000 GB    4 CPUs x   1 job      4.000 GB   4 CPUs  (overlap detection)
-- Local: utgovl     4.000 GB    4 CPUs x   1 job      4.000 GB   4 CPUs  (overlap detection)
-- Local: cor        -.--- GB    4 CPUs x   - jobs     -.--- GB   - CPUs  (read correction)
-- Local: ovb        4.000 GB    1 CPU  x   4 jobs    16.000 GB   4 CPUs  (overlap store bucketizer)
-- Local: ovs        8.000 GB    1 CPU  x   4 jobs    32.000 GB   4 CPUs  (overlap store sorting)
-- Local: red       16.000 GB    4 CPUs x   1 job     16.000 GB   4 CPUs  (read error detection)
-- Local: oea        8.000 GB    1 CPU  x   4 jobs    32.000 GB   4 CPUs  (overlap error adjustment)
-- Local: bat       16.000 GB    4 CPUs x   1 job     16.000 GB   4 CPUs  (contig construction with bogart)
-- Local: cns        -.--- GB    4 CPUs x   - jobs     -.--- GB   - CPUs  (consensus)
--
-- Found untrimmed raw PacBio CLR reads in the input files.
--
-- Generating assembly 'assembled_L.ferri_1_4' in '/domus/h1/erikpa/Genome_Analysis_Project_2022/Data':
--   genomeSize:
--     2410000
--
--   Overlap Generation Limits:
--     corOvlErrorRate 0.2400 ( 24.00%)
--     obtOvlErrorRate 0.0450 (  4.50%)
--     utgOvlErrorRate 0.0450 (  4.50%)
--
--   Overlap Processing Limits:
--     corErrorRate    0.2500 ( 25.00%)
--     obtErrorRate    0.0450 (  4.50%)
--     utgErrorRate    0.0450 (  4.50%)
--     cnsErrorRate    0.0750 (  7.50%)
--
--   Stages to run:
--     correct raw reads.
--     trim corrected reads.
--     assemble corrected and trimmed reads.
--
--
-- BEGIN CORRECTION
----------------------------------------
-- Starting command on Fri Apr  1 14:37:34 2022 with 16083.008 GB free disk space

    cd .
    ./assembled_L.ferri_1_4.seqStore.sh \
    > ./assembled_L.ferri_1_4.seqStore.err 2>&1

-- Finished on Fri Apr  1 14:38:36 2022 (62 seconds) with 16081.413 GB free disk space
----------------------------------------
--
-- In sequence store './assembled_L.ferri_1_4.seqStore':
--   Found 34647 reads.
--   Found 482005939 bases (200 times coverage).
--    Histogram of raw reads:
--    
--    G=482005939                        sum of  ||               length     num
--    NG         length     index       lengths  ||                range    seqs
--    ----- ------------ --------- ------------  ||  ------------------- -------
--    00010        38441      1092     48216000  ||       1000-2818         5052|---------------------------------------------------------------
--    00020        33586      2435     96426483  ||       2819-4637         2978|--------------------------------------
--    00030        28787      3984    144621980  ||       4638-6456         2453|-------------------------------
--    00040        24507      5799    192816240  ||       6457-8275         2345|------------------------------
--    00050        20712      7941    241019342  ||       8276-10094        2467|-------------------------------
--    00060        17420     10478    289213470  ||      10095-11913        2615|---------------------------------
--    00070        14412     13519    337411426  ||      11914-13732        2369|------------------------------
--    00080        11566     17241    385606434  ||      13733-15551        2103|---------------------------
--    00090         8004     22139    433811167  ||      15552-17370        1749|----------------------
--    00100         1000     34646    482005939  ||      17371-19189        1460|-------------------
--    001.000x               34647    482005939  ||      19190-21008        1302|-----------------
--                                               ||      21009-22827        1083|--------------
--                                               ||      22828-24646         945|------------
--                                               ||      24647-26465         821|-----------
--                                               ||      26466-28284         725|----------
--                                               ||      28285-30103         644|---------
--                                               ||      30104-31922         603|--------
--                                               ||      31923-33741         547|-------
--                                               ||      33742-35560         526|-------
--                                               ||      35561-37379         525|-------
--                                               ||      37380-39198         386|-----
--                                               ||      39199-41017         247|----
--                                               ||      41018-42836         176|---
--                                               ||      42837-44655         146|--
--                                               ||      44656-46474         114|--
--                                               ||      46475-48293          79|-
--                                               ||      48294-50112          51|-
--                                               ||      50113-51931          40|-
--                                               ||      51932-53750          24|-
--                                               ||      53751-55569          20|-
--                                               ||      55570-57388          19|-
--                                               ||      57389-59207          10|-
--                                               ||      59208-61026           6|-
--                                               ||      61027-62845           6|-
--                                               ||      62846-64664           3|-
--                                               ||      64665-66483           0|
--                                               ||      66484-68302           2|-
--                                               ||      68303-70121           2|-
--                                               ||      70122-71940           1|-
--                                               ||      71941-73759           0|
--                                               ||      73760-75578           0|
--                                               ||      75579-77397           0|
--                                               ||      77398-79216           1|-
--                                               ||      79217-81035           1|-
--                                               ||      81036-82854           0|
--                                               ||      82855-84673           0|
--                                               ||      84674-86492           0|
--                                               ||      86493-88311           0|
--                                               ||      88312-90130           0|
--                                               ||      90131-91949           1|-
--    
----------------------------------------
-- Starting command on Fri Apr  1 14:38:36 2022 with 16081.412 GB free disk space

    cd correction/0-mercounts
    ./meryl-configure.sh \
    > ./meryl-configure.err 2>&1

-- Finished on Fri Apr  1 14:38:37 2022 (one second) with 16081.411 GB free disk space
----------------------------------------
--  segments   memory batches
--  -------- -------- -------
--        01  1.24 GB       2
--        02  0.62 GB       2
--        04  0.32 GB       2
--
--  For 34647 reads with 482005939 bases, limit to 4 batches.
--  Will count kmers using 01 jobs, each using 3 GB and 4 threads.
--
-- Finished stage 'merylConfigure', reset canuIteration.
--
-- Running jobs.  First attempt out of 2.
----------------------------------------
-- Starting 'meryl' concurrent execution on Fri Apr  1 14:38:37 2022 with 16081.411 GB free disk space (1 processes; 1 concurrently)

    cd correction/0-mercounts
    ./meryl-count.sh 1 > ./meryl-count.000001.out 2>&1

-- Finished on Fri Apr  1 14:40:07 2022 (90 seconds) with 16079.474 GB free disk space
----------------------------------------
-- Found 1 Kmer counting (meryl) outputs.
-- Finished stage 'cor-merylCountCheck', reset canuIteration.
--
-- Running jobs.  First attempt out of 2.
----------------------------------------
-- Starting 'meryl' concurrent execution on Fri Apr  1 14:40:07 2022 with 16079.474 GB free disk space (1 processes; 1 concurrently)

    cd correction/0-mercounts
    ./meryl-process.sh 1 > ./meryl-process.000001.out 2>&1

-- Finished on Fri Apr  1 14:40:25 2022 (18 seconds) with 16079.083 GB free disk space
----------------------------------------
-- Meryl finished successfully.  Kmer frequency histogram:
--
--  16-mers                                                                                           Fraction
--    Occurrences   NumMers                                                                         Unique Total
--       1-     1         0                                                                        0.0000 0.0000
--       2-     2  41101882 ********************************************************************** 0.6548 0.3716
--       3-     4  14582843 ************************                                               0.8224 0.5142
--       5-     7   3542601 ******                                                                 0.9180 0.6315
--       8-    11    801361 *                                                                      0.9491 0.6900
--      12-    16    510256                                                                        0.9578 0.7151
--      17-    22   1008116 *                                                                      0.9668 0.7540
--      23-    29    881785 *                                                                      0.9833 0.8500
--      30-    37    269287                                                                        0.9956 0.9429
--      38-    46     43959                                                                        0.9991 0.9752
--      47-    56     10800                                                                        0.9996 0.9819
--      57-    67      4061                                                                        0.9998 0.9841
--      68-    79      2141                                                                        0.9998 0.9852
--      80-    92      1221                                                                        0.9999 0.9859
--      93-   106       971                                                                        0.9999 0.9863
--     107-   121      1000                                                                        0.9999 0.9868
--     122-   137      1229                                                                        0.9999 0.9873
--     138-   154       994                                                                        0.9999 0.9880
--     155-   172       646                                                                        0.9999 0.9887
--     173-   191       392                                                                        1.0000 0.9891
--     192-   211       273                                                                        1.0000 0.9894
--     212-   232       161                                                                        1.0000 0.9897
--     233-   254       149                                                                        1.0000 0.9898
--     255-   277       147                                                                        1.0000 0.9900
--     278-   301       144                                                                        1.0000 0.9902
--     302-   326       158                                                                        1.0000 0.9904
--     327-   352       119                                                                        1.0000 0.9906
--     353-   379       105                                                                        1.0000 0.9908
--     380-   407        99                                                                        1.0000 0.9909
--     408-   436       109                                                                        1.0000 0.9911
--     437-   466        73                                                                        1.0000 0.9913
--     467-   497        64                                                                        1.0000 0.9915
--     498-   529        93                                                                        1.0000 0.9916
--     530-   562        72                                                                        1.0000 0.9918
--     563-   596        40                                                                        1.0000 0.9920
--     597-   631        20                                                                        1.0000 0.9921
--     632-   667        16                                                                        1.0000 0.9922
--     668-   704         6                                                                        1.0000 0.9922
--     705-   742         9                                                                        1.0000 0.9922
--     743-   781         5                                                                        1.0000 0.9923
--     782-   821         9                                                                        1.0000 0.9923
--
--           0 (max occurrences)
--   221226825 (total mers, non-unique)
--    62767706 (distinct mers, non-unique)
--           0 (unique mers)
-- Finished stage 'meryl-process', reset canuIteration.
--
-- Removing meryl database 'correction/0-mercounts/assembled_L.ferri_1_4.ms16'.
--
-- OVERLAPPER (mhap) (correction)
--
-- Set corMhapSensitivity=low based on read coverage of 200.
--
-- PARAMETERS: hashes=256, minMatches=3, threshold=0.8
--
-- Given 5.4 GB, can fit 16200 reads per block.
-- For 15 blocks, set stride to 2 blocks.
-- Logging partitioning to 'correction/1-overlapper/partitioning.log'.
-- Configured 14 mhap precompute jobs.
-- Configured 50 mhap overlap jobs.
-- Finished stage 'cor-mhapConfigure', reset canuIteration.
--
-- Running jobs.  First attempt out of 2.
----------------------------------------
-- Starting 'cormhap' concurrent execution on Fri Apr  1 14:40:25 2022 with 16079.066 GB free disk space (14 processes; 1 concurrently)

    cd correction/1-overlapper
    ./precompute.sh 1 > ./precompute.000001.out 2>&1
    ./precompute.sh 2 > ./precompute.000002.out 2>&1
    ./precompute.sh 3 > ./precompute.000003.out 2>&1
    ./precompute.sh 4 > ./precompute.000004.out 2>&1
    ./precompute.sh 5 > ./precompute.000005.out 2>&1
    ./precompute.sh 6 > ./precompute.000006.out 2>&1
    ./precompute.sh 7 > ./precompute.000007.out 2>&1
    ./precompute.sh 8 > ./precompute.000008.out 2>&1
    ./precompute.sh 9 > ./precompute.000009.out 2>&1
    ./precompute.sh 10 > ./precompute.000010.out 2>&1
    ./precompute.sh 11 > ./precompute.000011.out 2>&1
    ./precompute.sh 12 > ./precompute.000012.out 2>&1
    ./precompute.sh 13 > ./precompute.000013.out 2>&1
    ./precompute.sh 14 > ./precompute.000014.out 2>&1

-- Finished on Fri Apr  1 15:19:19 2022 (2334 seconds) with 16074.558 GB free disk space
----------------------------------------
-- All 14 mhap precompute jobs finished successfully.
-- Finished stage 'cor-mhapPrecomputeCheck', reset canuIteration.
--
-- Running jobs.  First attempt out of 2.
----------------------------------------
-- Starting 'cormhap' concurrent execution on Fri Apr  1 15:19:19 2022 with 16074.558 GB free disk space (50 processes; 1 concurrently)

    cd correction/1-overlapper
    ./mhap.sh 1 > ./mhap.000001.out 2>&1
    ./mhap.sh 2 > ./mhap.000002.out 2>&1
    ./mhap.sh 3 > ./mhap.000003.out 2>&1
    ./mhap.sh 4 > ./mhap.000004.out 2>&1
    ./mhap.sh 5 > ./mhap.000005.out 2>&1
    ./mhap.sh 6 > ./mhap.000006.out 2>&1
    ./mhap.sh 7 > ./mhap.000007.out 2>&1
    ./mhap.sh 8 > ./mhap.000008.out 2>&1
    ./mhap.sh 9 > ./mhap.000009.out 2>&1
    ./mhap.sh 10 > ./mhap.000010.out 2>&1
    ./mhap.sh 11 > ./mhap.000011.out 2>&1
    ./mhap.sh 12 > ./mhap.000012.out 2>&1
    ./mhap.sh 13 > ./mhap.000013.out 2>&1
    ./mhap.sh 14 > ./mhap.000014.out 2>&1
    ./mhap.sh 15 > ./mhap.000015.out 2>&1
    ./mhap.sh 16 > ./mhap.000016.out 2>&1
    ./mhap.sh 17 > ./mhap.000017.out 2>&1
    ./mhap.sh 18 > ./mhap.000018.out 2>&1
    ./mhap.sh 19 > ./mhap.000019.out 2>&1
    ./mhap.sh 20 > ./mhap.000020.out 2>&1
    ./mhap.sh 21 > ./mhap.000021.out 2>&1
    ./mhap.sh 22 > ./mhap.000022.out 2>&1
    ./mhap.sh 23 > ./mhap.000023.out 2>&1
    ./mhap.sh 24 > ./mhap.000024.out 2>&1
    ./mhap.sh 25 > ./mhap.000025.out 2>&1
    ./mhap.sh 26 > ./mhap.000026.out 2>&1
    ./mhap.sh 27 > ./mhap.000027.out 2>&1
    ./mhap.sh 28 > ./mhap.000028.out 2>&1
    ./mhap.sh 29 > ./mhap.000029.out 2>&1
    ./mhap.sh 30 > ./mhap.000030.out 2>&1
    ./mhap.sh 31 > ./mhap.000031.out 2>&1
    ./mhap.sh 32 > ./mhap.000032.out 2>&1
    ./mhap.sh 33 > ./mhap.000033.out 2>&1
    ./mhap.sh 34 > ./mhap.000034.out 2>&1
    ./mhap.sh 35 > ./mhap.000035.out 2>&1
    ./mhap.sh 36 > ./mhap.000036.out 2>&1
    ./mhap.sh 37 > ./mhap.000037.out 2>&1
    ./mhap.sh 38 > ./mhap.000038.out 2>&1
    ./mhap.sh 39 > ./mhap.000039.out 2>&1
    ./mhap.sh 40 > ./mhap.000040.out 2>&1
    ./mhap.sh 41 > ./mhap.000041.out 2>&1
    ./mhap.sh 42 > ./mhap.000042.out 2>&1
    ./mhap.sh 43 > ./mhap.000043.out 2>&1
    ./mhap.sh 44 > ./mhap.000044.out 2>&1
    ./mhap.sh 45 > ./mhap.000045.out 2>&1
    ./mhap.sh 46 > ./mhap.000046.out 2>&1
    ./mhap.sh 47 > ./mhap.000047.out 2>&1
    ./mhap.sh 48 > ./mhap.000048.out 2>&1
    ./mhap.sh 49 > ./mhap.000049.out 2>&1
    ./mhap.sh 50 > ./mhap.000050.out 2>&1

-- Finished on Fri Apr  1 15:22:12 2022 (173 seconds) with 16072.023 GB free disk space
----------------------------------------
-- Found 50 mhap overlap output files.
-- Finished stage 'cor-mhapCheck', reset canuIteration.
----------------------------------------
-- Starting command on Fri Apr  1 15:22:12 2022 with 16072.023 GB free disk space

    cd correction
    /sw/bioinfo/canu/2.2/rackham/bin/ovStoreConfig \
     -S ../assembled_L.ferri_1_4.seqStore \
     -M 4-8 \
     -L ./1-overlapper/ovljob.files \
     -create ./assembled_L.ferri_1_4.ovlStore.config \
     > ./assembled_L.ferri_1_4.ovlStore.config.txt \
    2> ./assembled_L.ferri_1_4.ovlStore.config.err

-- Finished on Fri Apr  1 15:22:12 2022 (like a bat out of hell) with 16072.022 GB free disk space
----------------------------------------
--
-- Creating overlap store correction/assembled_L.ferri_1_4.ovlStore using:
--      2 buckets
--      2 slices
--        using at most 1 GB memory each
-- Finished stage 'cor-overlapStoreConfigure', reset canuIteration.
--
-- Running jobs.  First attempt out of 2.
----------------------------------------
-- Starting 'ovB' concurrent execution on Fri Apr  1 15:22:12 2022 with 16072.022 GB free disk space (2 processes; 4 concurrently)

    cd correction/assembled_L.ferri_1_4.ovlStore.BUILDING
    ./scripts/1-bucketize.sh 1 > ./logs/1-bucketize.000001.out 2>&1
    ./scripts/1-bucketize.sh 2 > ./logs/1-bucketize.000002.out 2>&1

-- Finished on Fri Apr  1 15:22:13 2022 (one second) with 16071.994 GB free disk space
----------------------------------------
-- Overlap store bucketizer finished.
-- Finished stage 'cor-overlapStoreBucketizerCheck', reset canuIteration.
--
-- Running jobs.  First attempt out of 2.
----------------------------------------
-- Starting 'ovS' concurrent execution on Fri Apr  1 15:22:13 2022 with 16071.994 GB free disk space (2 processes; 4 concurrently)

    cd correction/assembled_L.ferri_1_4.ovlStore.BUILDING
    ./scripts/2-sort.sh 1 > ./logs/2-sort.000001.out 2>&1
    ./scripts/2-sort.sh 2 > ./logs/2-sort.000002.out 2>&1

-- Finished on Fri Apr  1 15:22:14 2022 (one second) with 16071.942 GB free disk space
----------------------------------------
-- Overlap store sorter finished.
-- Finished stage 'cor-overlapStoreSorterCheck', reset canuIteration.
----------------------------------------
-- Starting command on Fri Apr  1 15:22:14 2022 with 16071.942 GB free disk space

    cd correction
    /sw/bioinfo/canu/2.2/rackham/bin/ovStoreIndexer \
      -O  ./assembled_L.ferri_1_4.ovlStore.BUILDING \
      -S ../assembled_L.ferri_1_4.seqStore \
      -C  ./assembled_L.ferri_1_4.ovlStore.config \
      -delete \
    > ./assembled_L.ferri_1_4.ovlStore.BUILDING.index.err 2>&1

-- Finished on Fri Apr  1 15:22:14 2022 (furiously fast) with 16071.924 GB free disk space
----------------------------------------
-- Overlap store indexer finished.
-- Checking store.
----------------------------------------
-- Starting command on Fri Apr  1 15:22:14 2022 with 16071.924 GB free disk space

    cd correction
    /sw/bioinfo/canu/2.2/rackham/bin/ovStoreDump \
     -S ../assembled_L.ferri_1_4.seqStore \
     -O  ./assembled_L.ferri_1_4.ovlStore \
     -counts \
     > ./assembled_L.ferri_1_4.ovlStore/counts.dat 2> ./assembled_L.ferri_1_4.ovlStore/counts.err

-- Finished on Fri Apr  1 15:22:15 2022 (one second) with 16071.923 GB free disk space
----------------------------------------
--
-- Overlap store 'correction/assembled_L.ferri_1_4.ovlStore' successfully constructed.
-- Found 1549928 overlaps for 23866 reads; 191410 reads have no overlaps.
--
--
-- Purged 0.64 GB in 114 overlap output files.
-- Finished stage 'cor-createOverlapStore', reset canuIteration.
-- Set corMinCoverage=4 based on read coverage of 200.
-- Computing correction layouts.
--   Local  filter coverage   80
--   Global filter coverage   40
----------------------------------------
-- Starting command on Fri Apr  1 15:22:15 2022 with 16071.919 GB free disk space

    cd correction
    /sw/bioinfo/canu/2.2/rackham/bin/generateCorrectionLayouts \
      -S ../assembled_L.ferri_1_4.seqStore \
      -O  ./assembled_L.ferri_1_4.ovlStore \
      -C  ./assembled_L.ferri_1_4.corStore.WORKING \
      -eC 80 \
      -xC 40 \
    > ./assembled_L.ferri_1_4.corStore.err 2>&1

-- Finished on Fri Apr  1 15:22:16 2022 (one second) with 16071.883 GB free disk space
----------------------------------------
-- Finished stage 'cor-buildCorrectionLayoutsConfigure', reset canuIteration.
-- Computing correction layouts.
----------------------------------------
-- Starting command on Fri Apr  1 15:22:16 2022 with 16071.883 GB free disk space

    cd correction/2-correction
    /sw/bioinfo/canu/2.2/rackham/bin/filterCorrectionLayouts \
      -S  ../../assembled_L.ferri_1_4.seqStore \
      -C     ../assembled_L.ferri_1_4.corStore \
      -R      ./assembled_L.ferri_1_4.readsToCorrect.WORKING \
      -cc 4 \
      -cl 1000 \
      -g  2410000 \
      -c  40 \
    > ./assembled_L.ferri_1_4.readsToCorrect.err 2>&1

-- Finished on Fri Apr  1 15:22:16 2022 (lickety-split) with 16071.868 GB free disk space
----------------------------------------
--                             original      original
--                            raw reads     raw reads
--   category                w/overlaps  w/o/overlaps
--   -------------------- ------------- -------------
--   Number of Reads              21361        193915
--   Number of Bases          349763188      32611587
--   Coverage                   145.130        13.532
--   Median                       13803             0
--   Mean                         16373           168
--   N50                          21859         20341
--   Minimum                       1002             0
--   Maximum                      62769         64169
--   
--                                        --------corrected---------  ----------rescued----------
--                             evidence                     expected                     expected
--   category                     reads            raw     corrected            raw     corrected
--   -------------------- -------------  ------------- -------------  ------------- -------------
--   Number of Reads              20000           3698          3698            632           632
--   Number of Bases          346938019      110405048      96409680        4657679       2054061
--   Coverage                   143.958         45.811        40.004          1.933         0.852
--   Median                       14642          29550         24955           4739          2139
--   Mean                         17346          29855         26070           7369          3250
--   N50                          22341          32022         26720          12568          4834
--   Minimum                       1004          18437         18403           1030          1003
--   Maximum                      64169          52323         43172          42581         16426
--   
--                        --------uncorrected--------
--                                           expected
--   category                       raw     corrected
--   -------------------- ------------- -------------
--   Number of Reads             210946        210946
--   Number of Bases          267312048     122802727
--   Coverage                   110.918        50.955
--   Median                           0             0
--   Mean                          1267           582
--   N50                          17031         11807
--   Minimum                          0             0
--   Maximum                      64169         43211
--   
--   Maximum Memory          1100268944
-- Finished stage 'cor-filterCorrectionLayouts', reset canuIteration.
--
-- Correction jobs estimated to need at most 1.024 GB for computation.
-- Correction jobs will request 6 GB each.
--
-- Local: cor        6.000 GB    4 CPUs x   1 job      6.000 GB   4 CPUs  (read correction)
--
--
-- Configuring correction jobs:
--   Reads estimated to need at most 1.024 GB for computation.
--   Jobs will request 6 GB each.
----------------------------------------
-- Starting command on Fri Apr  1 15:22:16 2022 with 16071.868 GB free disk space

    cd correction/2-correction
    ./correctReadsPartition.sh \
    > ./correctReadsPartition.err 2>&1

-- Finished on Fri Apr  1 15:22:17 2022 (one second) with 16071.868 GB free disk space
----------------------------------------
-- Finished stage 'cor-generateCorrectedReadsConfigure', reset canuIteration.
--
-- Running jobs.  First attempt out of 2.
----------------------------------------
-- Starting 'cor' concurrent execution on Fri Apr  1 15:22:17 2022 with 16071.868 GB free disk space (1 processes; 1 concurrently)

    cd correction/2-correction
    ./correctReads.sh 1 > ./correctReads.000001.out 2>&1

-- Finished on Fri Apr  1 15:47:41 2022 (1524 seconds) with 16066.459 GB free disk space
----------------------------------------
-- Found 1 read correction output files.
-- Finished stage 'cor-generateCorrectedReadsCheck', reset canuIteration.
-- Found 1 read correction output files.
-- Finished stage 'cor-generateCorrectedReadsCheck', reset canuIteration.
--
-- Loading corrected reads into corStore and seqStore.
----------------------------------------
-- Starting command on Fri Apr  1 15:47:41 2022 with 16066.459 GB free disk space

    cd correction
    /sw/bioinfo/canu/2.2/rackham/bin/loadCorrectedReads \
      -S ../assembled_L.ferri_1_4.seqStore \
      -C ./assembled_L.ferri_1_4.corStore \
      -L ./2-correction/corjob.files \
    >  ./assembled_L.ferri_1_4.loadCorrectedReads.log \
    2> ./assembled_L.ferri_1_4.loadCorrectedReads.err

-- Finished on Fri Apr  1 15:47:43 2022 (2 seconds) with 16066.392 GB free disk space
----------------------------------------
--
-- In sequence store './assembled_L.ferri_1_4.seqStore':
--   Found 3652 reads.
--   Found 74668882 bases (30.98 times coverage).
--    Histogram of corrected reads:
--    
--    G=74668882                         sum of  ||               length     num
--    NG         length     index       lengths  ||                range    seqs
--    ----- ------------ --------- ------------  ||  ------------------- -------
--    00010        33104       209      7489516  ||       1007-1828           32|----------
--    00020        29773       446     14935819  ||       1829-2650            6|--
--    00030        26739       712     22422662  ||       2651-3472            9|---
--    00040        24274      1005     29887587  ||       3473-4294            5|--
--    00050        22384      1325     37340590  ||       4295-5116           13|----
--    00060        20767      1672     44807971  ||       5117-5938           16|-----
--    00070        19235      2045     52274540  ||       5939-6760           16|-----
--    00080        17732      2449     59745477  ||       6761-7582           20|------
--    00090        14087      2916     67210010  ||       7583-8404           27|--------
--    00100         1007      3651     74668882  ||       8405-9226           51|---------------
--    001.000x                3652     74668882  ||       9227-10048          87|-------------------------
--                                               ||      10049-10870          83|------------------------
--                                               ||      10871-11692         106|-------------------------------
--                                               ||      11693-12514         100|-----------------------------
--                                               ||      12515-13336          84|------------------------
--                                               ||      13337-14158          88|--------------------------
--                                               ||      14159-14980          98|----------------------------
--                                               ||      14981-15802         103|------------------------------
--                                               ||      15803-16624         100|-----------------------------
--                                               ||      16625-17446         109|--------------------------------
--                                               ||      17447-18268         196|--------------------------------------------------------
--                                               ||      18269-19090         221|---------------------------------------------------------------
--                                               ||      19091-19912         196|--------------------------------------------------------
--                                               ||      19913-20734         205|-----------------------------------------------------------
--                                               ||      20735-21556         201|----------------------------------------------------------
--                                               ||      21557-22378         151|--------------------------------------------
--                                               ||      22379-23200         146|------------------------------------------
--                                               ||      23201-24022         136|---------------------------------------
--                                               ||      24023-24844         109|--------------------------------
--                                               ||      24845-25666         101|-----------------------------
--                                               ||      25667-26488         102|------------------------------
--                                               ||      26489-27310          72|---------------------
--                                               ||      27311-28132          88|--------------------------
--                                               ||      28133-28954          76|----------------------
--                                               ||      28955-29776          53|----------------
--                                               ||      29777-30598          62|------------------
--                                               ||      30599-31420          56|----------------
--                                               ||      31421-32242          58|-----------------
--                                               ||      32243-33064          57|-----------------
--                                               ||      33065-33886          39|------------
--                                               ||      33887-34708          39|------------
--                                               ||      34709-35530          33|----------
--                                               ||      35531-36352          36|-----------
--                                               ||      36353-37174          30|---------
--                                               ||      37175-37996          13|----
--                                               ||      37997-38818          11|----
--                                               ||      38819-39640           6|--
--                                               ||      39641-40462           2|-
--                                               ||      40463-41284           2|-
--                                               ||      41285-42106           2|-
--    
--
-- Purging correctReads output after loading into stores.
-- Purged 1 .cns outputs.
-- Purged 2 .out job log outputs.
--
-- No corrected reads generated, overlaps used for correction saved.
-- Finished stage 'cor-loadCorrectedReads', reset canuIteration.
----------------------------------------
-- Starting command on Fri Apr  1 15:47:44 2022 with 16066.392 GB free disk space

    cd .
    /sw/bioinfo/canu/2.2/rackham/bin/sqStoreDumpFASTQ \
      -corrected \
      -S ./assembled_L.ferri_1_4.seqStore \
      -o ./assembled_L.ferri_1_4.correctedReads.gz \
      -fasta \
      -nolibname \
    > assembled_L.ferri_1_4.correctedReads.fasta.err 2>&1

-- Finished on Fri Apr  1 15:47:46 2022 (2 seconds) with 16066.368 GB free disk space
----------------------------------------
--
-- Corrected reads saved in 'assembled_L.ferri_1_4.correctedReads.fasta.gz'.
-- Finished stage 'cor-dumpCorrectedReads', reset canuIteration.
--
-- BEGIN TRIMMING
----------------------------------------
-- Starting command on Fri Apr  1 15:47:46 2022 with 16066.368 GB free disk space

    cd trimming/0-mercounts
    ./meryl-configure.sh \
    > ./meryl-configure.err 2>&1

-- Finished on Fri Apr  1 15:47:46 2022 (lickety-split) with 16066.367 GB free disk space
----------------------------------------
--  segments   memory batches
--  -------- -------- -------
--        01  0.30 GB       2
--
--  For 3652 reads with 74668882 bases, limit to 1 batch.
--  Will count kmers using 01 jobs, each using 2 GB and 4 threads.
--
-- Finished stage 'merylConfigure', reset canuIteration.
--
-- Running jobs.  First attempt out of 2.
----------------------------------------
-- Starting 'meryl' concurrent execution on Fri Apr  1 15:47:46 2022 with 16066.367 GB free disk space (1 processes; 1 concurrently)

    cd trimming/0-mercounts
    ./meryl-count.sh 1 > ./meryl-count.000001.out 2>&1

-- Finished on Fri Apr  1 15:47:55 2022 (9 seconds) with 16066.318 GB free disk space
----------------------------------------
-- Found 1 Kmer counting (meryl) outputs.
-- Finished stage 'obt-merylCountCheck', reset canuIteration.
--
-- Running jobs.  First attempt out of 2.
----------------------------------------
-- Starting 'meryl' concurrent execution on Fri Apr  1 15:47:55 2022 with 16066.318 GB free disk space (1 processes; 1 concurrently)

    cd trimming/0-mercounts
    ./meryl-process.sh 1 > ./meryl-process.000001.out 2>&1

-- Finished on Fri Apr  1 15:47:57 2022 (2 seconds) with 16066.294 GB free disk space
----------------------------------------
-- Meryl finished successfully.  Kmer frequency histogram:
--
--  22-mers                                                                                           Fraction
--    Occurrences   NumMers                                                                         Unique Total
--       1-     1         0                                                                        0.0000 0.0000
--       2-     2    393544 *******************************                                        0.1230 0.0111
--       3-     4    188907 **************                                                         0.1640 0.0167
--       5-     7     60529 ****                                                                   0.1915 0.0221
--       8-    11     39992 ***                                                                    0.2037 0.0258
--      12-    16    153223 ************                                                           0.2181 0.0328
--      17-    22    600136 ***********************************************                        0.2792 0.0756
--      23-    29    885279 ********************************************************************** 0.4953 0.2802
--      30-    37    669819 ****************************************************                   0.7613 0.6036
--      38-    46    183313 **************                                                         0.9490 0.8906
--      47-    56     17867 *                                                                      0.9940 0.9748
--      57-    67      1632                                                                        0.9982 0.9842
--      68-    79       476                                                                        0.9987 0.9857
--      80-    92      1238                                                                        0.9988 0.9861
--      93-   106       308                                                                        0.9992 0.9877
--     107-   121       173                                                                        0.9993 0.9881
--     122-   137        20                                                                        0.9993 0.9884
--     138-   154        21                                                                        0.9993 0.9884
--     155-   172        33                                                                        0.9993 0.9884
--     173-   191         5                                                                        0.9994 0.9885
--     192-   211         2                                                                        0.9994 0.9885
--     212-   232        30                                                                        0.9994 0.9885
--     233-   254        11                                                                        0.9994 0.9886
--     255-   277        13                                                                        0.9994 0.9887
--     278-   301        29                                                                        0.9994 0.9887
--     302-   326        93                                                                        0.9994 0.9888
--     327-   352       491                                                                        0.9994 0.9893
--     353-   379      1349                                                                        0.9996 0.9919
--     380-   407        24                                                                        1.0000 0.9986
--     408-   436         0                                                                        0.0000 0.0000
--     437-   466         0                                                                        0.0000 0.0000
--     467-   497         0                                                                        0.0000 0.0000
--     498-   529        10                                                                        1.0000 0.9987
--     530-   562        12                                                                        1.0000 0.9988
--
--           0 (max occurrences)
--    70639664 (total mers, non-unique)
--     3198581 (distinct mers, non-unique)
--           0 (unique mers)
-- Finished stage 'meryl-process', reset canuIteration.
--
-- Removing meryl database 'trimming/0-mercounts/assembled_L.ferri_1_4.ms22'.
--
-- OVERLAPPER (normal) (trimming) erate=0.045
--
----------------------------------------
-- Starting command on Fri Apr  1 15:47:58 2022 with 16066.294 GB free disk space

    cd trimming/1-overlapper
    /sw/bioinfo/canu/2.2/rackham/bin/overlapInCorePartition \
     -S  ../../assembled_L.ferri_1_4.seqStore \
     -hl 80000000 \
     -rl 1000000000 \
     -ol 500 \
     -o  ./assembled_L.ferri_1_4.partition \
    > ./assembled_L.ferri_1_4.partition.err 2>&1

-- Finished on Fri Apr  1 15:47:58 2022 (furiously fast) with 16066.294 GB free disk space
----------------------------------------
--
-- Configured 1 overlapInCore jobs.
-- Finished stage 'obt-overlapConfigure', reset canuIteration.
--
-- Running jobs.  First attempt out of 2.
----------------------------------------
-- Starting 'obtovl' concurrent execution on Fri Apr  1 15:47:58 2022 with 16066.294 GB free disk space (1 processes; 1 concurrently)

    cd trimming/1-overlapper
    ./overlap.sh 1 > ./overlap.000001.out 2>&1

-- Finished on Fri Apr  1 15:53:55 2022 (357 seconds) with 16065.617 GB free disk space
----------------------------------------
-- Found 1 overlapInCore output files.
--
-- overlapInCore compute 'trimming/1-overlapper':
--   kmer hits
--     with no overlap            80851       80851 +- 0
--     with an overlap           128833      128833 +- 0
--
--   overlaps                    128831      128831 +- 0
--     contained                      0           0 +- 0
--     dovetail                       0           0 +- 0
--
--   overlaps rejected
--     multiple per pair              0           0 +- 0
--     bad short window               0           0 +- 0
--     bad long window                0           0 +- 0
-- Finished stage 'obt-overlapCheck', reset canuIteration.
----------------------------------------
-- Starting command on Fri Apr  1 15:53:55 2022 with 16065.617 GB free disk space

    cd trimming
    /sw/bioinfo/canu/2.2/rackham/bin/ovStoreConfig \
     -S ../assembled_L.ferri_1_4.seqStore \
     -M 3 \
     -L ./1-overlapper/ovljob.files \
     -create ./assembled_L.ferri_1_4.ovlStore.config \
     > ./assembled_L.ferri_1_4.ovlStore.config.txt \
    2> ./assembled_L.ferri_1_4.ovlStore.config.err

-- Finished on Fri Apr  1 15:53:55 2022 (in the blink of an eye) with 16065.616 GB free disk space
----------------------------------------
--
-- Creating overlap store trimming/assembled_L.ferri_1_4.ovlStore using:
--      1 bucket
--      2 slices
--        using at most 1 GB memory each
-- Finished stage 'obt-overlapStoreConfigure', reset canuIteration.
--
-- Running jobs.  First attempt out of 2.
----------------------------------------
-- Starting 'ovB' concurrent execution on Fri Apr  1 15:53:55 2022 with 16065.616 GB free disk space (1 processes; 4 concurrently)

    cd trimming/assembled_L.ferri_1_4.ovlStore.BUILDING
    ./scripts/1-bucketize.sh 1 > ./logs/1-bucketize.000001.out 2>&1

-- Finished on Fri Apr  1 15:53:55 2022 (lickety-split) with 16065.611 GB free disk space
----------------------------------------
-- Overlap store bucketizer finished.
-- Finished stage 'obt-overlapStoreBucketizerCheck', reset canuIteration.
--
-- Running jobs.  First attempt out of 2.
----------------------------------------
-- Starting 'ovS' concurrent execution on Fri Apr  1 15:53:55 2022 with 16065.611 GB free disk space (2 processes; 4 concurrently)

    cd trimming/assembled_L.ferri_1_4.ovlStore.BUILDING
    ./scripts/2-sort.sh 1 > ./logs/2-sort.000001.out 2>&1
    ./scripts/2-sort.sh 2 > ./logs/2-sort.000002.out 2>&1

-- Finished on Fri Apr  1 15:53:56 2022 (one second) with 16065.587 GB free disk space
----------------------------------------
-- Overlap store sorter finished.
-- Finished stage 'obt-overlapStoreSorterCheck', reset canuIteration.
----------------------------------------
-- Starting command on Fri Apr  1 15:53:56 2022 with 16065.587 GB free disk space

    cd trimming
    /sw/bioinfo/canu/2.2/rackham/bin/ovStoreIndexer \
      -O  ./assembled_L.ferri_1_4.ovlStore.BUILDING \
      -S ../assembled_L.ferri_1_4.seqStore \
      -C  ./assembled_L.ferri_1_4.ovlStore.config \
      -delete \
    > ./assembled_L.ferri_1_4.ovlStore.BUILDING.index.err 2>&1

-- Finished on Fri Apr  1 15:53:56 2022 (in the blink of an eye) with 16065.569 GB free disk space
----------------------------------------
-- Overlap store indexer finished.
-- Checking store.
----------------------------------------
-- Starting command on Fri Apr  1 15:53:56 2022 with 16065.569 GB free disk space

    cd trimming
    /sw/bioinfo/canu/2.2/rackham/bin/ovStoreDump \
     -S ../assembled_L.ferri_1_4.seqStore \
     -O  ./assembled_L.ferri_1_4.ovlStore \
     -counts \
     > ./assembled_L.ferri_1_4.ovlStore/counts.dat 2> ./assembled_L.ferri_1_4.ovlStore/counts.err

-- Finished on Fri Apr  1 15:53:56 2022 (like a bat out of hell) with 16065.567 GB free disk space
----------------------------------------
--
-- Overlap store 'trimming/assembled_L.ferri_1_4.ovlStore' successfully constructed.
-- Found 257666 overlaps for 3647 reads; 211629 reads have no overlaps.
--
--
-- Purged 0.003 GB in 3 overlap output files.
-- Finished stage 'obt-createOverlapStore', reset canuIteration.
----------------------------------------
-- Starting command on Fri Apr  1 15:53:57 2022 with 16065.564 GB free disk space

    cd trimming/3-overlapbasedtrimming
    /sw/bioinfo/canu/2.2/rackham/bin/trimReads \
      -S  ../../assembled_L.ferri_1_4.seqStore \
      -O  ../assembled_L.ferri_1_4.ovlStore \
      -Co ./assembled_L.ferri_1_4.1.trimReads.clear \
      -e  0.045 \
      -minlength 1000 \
      -ol 500 \
      -oc 2 \
      -o  ./assembled_L.ferri_1_4.1.trimReads \
    >     ./assembled_L.ferri_1_4.1.trimReads.err 2>&1

-- Finished on Fri Apr  1 15:53:59 2022 (2 seconds) with 16065.546 GB free disk space
----------------------------------------
--  PARAMETERS:
--  ----------
--     1000    (reads trimmed below this many bases are deleted)
--   0.0450    (use overlaps at or below this fraction error)
--      500    (break region if overlap is less than this long, for 'largest covered' algorithm)
--        2    (break region if overlap coverage is less than this many reads, for 'largest covered' algorithm)
--  
--  INPUT READS:
--  -----------
--  215276 reads     74668882 bases (reads processed)
--       0 reads            0 bases (reads not processed, previously deleted)
--       0 reads            0 bases (reads not processed, in a library where trimming isn't allowed)
--  
--  OUTPUT READS:
--  ------------
--    3321 reads     51750789 bases (trimmed reads output)
--     303 reads      5887359 bases (reads with no change, kept as is)
--  211629 reads        10944 bases (reads with no overlaps, deleted)
--      23 reads        72279 bases (reads with short trimmed length, deleted)
--  
--  TRIMMING DETAILS:
--  ----------------
--    2057 reads      4842902 bases (bases trimmed from the 5' end of a read)
--    2788 reads     12104609 bases (bases trimmed from the 3' end of a read)
-- Finished stage 'obt-trimReads', reset canuIteration.
----------------------------------------
-- Starting command on Fri Apr  1 15:53:59 2022 with 16065.546 GB free disk space

    cd trimming/3-overlapbasedtrimming
    /sw/bioinfo/canu/2.2/rackham/bin/splitReads \
      -S  ../../assembled_L.ferri_1_4.seqStore \
      -O  ../assembled_L.ferri_1_4.ovlStore \
      -Ci ./assembled_L.ferri_1_4.1.trimReads.clear \
      -Co ./assembled_L.ferri_1_4.2.splitReads.clear \
      -e  0.045 \
      -minlength 1000 \
      -o  ./assembled_L.ferri_1_4.2.splitReads \
    >     ./assembled_L.ferri_1_4.2.splitReads.err 2>&1

-- Finished on Fri Apr  1 15:54:00 2022 (one second) with 16065.544 GB free disk space
----------------------------------------
--  PARAMETERS:
--  ----------
--     1000    (reads trimmed below this many bases are deleted)
--   0.0450    (use overlaps at or below this fraction error)
--  INPUT READS:
--  -----------
--    3624 reads     74585659 bases (reads processed)
--  211652 reads        83223 bases (reads not processed, previously deleted)
--       0 reads            0 bases (reads not processed, in a library where trimming isn't allowed)
--  
--  PROCESSED:
--  --------
--       0 reads            0 bases (no overlaps)
--       0 reads            0 bases (no coverage after adjusting for trimming done already)
--       0 reads            0 bases (processed for chimera)
--       0 reads            0 bases (processed for spur)
--    3624 reads     74585659 bases (processed for subreads)
--  
--  READS WITH SIGNALS:
--  ------------------
--       0 reads            0 signals (number of 5' spur signal)
--       0 reads            0 signals (number of 3' spur signal)
--       0 reads            0 signals (number of chimera signal)
--      88 reads           88 signals (number of subread signal)
--  
--  SIGNALS:
--  -------
--       0 reads            0 bases (size of 5' spur signal)
--       0 reads            0 bases (size of 3' spur signal)
--       0 reads            0 bases (size of chimera signal)
--      88 reads        22064 bases (size of subread signal)
--  
--  TRIMMING:
--  --------
--      13 reads       177619 bases (trimmed from the 5' end of the read)
--      75 reads       871761 bases (trimmed from the 3' end of the read)
-- Finished stage 'obt-splitReads', reset canuIteration.
----------------------------------------
-- Starting command on Fri Apr  1 15:54:00 2022 with 16065.544 GB free disk space

    cd trimming/3-overlapbasedtrimming
    /sw/bioinfo/canu/2.2/rackham/bin/loadTrimmedReads \
      -S ../../assembled_L.ferri_1_4.seqStore \
      -c ./assembled_L.ferri_1_4.2.splitReads.clear \
    > ./assembled_L.ferri_1_4.loadTrimmedReads.err 2>&1

-- Finished on Fri Apr  1 15:54:00 2022 (lickety-split) with 16065.531 GB free disk space
----------------------------------------
--
-- In sequence store './assembled_L.ferri_1_4.seqStore':
--   Found 3624 reads.
--   Found 56588768 bases (23.48 times coverage).
--    Histogram of corrected-trimmed reads:
--    
--    G=56588768                         sum of  ||               length     num
--    NG         length     index       lengths  ||                range    seqs
--    ----- ------------ --------- ------------  ||  ------------------- -------
--    00010        24475       203      5666176  ||       1031-1798           18|------
--    00020        21789       450     11333710  ||       1799-2566           11|----
--    00030        20083       721     16988531  ||       2567-3334           11|----
--    00040        18883      1012     22645360  ||       3335-4102           12|----
--    00050        17664      1322     28305606  ||       4103-4870           12|----
--    00060        15916      1659     33961478  ||       4871-5638           24|-------
--    00070        14222      2035     39618965  ||       5639-6406           30|---------
--    00080        12526      2459     45275313  ||       6407-7174           42|-------------
--    00090        10744      2947     50939472  ||       7175-7942           50|---------------
--    00100         1031      3623     56588768  ||       7943-8710           67|--------------------
--    001.000x                3624     56588768  ||       8711-9478          106|-------------------------------
--                                               ||       9479-10246         159|----------------------------------------------
--                                               ||      10247-11014         206|------------------------------------------------------------
--                                               ||      11015-11782         219|---------------------------------------------------------------
--                                               ||      11783-12550         206|------------------------------------------------------------
--                                               ||      12551-13318         198|---------------------------------------------------------
--                                               ||      13319-14086         185|------------------------------------------------------
--                                               ||      14087-14854         179|----------------------------------------------------
--                                               ||      14855-15622         171|--------------------------------------------------
--                                               ||      15623-16390         159|----------------------------------------------
--                                               ||      16391-17158         136|----------------------------------------
--                                               ||      17159-17926         173|--------------------------------------------------
--                                               ||      17927-18694         192|--------------------------------------------------------
--                                               ||      18695-19462         193|--------------------------------------------------------
--                                               ||      19463-20230         170|-------------------------------------------------
--                                               ||      20231-20998         134|---------------------------------------
--                                               ||      20999-21766         107|-------------------------------
--                                               ||      21767-22534          88|--------------------------
--                                               ||      22535-23302          75|----------------------
--                                               ||      23303-24070          69|--------------------
--                                               ||      24071-24838          33|----------
--                                               ||      24839-25606          40|------------
--                                               ||      25607-26374          38|-----------
--                                               ||      26375-27142          15|-----
--                                               ||      27143-27910          19|------
--                                               ||      27911-28678          21|-------
--                                               ||      28679-29446          11|----
--                                               ||      29447-30214           8|---
--                                               ||      30215-30982           5|--
--                                               ||      30983-31750           8|---
--                                               ||      31751-32518           9|---
--                                               ||      32519-33286           2|-
--                                               ||      33287-34054           2|-
--                                               ||      34055-34822           1|-
--                                               ||      34823-35590           0|
--                                               ||      35591-36358           2|-
--                                               ||      36359-37126           4|--
--                                               ||      37127-37894           1|-
--                                               ||      37895-38662           1|-
--                                               ||      38663-39430           2|-
--    
--
-- No trimmed reads generated, overlaps used for trimming saved.
-- Finished stage 'obt-dumpReads', reset canuIteration.
----------------------------------------
-- Starting command on Fri Apr  1 15:54:00 2022 with 16065.531 GB free disk space

    cd .
    /sw/bioinfo/canu/2.2/rackham/bin/sqStoreDumpFASTQ \
      -trimmed \
      -S ./assembled_L.ferri_1_4.seqStore \
      -o ./assembled_L.ferri_1_4.trimmedReads.gz \
      -fasta \
      -trimmed -normal -nolibname \
    > ./assembled_L.ferri_1_4.trimmedReads.fasta.err 2>&1

-- Finished on Fri Apr  1 15:54:02 2022 (2 seconds) with 16065.513 GB free disk space
----------------------------------------
--
-- Trimmed reads saved in 'assembled_L.ferri_1_4.trimmedReads.fasta.gz'.
-- Finished stage 'cor-dumpTrimmedReads', reset canuIteration.
--
-- BEGIN ASSEMBLY
----------------------------------------
-- Starting command on Fri Apr  1 15:54:02 2022 with 16065.513 GB free disk space

    cd unitigging/0-mercounts
    ./meryl-configure.sh \
    > ./meryl-configure.err 2>&1

-- Finished on Fri Apr  1 15:54:02 2022 (in the blink of an eye) with 16065.513 GB free disk space
----------------------------------------
--  segments   memory batches
--  -------- -------- -------
--        01  0.23 GB       2
--
--  For 3624 reads with 56588768 bases, limit to 1 batch.
--  Will count kmers using 01 jobs, each using 2 GB and 4 threads.
--
-- Finished stage 'merylConfigure', reset canuIteration.
--
-- Running jobs.  First attempt out of 2.
----------------------------------------
-- Starting 'meryl' concurrent execution on Fri Apr  1 15:54:03 2022 with 16065.513 GB free disk space (1 processes; 1 concurrently)

    cd unitigging/0-mercounts
    ./meryl-count.sh 1 > ./meryl-count.000001.out 2>&1

-- Finished on Fri Apr  1 15:54:10 2022 (7 seconds) with 16065.504 GB free disk space
----------------------------------------
-- Found 1 Kmer counting (meryl) outputs.
-- Finished stage 'utg-merylCountCheck', reset canuIteration.
--
-- Running jobs.  First attempt out of 2.
----------------------------------------
-- Starting 'meryl' concurrent execution on Fri Apr  1 15:54:10 2022 with 16065.504 GB free disk space (1 processes; 1 concurrently)

    cd unitigging/0-mercounts
    ./meryl-process.sh 1 > ./meryl-process.000001.out 2>&1

-- Finished on Fri Apr  1 15:54:12 2022 (2 seconds) with 16065.483 GB free disk space
----------------------------------------
-- Meryl finished successfully.  Kmer frequency histogram:
--
--  22-mers                                                                                           Fraction
--    Occurrences   NumMers                                                                         Unique Total
--       1-     1         0                                                                        0.0000 0.0000
--       2-     2    224885 ***************                                                        0.0775 0.0083
--       3-     4    102364 ******                                                                 0.1017 0.0122
--       5-     7     45043 ***                                                                    0.1190 0.0162
--       8-    11     91713 ******                                                                 0.1333 0.0216
--      12-    16    476910 *******************************                                        0.1755 0.0461
--      17-    22   1046875 ********************************************************************** 0.3815 0.2159
--      23-    29    752088 **************************************************                     0.7391 0.6058
--      30-    37    151410 **********                                                             0.9597 0.9146
--      38-    46      5997                                                                        0.9969 0.9796
--      47-    56      1422                                                                        0.9982 0.9825
--      57-    67       971                                                                        0.9986 0.9837
--      68-    79       724                                                                        0.9990 0.9851
--      80-    92       143                                                                        0.9992 0.9857
--      93-   106         9                                                                        0.9993 0.9860
--     107-   121        23                                                                        0.9993 0.9860
--     122-   137         4                                                                        0.9993 0.9860
--     138-   154        24                                                                        0.9993 0.9860
--     155-   172        27                                                                        0.9993 0.9861
--     173-   191         2                                                                        0.9993 0.9862
--     192-   211         6                                                                        0.9993 0.9862
--     212-   232         0                                                                        0.0000 0.0000
--     233-   254         0                                                                        0.0000 0.0000
--     255-   277         6                                                                        0.9993 0.9862
--     278-   301        44                                                                        0.9993 0.9863
--     302-   326       135                                                                        0.9993 0.9865
--     327-   352       723                                                                        0.9994 0.9873
--     353-   379      1105                                                                        0.9996 0.9922
--
--           0 (max occurrences)
--    54365711 (total mers, non-unique)
--     2902654 (distinct mers, non-unique)
--           0 (unique mers)
-- Finished stage 'meryl-process', reset canuIteration.
--
-- Removing meryl database 'unitigging/0-mercounts/assembled_L.ferri_1_4.ms22'.
--
-- OVERLAPPER (normal) (assembly) erate=0.045
--
----------------------------------------
-- Starting command on Fri Apr  1 15:54:12 2022 with 16065.483 GB free disk space

    cd unitigging/1-overlapper
    /sw/bioinfo/canu/2.2/rackham/bin/overlapInCorePartition \
     -S  ../../assembled_L.ferri_1_4.seqStore \
     -hl 80000000 \
     -rl 1000000000 \
     -ol 500 \
     -o  ./assembled_L.ferri_1_4.partition \
    > ./assembled_L.ferri_1_4.partition.err 2>&1

-- Finished on Fri Apr  1 15:54:12 2022 (like a bat out of hell) with 16065.483 GB free disk space
----------------------------------------
--
-- Configured 1 overlapInCore jobs.
-- Finished stage 'utg-overlapConfigure', reset canuIteration.
--
-- Running jobs.  First attempt out of 2.
----------------------------------------
-- Starting 'utgovl' concurrent execution on Fri Apr  1 15:54:12 2022 with 16065.483 GB free disk space (1 processes; 1 concurrently)

    cd unitigging/1-overlapper
    ./overlap.sh 1 > ./overlap.000001.out 2>&1

-- Finished on Fri Apr  1 15:56:18 2022 (126 seconds) with 16065.409 GB free disk space
----------------------------------------
-- Found 1 overlapInCore output files.
--
-- overlapInCore compute 'unitigging/1-overlapper':
--   kmer hits
--     with no overlap            46748       46748 +- 0
--     with an overlap            77463       77463 +- 0
--
--   overlaps                     77463       77463 +- 0
--     contained                  15742       15742 +- 0
--     dovetail                   61721       61721 +- 0
--
--   overlaps rejected
--     multiple per pair              0           0 +- 0
--     bad short window               0           0 +- 0
--     bad long window                0           0 +- 0
-- Finished stage 'utg-overlapCheck', reset canuIteration.
----------------------------------------
-- Starting command on Fri Apr  1 15:56:18 2022 with 16065.409 GB free disk space

    cd unitigging
    /sw/bioinfo/canu/2.2/rackham/bin/ovStoreConfig \
     -S ../assembled_L.ferri_1_4.seqStore \
     -M 3 \
     -L ./1-overlapper/ovljob.files \
     -create ./assembled_L.ferri_1_4.ovlStore.config \
     > ./assembled_L.ferri_1_4.ovlStore.config.txt \
    2> ./assembled_L.ferri_1_4.ovlStore.config.err

-- Finished on Fri Apr  1 15:56:18 2022 (in the blink of an eye) with 16065.409 GB free disk space
----------------------------------------
--
-- Creating overlap store unitigging/assembled_L.ferri_1_4.ovlStore using:
--      1 bucket
--      2 slices
--        using at most 1 GB memory each
-- Finished stage 'utg-overlapStoreConfigure', reset canuIteration.
--
-- Running jobs.  First attempt out of 2.
----------------------------------------
-- Starting 'ovB' concurrent execution on Fri Apr  1 15:56:18 2022 with 16065.409 GB free disk space (1 processes; 4 concurrently)

    cd unitigging/assembled_L.ferri_1_4.ovlStore.BUILDING
    ./scripts/1-bucketize.sh 1 > ./logs/1-bucketize.000001.out 2>&1

-- Finished on Fri Apr  1 15:56:18 2022 (fast as lightning) with 16065.406 GB free disk space
----------------------------------------
-- Overlap store bucketizer finished.
-- Finished stage 'utg-overlapStoreBucketizerCheck', reset canuIteration.
--
-- Running jobs.  First attempt out of 2.
----------------------------------------
-- Starting 'ovS' concurrent execution on Fri Apr  1 15:56:18 2022 with 16065.406 GB free disk space (2 processes; 4 concurrently)

    cd unitigging/assembled_L.ferri_1_4.ovlStore.BUILDING
    ./scripts/2-sort.sh 1 > ./logs/2-sort.000001.out 2>&1
    ./scripts/2-sort.sh 2 > ./logs/2-sort.000002.out 2>&1

-- Finished on Fri Apr  1 15:56:19 2022 (one second) with 16065.38 GB free disk space
----------------------------------------
-- Overlap store sorter finished.
-- Finished stage 'utg-overlapStoreSorterCheck', reset canuIteration.
----------------------------------------
-- Starting command on Fri Apr  1 15:56:19 2022 with 16065.38 GB free disk space

    cd unitigging
    /sw/bioinfo/canu/2.2/rackham/bin/ovStoreIndexer \
      -O  ./assembled_L.ferri_1_4.ovlStore.BUILDING \
      -S ../assembled_L.ferri_1_4.seqStore \
      -C  ./assembled_L.ferri_1_4.ovlStore.config \
      -delete \
    > ./assembled_L.ferri_1_4.ovlStore.BUILDING.index.err 2>&1

-- Finished on Fri Apr  1 15:56:19 2022 (fast as lightning) with 16065.362 GB free disk space
----------------------------------------
-- Overlap store indexer finished.
-- Checking store.
----------------------------------------
-- Starting command on Fri Apr  1 15:56:19 2022 with 16065.362 GB free disk space

    cd unitigging
    /sw/bioinfo/canu/2.2/rackham/bin/ovStoreDump \
     -S ../assembled_L.ferri_1_4.seqStore \
     -O  ./assembled_L.ferri_1_4.ovlStore \
     -counts \
     > ./assembled_L.ferri_1_4.ovlStore/counts.dat 2> ./assembled_L.ferri_1_4.ovlStore/counts.err

-- Finished on Fri Apr  1 15:56:19 2022 (lickety-split) with 16065.361 GB free disk space
----------------------------------------
--
-- Overlap store 'unitigging/assembled_L.ferri_1_4.ovlStore' successfully constructed.
-- Found 154926 overlaps for 3624 reads; 211652 reads have no overlaps.
--
--
-- Purged 0.002 GB in 3 overlap output files.
----------------------------------------
-- Starting command on Fri Apr  1 15:56:20 2022 with 16065.36 GB free disk space

    cd unitigging
    /sw/bioinfo/canu/2.2/rackham/bin/ovStoreStats \
     -C 23.48 \
     -S ../assembled_L.ferri_1_4.seqStore \
     -O  ./assembled_L.ferri_1_4.ovlStore \
     -o  ./assembled_L.ferri_1_4.ovlStore \
     > ./assembled_L.ferri_1_4.ovlStore.summary.err 2>&1

-- Finished on Fri Apr  1 15:56:20 2022 (like a bat out of hell) with 16065.36 GB free disk space
----------------------------------------
--
-- Overlap store 'unitigging/assembled_L.ferri_1_4.ovlStore' contains:
--
--   category            reads     %          read length        feature size or coverage  analysis
--   ----------------  -------  -------  ----------------------  ------------------------  --------------------
--   middle-missing          9    0.25    18133.11 +- 7694.14       3133.22 +- 4733.13    (bad trimming)
--   middle-hump             0    0.00        0.00 +- 0.00             0.00 +- 0.00       (bad trimming)
--   no-5-prime              0    0.00        0.00 +- 0.00             0.00 +- 0.00       (bad trimming)
--   no-3-prime              1    0.03    36291.00 +- 0.00          5496.00 +- 0.00       (bad trimming)
--   
--   low-coverage            0    0.00        0.00 +- 0.00             0.00 +- 0.00       (easy to assemble, potential for lower quality consensus)
--   unique               3507   96.77    15519.53 +- 5335.93         22.24 +- 5.16       (easy to assemble, perfect, yay)
--   repeat-cont             1    0.03     3526.00 +- 0.00            49.21 +- 3.85       (potential for consensus errors, no impact on assembly)
--   repeat-dove             0    0.00        0.00 +- 0.00             0.00 +- 0.00       (hard to assemble, likely won't assemble correctly or even at all)
--   
--   span-repeat            67    1.85    19687.34 +- 7231.41       2207.45 +- 3578.30    (read spans a large repeat, usually easy to assemble)
--   uniq-repeat-cont       28    0.77    12377.25 +- 8437.70                             (should be uniquely placed, low potential for consensus errors, no impact on assembly)
--   uniq-repeat-dove       11    0.30    26650.55 +- 8824.63                             (will end contigs, potential to misassemble)
--   uniq-anchor             0    0.00        0.00 +- 0.00             0.00 +- 0.00       (repeat read, with unique section, probable bad read)
-- Finished stage 'utg-createOverlapStore', reset canuIteration.
--
-- Loading read lengths.
-- Loading number of overlaps per read.
--
-- Configure RED for 16gb memory.
--                   Batches of at most (unlimited) reads.
--                                      500000000 bases.
--                   Expecting evidence of at most 536870912 bases per iteration.
--
--           Total                                               Reads                 Olaps Evidence
--    Job   Memory      Read Range         Reads        Bases   Memory        Olaps   Memory   Memory  (Memory in MB)
--   ---- -------- ------------------- --------- ------------ -------- ------------ -------- --------
--      1  9991.86         1-215276         3652     56671991  6918.08       154926     1.77  1024.00
--   ---- -------- ------------------- --------- ------------ -------- ------------ -------- --------
--                                                   56671991                154926
-- Finished stage 'readErrorDetectionConfigure', reset canuIteration.
--
-- Running jobs.  First attempt out of 2.
----------------------------------------
-- Starting 'red' concurrent execution on Fri Apr  1 15:56:21 2022 with 16065.36 GB free disk space (1 processes; 1 concurrently)

    cd unitigging/3-overlapErrorAdjustment
    ./red.sh 1 > ./red.000001.out 2>&1

-- Finished on Fri Apr  1 15:56:40 2022 (19 seconds) with 16065.382 GB free disk space
----------------------------------------
-- Found 1 read error detection output files.
-- Finished stage 'readErrorDetectionCheck', reset canuIteration.
--
-- Loading read lengths.
-- Loading number of overlaps per read.
--
-- Configure OEA for 8gb memory.
--                   Batches of at most (unlimited) reads.
--                                      300000000 bases.
--
--           Total                                               Reads                 Olaps  Adjusts
--    Job   Memory      Read Range         Reads        Bases   Memory        Olaps   Memory   Memory  (Memory in MB)
--   ---- -------- ------------------- --------- ------------ -------- ------------ -------- --------
--      1  2442.61         1-215276         3652     56671991    62.16       154926     4.73   327.72
--   ---- -------- ------------------- --------- ------------ -------- ------------ -------- --------
--                                                   56671991                154926
-- Finished stage 'overlapErrorAdjustmentConfigure', reset canuIteration.
--
-- Running jobs.  First attempt out of 2.
----------------------------------------
-- Starting 'oea' concurrent execution on Fri Apr  1 15:56:41 2022 with 16065.379 GB free disk space (1 processes; 4 concurrently)

    cd unitigging/3-overlapErrorAdjustment
    ./oea.sh 1 > ./oea.000001.out 2>&1

-- Finished on Fri Apr  1 15:56:46 2022 (5 seconds) with 16065.381 GB free disk space
----------------------------------------
-- Found 1 overlap error adjustment output files.
-- Finished stage 'overlapErrorAdjustmentCheck', reset canuIteration.
----------------------------------------
-- Starting command on Fri Apr  1 15:56:46 2022 with 16065.381 GB free disk space

    cd unitigging/3-overlapErrorAdjustment
    /sw/bioinfo/canu/2.2/rackham/bin/loadErates \
      -S ../../assembled_L.ferri_1_4.seqStore \
      -O ../assembled_L.ferri_1_4.ovlStore \
      -L ./oea.files \
    > ./oea.apply.err 2>&1

-- Finished on Fri Apr  1 15:56:46 2022 (fast as lightning) with 16065.38 GB free disk space
----------------------------------------
-- No report available.
-- Finished stage 'updateOverlapStore', reset canuIteration.
-- Finished stage 'unitig', reset canuIteration.
--
-- Running jobs.  First attempt out of 2.
----------------------------------------
-- Starting 'bat' concurrent execution on Fri Apr  1 15:56:46 2022 with 16065.38 GB free disk space (1 processes; 1 concurrently)

    cd unitigging/4-unitigger
    ./unitigger.sh 1 > ./unitigger.000001.out 2>&1

-- Finished on Fri Apr  1 15:56:47 2022 (one second) with 16065.379 GB free disk space
----------------------------------------
-- Unitigger finished successfully.
--  
--  ERROR RATES
--  -----------
--                                                   --------threshold------
--  4306                         fraction error      fraction        percent
--  samples                              (1e-5)         error          error
--                   --------------------------      --------       --------
--  command line (-eg)                           ->   4500.00        4.5000%
--  command line (-ef)                           ->  -----.--      ---.----%
--  command line (-eM)                           ->   4500.00        4.5000%
--  mean + std.dev      63.20 +-  12 *    65.26  ->    846.35        0.8463%
--  median + mad        59.00 +-  12 *    42.00  ->    806.23        0.8062%  (enabled)
--  90th percentile                              ->    133.00        0.1330%
--  
--  BEST EDGE FILTERING
--  -------------------
--  At graph threshold 4.5000%, reads:
--    available to have edges:          690
--    with at least one edge:           690
--  
--  At max threshold 4.5000%, reads:  (not computed)
--    available to have edges:            0
--    with at least one edge:             0
--  
--  At tight threshold 0.8062%, reads with:
--    both edges below error threshold:       689  (80.00% minReadsBest threshold = 552)
--    one  edge  above error threshold:         1
--    both edges above error threshold:         0
--    at least one edge:                      690
--  
--  At loose threshold 0.8463%, reads with:
--    both edges below error threshold:       689  (80.00% minReadsBest threshold = 552)
--    one  edge  above error threshold:         1
--    both edges above error threshold:         0
--    at least one edge:                      690
--  
--  
--  INITIAL EDGES
--  -------- ----------------------------------------
--      2927 reads are contained
--    211667 reads have no best edges (singleton)
--         5 reads have only one best edge (spur) 
--                  3 are mutual best
--       677 reads have two best edges 
--                  5 have one mutual best edge
--                669 have two mutual best edges
--  
--  
--  FINAL EDGES
--  -------- ----------------------------------------
--      2927 reads are contained
--    211667 reads have no best edges (singleton)
--         6 reads have only one best edge (spur) 
--                  4 are mutual best
--       676 reads have two best edges 
--                  4 have one mutual best edge
--                671 have two mutual best edges
--  
--  
--  EDGE FILTERING
--  -------- ------------------------------------------
--         0 reads are ignored
--        13 reads have a gap in overlap coverage
--         0 reads have lopsided best edges
-- Found, in version 1, after unitig construction:
--   contigs:      3 sequences, total length 2644235 bp (including 1 repeats of total length 19589 bp).
--   bubbles:      0 sequences, total length 0 bp.
--   unassembled:  22 sequences, total length 286549 bp.
--
-- Contig sizes based on genome size 2.41mbp:
--
--            NG (bp)  LG (contigs)    sum (bp)
--         ----------  ------------  ----------
--     10     2565499             1     2565499
--     20     2565499             1     2565499
--     30     2565499             1     2565499
--     40     2565499             1     2565499
--     50     2565499             1     2565499
--     60     2565499             1     2565499
--     70     2565499             1     2565499
--     80     2565499             1     2565499
--     90     2565499             1     2565499
--    100     2565499             1     2565499
--
-- Finished stage 'unitigCheck', reset canuIteration.
----------------------------------------
-- Starting command on Fri Apr  1 15:56:47 2022 with 16065.379 GB free disk space

    cd unitigging
    /sw/bioinfo/canu/2.2/rackham/bin/utgcns \
      -S ../assembled_L.ferri_1_4.seqStore \
      -T  ./assembled_L.ferri_1_4.ctgStore 1 \
      -partition 0.8 1 0.1 \
    > ./assembled_L.ferri_1_4.ctgStore/partitioning.log 2>&1

-- Finished on Fri Apr  1 15:56:48 2022 (one second) with 16065.335 GB free disk space
----------------------------------------
-- Using slow alignment for consensus (iteration '0').
-- Configured 2 consensus jobs.
-- Finished stage 'consensusConfigure', reset canuIteration.
--
-- Local: cns        2.875 GB    4 CPUs x   1 job      2.875 GB   4 CPUs  (consensus)
--
--
-- Running jobs.  First attempt out of 2.
----------------------------------------
-- Starting 'cns' concurrent execution on Fri Apr  1 15:56:48 2022 with 16065.335 GB free disk space (2 processes; 1 concurrently)

    cd unitigging/5-consensus
    ./consensus.sh 1 > ./consensus.000001.out 2>&1
    ./consensus.sh 2 > ./consensus.000002.out 2>&1

-- Finished on Fri Apr  1 15:58:24 2022 (96 seconds) with 16064.654 GB free disk space
----------------------------------------
-- Using slow alignment for consensus (iteration '1').
-- Configured 2 consensus jobs.
-- All 2 consensus jobs finished successfully.
-- Finished stage 'consensusCheck', reset canuIteration.
-- Using slow alignment for consensus (iteration '0').
-- Configured 2 consensus jobs.
----------------------------------------
-- Starting command on Fri Apr  1 15:58:24 2022 with 16064.654 GB free disk space

    cd unitigging
    /sw/bioinfo/canu/2.2/rackham/bin/tgStoreLoad \
      -S ../assembled_L.ferri_1_4.seqStore \
      -T  ./assembled_L.ferri_1_4.ctgStore 2 \
      -L ./5-consensus/ctgcns.files \
    > ./5-consensus/ctgcns.files.ctgStoreLoad.err 2>&1

-- Finished on Fri Apr  1 15:58:24 2022 (in the blink of an eye) with 16064.648 GB free disk space
----------------------------------------
-- Purging consensus output after loading to ctgStore.
-- Purged 2 .cns outputs.
----------------------------------------
-- Starting command on Fri Apr  1 15:58:24 2022 with 16064.648 GB free disk space

    cd unitigging
    /sw/bioinfo/canu/2.2/rackham/bin/tgStoreDump \
      -S ../assembled_L.ferri_1_4.seqStore \
      -T ./assembled_L.ferri_1_4.ctgStore 2 \
      -sizes -s 2410000 \
    > ./assembled_L.ferri_1_4.ctgStore/seqDB.v002.sizes.txt

-- Finished on Fri Apr  1 15:58:24 2022 (fast as lightning) with 16064.647 GB free disk space
----------------------------------------
-- Found, in version 2, after consensus generation:
--   contigs:      3 sequences, total length 2642833 bp (including 1 repeats of total length 19526 bp).
--   bubbles:      0 sequences, total length 0 bp.
--   unassembled:  22 sequences, total length 286549 bp.
--
-- Contig sizes based on genome size 2.41mbp:
--
--            NG (bp)  LG (contigs)    sum (bp)
--         ----------  ------------  ----------
--     10     2564281             1     2564281
--     20     2564281             1     2564281
--     30     2564281             1     2564281
--     40     2564281             1     2564281
--     50     2564281             1     2564281
--     60     2564281             1     2564281
--     70     2564281             1     2564281
--     80     2564281             1     2564281
--     90     2564281             1     2564281
--    100     2564281             1     2564281
--
-- Finished stage 'consensusLoad', reset canuIteration.
----------------------------------------
-- Starting command on Fri Apr  1 15:58:24 2022 with 16064.647 GB free disk space

    cd .
    /sw/bioinfo/canu/2.2/rackham/bin/tgStoreDump \
      -S ./assembled_L.ferri_1_4.seqStore \
      -T ./unitigging/assembled_L.ferri_1_4.ctgStore 2 \
      -o ./assembled_L.ferri_1_4.contigs \
      -layout \
    > ./assembled_L.ferri_1_4.contigs.layout.err 2>&1

-- Finished on Fri Apr  1 15:58:24 2022 (in the blink of an eye) with 16064.647 GB free disk space
----------------------------------------
----------------------------------------
-- Starting command on Fri Apr  1 15:58:24 2022 with 16064.647 GB free disk space

    cd .
    /sw/bioinfo/canu/2.2/rackham/bin/tgStoreDump \
      -S ./assembled_L.ferri_1_4.seqStore \
      -T ./unitigging/assembled_L.ferri_1_4.ctgStore 2 \
      -consensus -fasta \
      -unassembled \
    > ./assembled_L.ferri_1_4.unassembled.fasta
    2> ./assembled_L.ferri_1_4.unassembled.err

-- Finished on Fri Apr  1 15:58:24 2022 (furiously fast) with 16064.646 GB free disk space
----------------------------------------
----------------------------------------
-- Starting command on Fri Apr  1 15:58:24 2022 with 16064.646 GB free disk space

    cd .
    /sw/bioinfo/canu/2.2/rackham/bin/tgStoreDump \
      -S ./assembled_L.ferri_1_4.seqStore \
      -T ./unitigging/assembled_L.ferri_1_4.ctgStore 2 \
      -consensus -fasta \
      -contigs \
    > ./assembled_L.ferri_1_4.contigs.fasta
    2> ./assembled_L.ferri_1_4.contigs.err

-- Finished on Fri Apr  1 15:58:24 2022 (in the blink of an eye) with 16064.644 GB free disk space
----------------------------------------
-- Finished stage 'generateOutputs', reset canuIteration.
--
-- Assembly 'assembled_L.ferri_1_4' finished in '/domus/h1/erikpa/Genome_Analysis_Project_2022/Data'.
--
-- Summary saved in 'assembled_L.ferri_1_4.report'.
--
-- Sequences saved:
--   Contigs       -> 'assembled_L.ferri_1_4.contigs.fasta'
--   Unassembled   -> 'assembled_L.ferri_1_4.unassembled.fasta'
--
-- Read layouts saved:
--   Contigs       -> 'assembled_L.ferri_1_4.contigs.layout'.
--
-- Bye.
