+ echo QOS = normal
QOS = normal
+ mkdir /home/erikpa/Genome_Analysis_Project_2022/Analysis/BWA_6171668
+ cd /home/erikpa/Genome_Analysis_Project_2022/Analysis/BWA_6171668
+ export SRCDIR=/home/erikpa
+ SRCDIR=/home/erikpa
+ cd /scratch/6171668
+ mkdir Assembled_data
+ mkdir Trimmed_RNA_Reads
+ mkdir output
+ cp /home/erikpa/Genome_Analysis_Project_2022/Data/assembled_L.ferri_1_4.contigs.fasta /scratch/6171668/Assembled_data
+ cp /home/erikpa/Genome_Analysis_Project_2022/Analysis/Trimming_Raw_Reads_Trimmomatic_6171365/ERR2036629_1_output_forward_paired.fq.gz /home/erikpa/Genome_Analysis_Project_2022/Analysis/Trimming_Raw_Reads_Trimmomatic_6171365/ERR2036629_1_output_forward_unpaired.fq.gz /home/erikpa/Genome_Analysis_Project_2022/Analysis/Trimming_Raw_Reads_Trimmomatic_6171365/ERR2036629_2_output_reverse_paired.fq.gz /home/erikpa/Genome_Analysis_Project_2022/Analysis/Trimming_Raw_Reads_Trimmomatic_6171365/ERR2036629_2_output_reverse_unpaired.fq.gz /home/erikpa/Genome_Analysis_Project_2022/Analysis/Trimming_Raw_Reads_Trimmomatic_6171365/ERR2036630_1_output_forward_paired.fq.gz /home/erikpa/Genome_Analysis_Project_2022/Analysis/Trimming_Raw_Reads_Trimmomatic_6171365/ERR2036630_1_output_forward_unpaired.fq.gz /home/erikpa/Genome_Analysis_Project_2022/Analysis/Trimming_Raw_Reads_Trimmomatic_6171365/ERR2036630_2_output_reverse_paired.fq.gz /home/erikpa/Genome_Analysis_Project_2022/Analysis/Trimming_Raw_Reads_Trimmomatic_6171365/ERR2036630_2_output_reverse_unpaired.fq.gz /home/erikpa/Genome_Analysis_Project_2022/Analysis/Trimming_Raw_Reads_Trimmomatic_6171365/ERR2036631_1_output_forward_paired.fq.gz /home/erikpa/Genome_Analysis_Project_2022/Analysis/Trimming_Raw_Reads_Trimmomatic_6171365/ERR2036631_1_output_forward_unpaired.fq.gz /home/erikpa/Genome_Analysis_Project_2022/Analysis/Trimming_Raw_Reads_Trimmomatic_6171365/ERR2036631_2_output_reverse_paired.fq.gz /home/erikpa/Genome_Analysis_Project_2022/Analysis/Trimming_Raw_Reads_Trimmomatic_6171365/ERR2036631_2_output_reverse_unpaired.fq.gz /home/erikpa/Genome_Analysis_Project_2022/Analysis/Trimming_Raw_Reads_Trimmomatic_6171365/ERR2036632_1_output_forward_paired.fq.gz /home/erikpa/Genome_Analysis_Project_2022/Analysis/Trimming_Raw_Reads_Trimmomatic_6171365/ERR2036632_1_output_forward_unpaired.fq.gz /home/erikpa/Genome_Analysis_Project_2022/Analysis/Trimming_Raw_Reads_Trimmomatic_6171365/ERR2036632_2_output_reverse_paired.fq.gz /home/erikpa/Genome_Analysis_Project_2022/Analysis/Trimming_Raw_Reads_Trimmomatic_6171365/ERR2036632_2_output_reverse_unpaired.fq.gz /home/erikpa/Genome_Analysis_Project_2022/Analysis/Trimming_Raw_Reads_Trimmomatic_6171365/ERR2036633_1_output_forward_paired.fq.gz /home/erikpa/Genome_Analysis_Project_2022/Analysis/Trimming_Raw_Reads_Trimmomatic_6171365/ERR2036633_1_output_forward_unpaired.fq.gz /home/erikpa/Genome_Analysis_Project_2022/Analysis/Trimming_Raw_Reads_Trimmomatic_6171365/ERR2036633_2_output_reverse_paired.fq.gz /home/erikpa/Genome_Analysis_Project_2022/Analysis/Trimming_Raw_Reads_Trimmomatic_6171365/ERR2036633_2_output_reverse_unpaired.fq.gz /scratch/6171668/Trimmed_RNA_Reads
+ module load bioinfo-tools
++ /usr/share/lmod/lmod/libexec/lmod bash load bioinfo-tools
+ eval '__LMOD_REF_COUNT_LOADEDMODULES=uppmax:2\;bioinfo-tools:1;' export '__LMOD_REF_COUNT_LOADEDMODULES;' 'LOADEDMODULES=uppmax:bioinfo-tools;' export 'LOADEDMODULES;' '__LMOD_REF_COUNT_MODULEPATH=/sw/mf/snowy/bioinfo-tools/annotation:1\;/sw/mf/snowy/bioinfo-tools/alignment:1\;/sw/mf/snowy/bioinfo-tools/assembly:1\;/sw/mf/snowy/bioinfo-tools/misc:1\;/sw/mf/snowy/bioinfo-tools/phylogeny:1\;/sw/mf/snowy/bioinfo-tools/pipelines:1\;/sw/mf/snowy/bioinfo-tools/sw_collections:1\;/sw/mf/snowy/applications:1\;/sw/mf/snowy/build-tools:1\;/sw/mf/snowy/compilers:1\;/sw/mf/snowy/data:1\;/sw/mf/snowy/environment:1\;/sw/mf/snowy/libraries:1\;/sw/mf/snowy/parallel:1;' export '__LMOD_REF_COUNT_MODULEPATH;' 'MODULEPATH=/sw/mf/snowy/bioinfo-tools/annotation:/sw/mf/snowy/bioinfo-tools/alignment:/sw/mf/snowy/bioinfo-tools/assembly:/sw/mf/snowy/bioinfo-tools/misc:/sw/mf/snowy/bioinfo-tools/phylogeny:/sw/mf/snowy/bioinfo-tools/pipelines:/sw/mf/snowy/bioinfo-tools/sw_collections:/sw/mf/snowy/applications:/sw/mf/snowy/build-tools:/sw/mf/snowy/compilers:/sw/mf/snowy/data:/sw/mf/snowy/environment:/sw/mf/snowy/libraries:/sw/mf/snowy/parallel;' export 'MODULEPATH;' '__LMOD_REF_COUNT__LMFILES_=/sw/mf/snowy/environment/bioinfo-tools:1;' export '__LMOD_REF_COUNT__LMFILES_;' '_LMFILES_=/sw/mf/snowy/environment/bioinfo-tools;' export '_LMFILES_;' '_ModuleTable001_=X01vZHVsZVRhYmxlXz17WyJNVHZlcnNpb24iXT0zLFsiY19yZWJ1aWxkVGltZSJdPWZhbHNlLFsiY19zaG9ydFRpbWUiXT1mYWxzZSxkZXB0aFQ9e30sZmFtaWx5PXt9LG1UPXtbImJpb2luZm8tdG9vbHMiXT17WyJmbiJdPSIvc3cvbWYvc25vd3kvZW52aXJvbm1lbnQvYmlvaW5mby10b29scyIsWyJmdWxsTmFtZSJdPSJiaW9pbmZvLXRvb2xzIixbImxvYWRPcmRlciJdPTEscHJvcFQ9e30sWyJzdGFja0RlcHRoIl09MCxbInN0YXR1cyJdPSJhY3RpdmUiLFsidXNlck5hbWUiXT0iYmlvaW5mby10b29scyIsfSx9LG1wYXRoQT17Ii9zdy9tZi9zbm93eS9iaW9pbmZvLXRvb2xzL2Fubm90YXRpb24iLCIvc3cvbWYvc25vd3kvYmlvaW5mby10b29scy9hbGlnbm1lbnQiLCIvc3cv;' export '_ModuleTable001_;' '_ModuleTable002_=bWYvc25vd3kvYmlvaW5mby10b29scy9hc3NlbWJseSIsIi9zdy9tZi9zbm93eS9iaW9pbmZvLXRvb2xzL21pc2MiLCIvc3cvbWYvc25vd3kvYmlvaW5mby10b29scy9waHlsb2dlbnkiLCIvc3cvbWYvc25vd3kvYmlvaW5mby10b29scy9waXBlbGluZXMiLCIvc3cvbWYvc25vd3kvYmlvaW5mby10b29scy9zd19jb2xsZWN0aW9ucyIsIi9zdy9tZi9zbm93eS9hcHBsaWNhdGlvbnMiLCIvc3cvbWYvc25vd3kvYnVpbGQtdG9vbHMiLCIvc3cvbWYvc25vd3kvY29tcGlsZXJzIiwiL3N3L21mL3Nub3d5L2RhdGEiLCIvc3cvbWYvc25vd3kvZW52aXJvbm1lbnQiLCIvc3cvbWYvc25vd3kvbGlicmFyaWVzIiwiL3N3L21mL3Nub3d5L3BhcmFsbGVsIix9LFsic3lzdGVtQmFzZU1QQVRI;' export '_ModuleTable002_;' '_ModuleTable003_=Il09Ii9zdy9tZi9zbm93eS9hcHBsaWNhdGlvbnM6L3N3L21mL3Nub3d5L2J1aWxkLXRvb2xzOi9zdy9tZi9zbm93eS9jb21waWxlcnM6L3N3L21mL3Nub3d5L2RhdGE6L3N3L21mL3Nub3d5L2Vudmlyb25tZW50Oi9zdy9tZi9zbm93eS9saWJyYXJpZXM6L3N3L21mL3Nub3d5L3BhcmFsbGVsIix9;' export '_ModuleTable003_;' '_ModuleTable_Sz_=3;' export '_ModuleTable_Sz_;'
++ __LMOD_REF_COUNT_LOADEDMODULES='uppmax:2;bioinfo-tools:1'
++ export __LMOD_REF_COUNT_LOADEDMODULES
++ LOADEDMODULES=uppmax:bioinfo-tools
++ export LOADEDMODULES
++ __LMOD_REF_COUNT_MODULEPATH='/sw/mf/snowy/bioinfo-tools/annotation:1;/sw/mf/snowy/bioinfo-tools/alignment:1;/sw/mf/snowy/bioinfo-tools/assembly:1;/sw/mf/snowy/bioinfo-tools/misc:1;/sw/mf/snowy/bioinfo-tools/phylogeny:1;/sw/mf/snowy/bioinfo-tools/pipelines:1;/sw/mf/snowy/bioinfo-tools/sw_collections:1;/sw/mf/snowy/applications:1;/sw/mf/snowy/build-tools:1;/sw/mf/snowy/compilers:1;/sw/mf/snowy/data:1;/sw/mf/snowy/environment:1;/sw/mf/snowy/libraries:1;/sw/mf/snowy/parallel:1'
++ export __LMOD_REF_COUNT_MODULEPATH
++ MODULEPATH=/sw/mf/snowy/bioinfo-tools/annotation:/sw/mf/snowy/bioinfo-tools/alignment:/sw/mf/snowy/bioinfo-tools/assembly:/sw/mf/snowy/bioinfo-tools/misc:/sw/mf/snowy/bioinfo-tools/phylogeny:/sw/mf/snowy/bioinfo-tools/pipelines:/sw/mf/snowy/bioinfo-tools/sw_collections:/sw/mf/snowy/applications:/sw/mf/snowy/build-tools:/sw/mf/snowy/compilers:/sw/mf/snowy/data:/sw/mf/snowy/environment:/sw/mf/snowy/libraries:/sw/mf/snowy/parallel
++ export MODULEPATH
++ __LMOD_REF_COUNT__LMFILES_=/sw/mf/snowy/environment/bioinfo-tools:1
++ export __LMOD_REF_COUNT__LMFILES_
++ _LMFILES_=/sw/mf/snowy/environment/bioinfo-tools
++ export _LMFILES_
++ _ModuleTable001_=X01vZHVsZVRhYmxlXz17WyJNVHZlcnNpb24iXT0zLFsiY19yZWJ1aWxkVGltZSJdPWZhbHNlLFsiY19zaG9ydFRpbWUiXT1mYWxzZSxkZXB0aFQ9e30sZmFtaWx5PXt9LG1UPXtbImJpb2luZm8tdG9vbHMiXT17WyJmbiJdPSIvc3cvbWYvc25vd3kvZW52aXJvbm1lbnQvYmlvaW5mby10b29scyIsWyJmdWxsTmFtZSJdPSJiaW9pbmZvLXRvb2xzIixbImxvYWRPcmRlciJdPTEscHJvcFQ9e30sWyJzdGFja0RlcHRoIl09MCxbInN0YXR1cyJdPSJhY3RpdmUiLFsidXNlck5hbWUiXT0iYmlvaW5mby10b29scyIsfSx9LG1wYXRoQT17Ii9zdy9tZi9zbm93eS9iaW9pbmZvLXRvb2xzL2Fubm90YXRpb24iLCIvc3cvbWYvc25vd3kvYmlvaW5mby10b29scy9hbGlnbm1lbnQiLCIvc3cv
++ export _ModuleTable001_
++ _ModuleTable002_=bWYvc25vd3kvYmlvaW5mby10b29scy9hc3NlbWJseSIsIi9zdy9tZi9zbm93eS9iaW9pbmZvLXRvb2xzL21pc2MiLCIvc3cvbWYvc25vd3kvYmlvaW5mby10b29scy9waHlsb2dlbnkiLCIvc3cvbWYvc25vd3kvYmlvaW5mby10b29scy9waXBlbGluZXMiLCIvc3cvbWYvc25vd3kvYmlvaW5mby10b29scy9zd19jb2xsZWN0aW9ucyIsIi9zdy9tZi9zbm93eS9hcHBsaWNhdGlvbnMiLCIvc3cvbWYvc25vd3kvYnVpbGQtdG9vbHMiLCIvc3cvbWYvc25vd3kvY29tcGlsZXJzIiwiL3N3L21mL3Nub3d5L2RhdGEiLCIvc3cvbWYvc25vd3kvZW52aXJvbm1lbnQiLCIvc3cvbWYvc25vd3kvbGlicmFyaWVzIiwiL3N3L21mL3Nub3d5L3BhcmFsbGVsIix9LFsic3lzdGVtQmFzZU1QQVRI
++ export _ModuleTable002_
++ _ModuleTable003_=Il09Ii9zdy9tZi9zbm93eS9hcHBsaWNhdGlvbnM6L3N3L21mL3Nub3d5L2J1aWxkLXRvb2xzOi9zdy9tZi9zbm93eS9jb21waWxlcnM6L3N3L21mL3Nub3d5L2RhdGE6L3N3L21mL3Nub3d5L2Vudmlyb25tZW50Oi9zdy9tZi9zbm93eS9saWJyYXJpZXM6L3N3L21mL3Nub3d5L3BhcmFsbGVsIix9
++ export _ModuleTable003_
++ _ModuleTable_Sz_=3
++ export _ModuleTable_Sz_
++ : -s sh
+ eval
+ module load bwa
++ /usr/share/lmod/lmod/libexec/lmod bash load bwa
+ eval '__LMOD_REF_COUNT_LOADEDMODULES=uppmax:2\;bioinfo-tools:1\;bwa/0.7.17:1;' export '__LMOD_REF_COUNT_LOADEDMODULES;' 'LOADEDMODULES=uppmax:bioinfo-tools:bwa/0.7.17;' export 'LOADEDMODULES;' '__LMOD_REF_COUNT_MANPATH=/usr/share/man:2\;/sw/uppmax/man:2\;/opt/thinlinc/share/man:2\;/sw/bioinfo/bwa/0.7.17/snowy/man:1;' export '__LMOD_REF_COUNT_MANPATH;' 'MANPATH=/usr/share/man:/sw/uppmax/man:/opt/thinlinc/share/man:/sw/bioinfo/bwa/0.7.17/snowy/man;' export 'MANPATH;' 'MODULEPATH=/sw/mf/snowy/bioinfo-tools/annotation:/sw/mf/snowy/bioinfo-tools/alignment:/sw/mf/snowy/bioinfo-tools/assembly:/sw/mf/snowy/bioinfo-tools/misc:/sw/mf/snowy/bioinfo-tools/phylogeny:/sw/mf/snowy/bioinfo-tools/pipelines:/sw/mf/snowy/bioinfo-tools/sw_collections:/sw/mf/snowy/applications:/sw/mf/snowy/build-tools:/sw/mf/snowy/compilers:/sw/mf/snowy/data:/sw/mf/snowy/environment:/sw/mf/snowy/libraries:/sw/mf/snowy/parallel;' export 'MODULEPATH;' '__LMOD_REF_COUNT_PATH=/sw/bioinfo/bwa/0.7.17/snowy/bin:1\;/home/erikpa/bin:2\;/usr/local/bin:1\;/usr/bin:1\;/usr/local/sbin:1\;/usr/sbin:1\;/sw/uppmax/bin:2;' export '__LMOD_REF_COUNT_PATH;' 'PATH=/sw/bioinfo/bwa/0.7.17/snowy/bin:/home/erikpa/bin:/usr/local/bin:/usr/bin:/usr/local/sbin:/usr/sbin:/sw/uppmax/bin;' export 'PATH;' '__LMOD_REF_COUNT__LMFILES_=/sw/mf/snowy/environment/bioinfo-tools:1\;/sw/mf/snowy/bioinfo-tools/alignment/bwa/0.7.17:1;' export '__LMOD_REF_COUNT__LMFILES_;' '_LMFILES_=/sw/mf/snowy/environment/bioinfo-tools:/sw/mf/snowy/bioinfo-tools/alignment/bwa/0.7.17;' export '_LMFILES_;' '_ModuleTable001_=X01vZHVsZVRhYmxlXz17WyJNVHZlcnNpb24iXT0zLFsiY19yZWJ1aWxkVGltZSJdPWZhbHNlLFsiY19zaG9ydFRpbWUiXT1mYWxzZSxkZXB0aFQ9e30sZmFtaWx5PXt9LG1UPXtbImJpb2luZm8tdG9vbHMiXT17WyJmbiJdPSIvc3cvbWYvc25vd3kvZW52aXJvbm1lbnQvYmlvaW5mby10b29scyIsWyJmdWxsTmFtZSJdPSJiaW9pbmZvLXRvb2xzIixbImxvYWRPcmRlciJdPTEscHJvcFQ9e30sWyJzdGFja0RlcHRoIl09MCxbInN0YXR1cyJdPSJhY3RpdmUiLFsidXNlck5hbWUiXT0iYmlvaW5mby10b29scyIsfSxid2E9e1siZm4iXT0iL3N3L21mL3Nub3d5L2Jpb2luZm8tdG9vbHMvYWxpZ25tZW50L2J3YS8wLjcuMTciLFsiZnVsbE5hbWUiXT0iYndhLzAuNy4xNyIsWyJsb2Fk;' export '_ModuleTable001_;' '_ModuleTable002_=T3JkZXIiXT0yLHByb3BUPXt9LFsic3RhY2tEZXB0aCJdPTAsWyJzdGF0dXMiXT0iYWN0aXZlIixbInVzZXJOYW1lIl09ImJ3YSIsfSx9LG1wYXRoQT17Ii9zdy9tZi9zbm93eS9iaW9pbmZvLXRvb2xzL2Fubm90YXRpb24iLCIvc3cvbWYvc25vd3kvYmlvaW5mby10b29scy9hbGlnbm1lbnQiLCIvc3cvbWYvc25vd3kvYmlvaW5mby10b29scy9hc3NlbWJseSIsIi9zdy9tZi9zbm93eS9iaW9pbmZvLXRvb2xzL21pc2MiLCIvc3cvbWYvc25vd3kvYmlvaW5mby10b29scy9waHlsb2dlbnkiLCIvc3cvbWYvc25vd3kvYmlvaW5mby10b29scy9waXBlbGluZXMiLCIvc3cvbWYvc25vd3kvYmlvaW5mby10b29scy9zd19jb2xsZWN0aW9ucyIsIi9zdy9tZi9zbm93eS9hcHBsaWNhdGlv;' export '_ModuleTable002_;' '_ModuleTable003_=bnMiLCIvc3cvbWYvc25vd3kvYnVpbGQtdG9vbHMiLCIvc3cvbWYvc25vd3kvY29tcGlsZXJzIiwiL3N3L21mL3Nub3d5L2RhdGEiLCIvc3cvbWYvc25vd3kvZW52aXJvbm1lbnQiLCIvc3cvbWYvc25vd3kvbGlicmFyaWVzIiwiL3N3L21mL3Nub3d5L3BhcmFsbGVsIix9LFsic3lzdGVtQmFzZU1QQVRIIl09Ii9zdy9tZi9zbm93eS9hcHBsaWNhdGlvbnM6L3N3L21mL3Nub3d5L2J1aWxkLXRvb2xzOi9zdy9tZi9zbm93eS9jb21waWxlcnM6L3N3L21mL3Nub3d5L2RhdGE6L3N3L21mL3Nub3d5L2Vudmlyb25tZW50Oi9zdy9tZi9zbm93eS9saWJyYXJpZXM6L3N3L21mL3Nub3d5L3BhcmFsbGVsIix9;' export '_ModuleTable003_;' '_ModuleTable_Sz_=3;' export '_ModuleTable_Sz_;'
++ __LMOD_REF_COUNT_LOADEDMODULES='uppmax:2;bioinfo-tools:1;bwa/0.7.17:1'
++ export __LMOD_REF_COUNT_LOADEDMODULES
++ LOADEDMODULES=uppmax:bioinfo-tools:bwa/0.7.17
++ export LOADEDMODULES
++ __LMOD_REF_COUNT_MANPATH='/usr/share/man:2;/sw/uppmax/man:2;/opt/thinlinc/share/man:2;/sw/bioinfo/bwa/0.7.17/snowy/man:1'
++ export __LMOD_REF_COUNT_MANPATH
++ MANPATH=/usr/share/man:/sw/uppmax/man:/opt/thinlinc/share/man:/sw/bioinfo/bwa/0.7.17/snowy/man
++ export MANPATH
++ MODULEPATH=/sw/mf/snowy/bioinfo-tools/annotation:/sw/mf/snowy/bioinfo-tools/alignment:/sw/mf/snowy/bioinfo-tools/assembly:/sw/mf/snowy/bioinfo-tools/misc:/sw/mf/snowy/bioinfo-tools/phylogeny:/sw/mf/snowy/bioinfo-tools/pipelines:/sw/mf/snowy/bioinfo-tools/sw_collections:/sw/mf/snowy/applications:/sw/mf/snowy/build-tools:/sw/mf/snowy/compilers:/sw/mf/snowy/data:/sw/mf/snowy/environment:/sw/mf/snowy/libraries:/sw/mf/snowy/parallel
++ export MODULEPATH
++ __LMOD_REF_COUNT_PATH='/sw/bioinfo/bwa/0.7.17/snowy/bin:1;/home/erikpa/bin:2;/usr/local/bin:1;/usr/bin:1;/usr/local/sbin:1;/usr/sbin:1;/sw/uppmax/bin:2'
++ export __LMOD_REF_COUNT_PATH
++ PATH=/sw/bioinfo/bwa/0.7.17/snowy/bin:/home/erikpa/bin:/usr/local/bin:/usr/bin:/usr/local/sbin:/usr/sbin:/sw/uppmax/bin
++ export PATH
++ __LMOD_REF_COUNT__LMFILES_='/sw/mf/snowy/environment/bioinfo-tools:1;/sw/mf/snowy/bioinfo-tools/alignment/bwa/0.7.17:1'
++ export __LMOD_REF_COUNT__LMFILES_
++ _LMFILES_=/sw/mf/snowy/environment/bioinfo-tools:/sw/mf/snowy/bioinfo-tools/alignment/bwa/0.7.17
++ export _LMFILES_
++ _ModuleTable001_=X01vZHVsZVRhYmxlXz17WyJNVHZlcnNpb24iXT0zLFsiY19yZWJ1aWxkVGltZSJdPWZhbHNlLFsiY19zaG9ydFRpbWUiXT1mYWxzZSxkZXB0aFQ9e30sZmFtaWx5PXt9LG1UPXtbImJpb2luZm8tdG9vbHMiXT17WyJmbiJdPSIvc3cvbWYvc25vd3kvZW52aXJvbm1lbnQvYmlvaW5mby10b29scyIsWyJmdWxsTmFtZSJdPSJiaW9pbmZvLXRvb2xzIixbImxvYWRPcmRlciJdPTEscHJvcFQ9e30sWyJzdGFja0RlcHRoIl09MCxbInN0YXR1cyJdPSJhY3RpdmUiLFsidXNlck5hbWUiXT0iYmlvaW5mby10b29scyIsfSxid2E9e1siZm4iXT0iL3N3L21mL3Nub3d5L2Jpb2luZm8tdG9vbHMvYWxpZ25tZW50L2J3YS8wLjcuMTciLFsiZnVsbE5hbWUiXT0iYndhLzAuNy4xNyIsWyJsb2Fk
++ export _ModuleTable001_
++ _ModuleTable002_=T3JkZXIiXT0yLHByb3BUPXt9LFsic3RhY2tEZXB0aCJdPTAsWyJzdGF0dXMiXT0iYWN0aXZlIixbInVzZXJOYW1lIl09ImJ3YSIsfSx9LG1wYXRoQT17Ii9zdy9tZi9zbm93eS9iaW9pbmZvLXRvb2xzL2Fubm90YXRpb24iLCIvc3cvbWYvc25vd3kvYmlvaW5mby10b29scy9hbGlnbm1lbnQiLCIvc3cvbWYvc25vd3kvYmlvaW5mby10b29scy9hc3NlbWJseSIsIi9zdy9tZi9zbm93eS9iaW9pbmZvLXRvb2xzL21pc2MiLCIvc3cvbWYvc25vd3kvYmlvaW5mby10b29scy9waHlsb2dlbnkiLCIvc3cvbWYvc25vd3kvYmlvaW5mby10b29scy9waXBlbGluZXMiLCIvc3cvbWYvc25vd3kvYmlvaW5mby10b29scy9zd19jb2xsZWN0aW9ucyIsIi9zdy9tZi9zbm93eS9hcHBsaWNhdGlv
++ export _ModuleTable002_
++ _ModuleTable003_=bnMiLCIvc3cvbWYvc25vd3kvYnVpbGQtdG9vbHMiLCIvc3cvbWYvc25vd3kvY29tcGlsZXJzIiwiL3N3L21mL3Nub3d5L2RhdGEiLCIvc3cvbWYvc25vd3kvZW52aXJvbm1lbnQiLCIvc3cvbWYvc25vd3kvbGlicmFyaWVzIiwiL3N3L21mL3Nub3d5L3BhcmFsbGVsIix9LFsic3lzdGVtQmFzZU1QQVRIIl09Ii9zdy9tZi9zbm93eS9hcHBsaWNhdGlvbnM6L3N3L21mL3Nub3d5L2J1aWxkLXRvb2xzOi9zdy9tZi9zbm93eS9jb21waWxlcnM6L3N3L21mL3Nub3d5L2RhdGE6L3N3L21mL3Nub3d5L2Vudmlyb25tZW50Oi9zdy9tZi9zbm93eS9saWJyYXJpZXM6L3N3L21mL3Nub3d5L3BhcmFsbGVsIix9
++ export _ModuleTable003_
++ _ModuleTable_Sz_=3
++ export _ModuleTable_Sz_
++ : -s sh
+ eval
+ module load samtools
++ /usr/share/lmod/lmod/libexec/lmod bash load samtools
+ eval '__LMOD_REF_COUNT_LOADEDMODULES=uppmax:2\;bioinfo-tools:1\;bwa/0.7.17:1\;samtools/1.14:1;' export '__LMOD_REF_COUNT_LOADEDMODULES;' 'LOADEDMODULES=uppmax:bioinfo-tools:bwa/0.7.17:samtools/1.14;' export 'LOADEDMODULES;' '__LMOD_REF_COUNT_MANPATH=/sw/bioinfo/samtools/1.14/snowy/share/man:1\;/usr/share/man:2\;/sw/uppmax/man:2\;/opt/thinlinc/share/man:2\;/sw/bioinfo/bwa/0.7.17/snowy/man:1;' export '__LMOD_REF_COUNT_MANPATH;' 'MANPATH=/sw/bioinfo/samtools/1.14/snowy/share/man:/usr/share/man:/sw/uppmax/man:/opt/thinlinc/share/man:/sw/bioinfo/bwa/0.7.17/snowy/man;' export 'MANPATH;' 'MODULEPATH=/sw/mf/snowy/bioinfo-tools/annotation:/sw/mf/snowy/bioinfo-tools/alignment:/sw/mf/snowy/bioinfo-tools/assembly:/sw/mf/snowy/bioinfo-tools/misc:/sw/mf/snowy/bioinfo-tools/phylogeny:/sw/mf/snowy/bioinfo-tools/pipelines:/sw/mf/snowy/bioinfo-tools/sw_collections:/sw/mf/snowy/applications:/sw/mf/snowy/build-tools:/sw/mf/snowy/compilers:/sw/mf/snowy/data:/sw/mf/snowy/environment:/sw/mf/snowy/libraries:/sw/mf/snowy/parallel;' export 'MODULEPATH;' '__LMOD_REF_COUNT_PATH=/sw/bioinfo/samtools/1.14/snowy/bin:1\;/sw/bioinfo/bwa/0.7.17/snowy/bin:1\;/home/erikpa/bin:2\;/usr/local/bin:1\;/usr/bin:1\;/usr/local/sbin:1\;/usr/sbin:1\;/sw/uppmax/bin:2;' export '__LMOD_REF_COUNT_PATH;' 'PATH=/sw/bioinfo/samtools/1.14/snowy/bin:/sw/bioinfo/bwa/0.7.17/snowy/bin:/home/erikpa/bin:/usr/local/bin:/usr/bin:/usr/local/sbin:/usr/sbin:/sw/uppmax/bin;' export 'PATH;' 'SAMTOOLS_ROOT=/sw/bioinfo/samtools/1.14/snowy;' export 'SAMTOOLS_ROOT;' '__LMOD_REF_COUNT__LMFILES_=/sw/mf/snowy/environment/bioinfo-tools:1\;/sw/mf/snowy/bioinfo-tools/alignment/bwa/0.7.17:1\;/sw/mf/snowy/bioinfo-tools/misc/samtools/1.14:1;' export '__LMOD_REF_COUNT__LMFILES_;' '_LMFILES_=/sw/mf/snowy/environment/bioinfo-tools:/sw/mf/snowy/bioinfo-tools/alignment/bwa/0.7.17:/sw/mf/snowy/bioinfo-tools/misc/samtools/1.14;' export '_LMFILES_;' '_ModuleTable001_=X01vZHVsZVRhYmxlXz17WyJNVHZlcnNpb24iXT0zLFsiY19yZWJ1aWxkVGltZSJdPWZhbHNlLFsiY19zaG9ydFRpbWUiXT1mYWxzZSxkZXB0aFQ9e30sZmFtaWx5PXt9LG1UPXtbImJpb2luZm8tdG9vbHMiXT17WyJmbiJdPSIvc3cvbWYvc25vd3kvZW52aXJvbm1lbnQvYmlvaW5mby10b29scyIsWyJmdWxsTmFtZSJdPSJiaW9pbmZvLXRvb2xzIixbImxvYWRPcmRlciJdPTEscHJvcFQ9e30sWyJzdGFja0RlcHRoIl09MCxbInN0YXR1cyJdPSJhY3RpdmUiLFsidXNlck5hbWUiXT0iYmlvaW5mby10b29scyIsfSxid2E9e1siZm4iXT0iL3N3L21mL3Nub3d5L2Jpb2luZm8tdG9vbHMvYWxpZ25tZW50L2J3YS8wLjcuMTciLFsiZnVsbE5hbWUiXT0iYndhLzAuNy4xNyIsWyJsb2Fk;' export '_ModuleTable001_;' '_ModuleTable002_=T3JkZXIiXT0yLHByb3BUPXt9LFsic3RhY2tEZXB0aCJdPTAsWyJzdGF0dXMiXT0iYWN0aXZlIixbInVzZXJOYW1lIl09ImJ3YSIsfSxzYW10b29scz17WyJmbiJdPSIvc3cvbWYvc25vd3kvYmlvaW5mby10b29scy9taXNjL3NhbXRvb2xzLzEuMTQiLFsiZnVsbE5hbWUiXT0ic2FtdG9vbHMvMS4xNCIsWyJsb2FkT3JkZXIiXT0zLHByb3BUPXt9LFsic3RhY2tEZXB0aCJdPTAsWyJzdGF0dXMiXT0iYWN0aXZlIixbInVzZXJOYW1lIl09InNhbXRvb2xzIix9LH0sbXBhdGhBPXsiL3N3L21mL3Nub3d5L2Jpb2luZm8tdG9vbHMvYW5ub3RhdGlvbiIsIi9zdy9tZi9zbm93eS9iaW9pbmZvLXRvb2xzL2FsaWdubWVudCIsIi9zdy9tZi9zbm93eS9iaW9pbmZvLXRvb2xzL2Fzc2VtYmx5;' export '_ModuleTable002_;' '_ModuleTable003_=IiwiL3N3L21mL3Nub3d5L2Jpb2luZm8tdG9vbHMvbWlzYyIsIi9zdy9tZi9zbm93eS9iaW9pbmZvLXRvb2xzL3BoeWxvZ2VueSIsIi9zdy9tZi9zbm93eS9iaW9pbmZvLXRvb2xzL3BpcGVsaW5lcyIsIi9zdy9tZi9zbm93eS9iaW9pbmZvLXRvb2xzL3N3X2NvbGxlY3Rpb25zIiwiL3N3L21mL3Nub3d5L2FwcGxpY2F0aW9ucyIsIi9zdy9tZi9zbm93eS9idWlsZC10b29scyIsIi9zdy9tZi9zbm93eS9jb21waWxlcnMiLCIvc3cvbWYvc25vd3kvZGF0YSIsIi9zdy9tZi9zbm93eS9lbnZpcm9ubWVudCIsIi9zdy9tZi9zbm93eS9saWJyYXJpZXMiLCIvc3cvbWYvc25vd3kvcGFyYWxsZWwiLH0sWyJzeXN0ZW1CYXNlTVBBVEgiXT0iL3N3L21mL3Nub3d5L2FwcGxpY2F0aW9uczov;' export '_ModuleTable003_;' '_ModuleTable004_=c3cvbWYvc25vd3kvYnVpbGQtdG9vbHM6L3N3L21mL3Nub3d5L2NvbXBpbGVyczovc3cvbWYvc25vd3kvZGF0YTovc3cvbWYvc25vd3kvZW52aXJvbm1lbnQ6L3N3L21mL3Nub3d5L2xpYnJhcmllczovc3cvbWYvc25vd3kvcGFyYWxsZWwiLH0=;' export '_ModuleTable004_;' '_ModuleTable_Sz_=4;' export '_ModuleTable_Sz_;'
++ __LMOD_REF_COUNT_LOADEDMODULES='uppmax:2;bioinfo-tools:1;bwa/0.7.17:1;samtools/1.14:1'
++ export __LMOD_REF_COUNT_LOADEDMODULES
++ LOADEDMODULES=uppmax:bioinfo-tools:bwa/0.7.17:samtools/1.14
++ export LOADEDMODULES
++ __LMOD_REF_COUNT_MANPATH='/sw/bioinfo/samtools/1.14/snowy/share/man:1;/usr/share/man:2;/sw/uppmax/man:2;/opt/thinlinc/share/man:2;/sw/bioinfo/bwa/0.7.17/snowy/man:1'
++ export __LMOD_REF_COUNT_MANPATH
++ MANPATH=/sw/bioinfo/samtools/1.14/snowy/share/man:/usr/share/man:/sw/uppmax/man:/opt/thinlinc/share/man:/sw/bioinfo/bwa/0.7.17/snowy/man
++ export MANPATH
++ MODULEPATH=/sw/mf/snowy/bioinfo-tools/annotation:/sw/mf/snowy/bioinfo-tools/alignment:/sw/mf/snowy/bioinfo-tools/assembly:/sw/mf/snowy/bioinfo-tools/misc:/sw/mf/snowy/bioinfo-tools/phylogeny:/sw/mf/snowy/bioinfo-tools/pipelines:/sw/mf/snowy/bioinfo-tools/sw_collections:/sw/mf/snowy/applications:/sw/mf/snowy/build-tools:/sw/mf/snowy/compilers:/sw/mf/snowy/data:/sw/mf/snowy/environment:/sw/mf/snowy/libraries:/sw/mf/snowy/parallel
++ export MODULEPATH
++ __LMOD_REF_COUNT_PATH='/sw/bioinfo/samtools/1.14/snowy/bin:1;/sw/bioinfo/bwa/0.7.17/snowy/bin:1;/home/erikpa/bin:2;/usr/local/bin:1;/usr/bin:1;/usr/local/sbin:1;/usr/sbin:1;/sw/uppmax/bin:2'
++ export __LMOD_REF_COUNT_PATH
++ PATH=/sw/bioinfo/samtools/1.14/snowy/bin:/sw/bioinfo/bwa/0.7.17/snowy/bin:/home/erikpa/bin:/usr/local/bin:/usr/bin:/usr/local/sbin:/usr/sbin:/sw/uppmax/bin
++ export PATH
++ SAMTOOLS_ROOT=/sw/bioinfo/samtools/1.14/snowy
++ export SAMTOOLS_ROOT
++ __LMOD_REF_COUNT__LMFILES_='/sw/mf/snowy/environment/bioinfo-tools:1;/sw/mf/snowy/bioinfo-tools/alignment/bwa/0.7.17:1;/sw/mf/snowy/bioinfo-tools/misc/samtools/1.14:1'
++ export __LMOD_REF_COUNT__LMFILES_
++ _LMFILES_=/sw/mf/snowy/environment/bioinfo-tools:/sw/mf/snowy/bioinfo-tools/alignment/bwa/0.7.17:/sw/mf/snowy/bioinfo-tools/misc/samtools/1.14
++ export _LMFILES_
++ _ModuleTable001_=X01vZHVsZVRhYmxlXz17WyJNVHZlcnNpb24iXT0zLFsiY19yZWJ1aWxkVGltZSJdPWZhbHNlLFsiY19zaG9ydFRpbWUiXT1mYWxzZSxkZXB0aFQ9e30sZmFtaWx5PXt9LG1UPXtbImJpb2luZm8tdG9vbHMiXT17WyJmbiJdPSIvc3cvbWYvc25vd3kvZW52aXJvbm1lbnQvYmlvaW5mby10b29scyIsWyJmdWxsTmFtZSJdPSJiaW9pbmZvLXRvb2xzIixbImxvYWRPcmRlciJdPTEscHJvcFQ9e30sWyJzdGFja0RlcHRoIl09MCxbInN0YXR1cyJdPSJhY3RpdmUiLFsidXNlck5hbWUiXT0iYmlvaW5mby10b29scyIsfSxid2E9e1siZm4iXT0iL3N3L21mL3Nub3d5L2Jpb2luZm8tdG9vbHMvYWxpZ25tZW50L2J3YS8wLjcuMTciLFsiZnVsbE5hbWUiXT0iYndhLzAuNy4xNyIsWyJsb2Fk
++ export _ModuleTable001_
++ _ModuleTable002_=T3JkZXIiXT0yLHByb3BUPXt9LFsic3RhY2tEZXB0aCJdPTAsWyJzdGF0dXMiXT0iYWN0aXZlIixbInVzZXJOYW1lIl09ImJ3YSIsfSxzYW10b29scz17WyJmbiJdPSIvc3cvbWYvc25vd3kvYmlvaW5mby10b29scy9taXNjL3NhbXRvb2xzLzEuMTQiLFsiZnVsbE5hbWUiXT0ic2FtdG9vbHMvMS4xNCIsWyJsb2FkT3JkZXIiXT0zLHByb3BUPXt9LFsic3RhY2tEZXB0aCJdPTAsWyJzdGF0dXMiXT0iYWN0aXZlIixbInVzZXJOYW1lIl09InNhbXRvb2xzIix9LH0sbXBhdGhBPXsiL3N3L21mL3Nub3d5L2Jpb2luZm8tdG9vbHMvYW5ub3RhdGlvbiIsIi9zdy9tZi9zbm93eS9iaW9pbmZvLXRvb2xzL2FsaWdubWVudCIsIi9zdy9tZi9zbm93eS9iaW9pbmZvLXRvb2xzL2Fzc2VtYmx5
++ export _ModuleTable002_
++ _ModuleTable003_=IiwiL3N3L21mL3Nub3d5L2Jpb2luZm8tdG9vbHMvbWlzYyIsIi9zdy9tZi9zbm93eS9iaW9pbmZvLXRvb2xzL3BoeWxvZ2VueSIsIi9zdy9tZi9zbm93eS9iaW9pbmZvLXRvb2xzL3BpcGVsaW5lcyIsIi9zdy9tZi9zbm93eS9iaW9pbmZvLXRvb2xzL3N3X2NvbGxlY3Rpb25zIiwiL3N3L21mL3Nub3d5L2FwcGxpY2F0aW9ucyIsIi9zdy9tZi9zbm93eS9idWlsZC10b29scyIsIi9zdy9tZi9zbm93eS9jb21waWxlcnMiLCIvc3cvbWYvc25vd3kvZGF0YSIsIi9zdy9tZi9zbm93eS9lbnZpcm9ubWVudCIsIi9zdy9tZi9zbm93eS9saWJyYXJpZXMiLCIvc3cvbWYvc25vd3kvcGFyYWxsZWwiLH0sWyJzeXN0ZW1CYXNlTVBBVEgiXT0iL3N3L21mL3Nub3d5L2FwcGxpY2F0aW9uczov
++ export _ModuleTable003_
++ _ModuleTable004_=c3cvbWYvc25vd3kvYnVpbGQtdG9vbHM6L3N3L21mL3Nub3d5L2NvbXBpbGVyczovc3cvbWYvc25vd3kvZGF0YTovc3cvbWYvc25vd3kvZW52aXJvbm1lbnQ6L3N3L21mL3Nub3d5L2xpYnJhcmllczovc3cvbWYvc25vd3kvcGFyYWxsZWwiLH0=
++ export _ModuleTable004_
++ _ModuleTable_Sz_=4
++ export _ModuleTable_Sz_
++ : -s sh
+ eval
+ cd /scratch/6171668/Trimmed_RNA_Reads
+ ls
ERR2036629_1_output_forward_paired.fq.gz
ERR2036629_1_output_forward_unpaired.fq.gz
ERR2036629_2_output_reverse_paired.fq.gz
ERR2036629_2_output_reverse_unpaired.fq.gz
ERR2036630_1_output_forward_paired.fq.gz
ERR2036630_1_output_forward_unpaired.fq.gz
ERR2036630_2_output_reverse_paired.fq.gz
ERR2036630_2_output_reverse_unpaired.fq.gz
ERR2036631_1_output_forward_paired.fq.gz
ERR2036631_1_output_forward_unpaired.fq.gz
ERR2036631_2_output_reverse_paired.fq.gz
ERR2036631_2_output_reverse_unpaired.fq.gz
ERR2036632_1_output_forward_paired.fq.gz
ERR2036632_1_output_forward_unpaired.fq.gz
ERR2036632_2_output_reverse_paired.fq.gz
ERR2036632_2_output_reverse_unpaired.fq.gz
ERR2036633_1_output_forward_paired.fq.gz
ERR2036633_1_output_forward_unpaired.fq.gz
ERR2036633_2_output_reverse_paired.fq.gz
ERR2036633_2_output_reverse_unpaired.fq.gz
+ cd /scratch/6171668/Assembled_data
+ bwa index /scratch/6171668/Assembled_data/assembled_L.ferri_1_4.contigs.fasta
[bwa_index] Pack FASTA... 0.02 sec
[bwa_index] Construct BWT for the packed sequence...
[bwa_index] 0.69 seconds elapse.
[bwa_index] Update BWT... 0.01 sec
[bwa_index] Pack forward-only FASTA... 0.02 sec
[bwa_index] Construct SA from BWT and Occ... 0.30 sec
[main] Version: 0.7.17-r1188
[main] CMD: bwa index /scratch/6171668/Assembled_data/assembled_L.ferri_1_4.contigs.fasta
[main] Real time: 3.684 sec; CPU: 1.050 sec
+ bwa mem -t 2 /scratch/6171668/Assembled_data/assembled_L.ferri_1_4.contigs.fasta /scratch/6171668/Trimmed_RNA_Reads/ERR2036629_1_output_forward_paired.fq.gz /scratch/6171668/Trimmed_RNA_Reads/ERR2036629_2_output_reverse_paired.fq.gz
+ samtools sort -o ERR2036629_sorted.bam
[M::bwa_idx_load_from_disk] read 0 ALT contigs
[M::process] read 164154 sequences (20000223 bp)...
[M::process] read 164046 sequences (20000151 bp)...
[M::mem_pestat] # candidate unique pairs for (FF, FR, RF, RR): (0, 5123, 0, 0)
[M::mem_pestat] skip orientation FF as there are not enough pairs
[M::mem_pestat] analyzing insert size distribution for orientation FR...
[M::mem_pestat] (25, 50, 75) percentile: (214, 267, 317)
[M::mem_pestat] low and high boundaries for computing mean and std.dev: (8, 523)
[M::mem_pestat] mean and std.dev: (267.01, 75.15)
[M::mem_pestat] low and high boundaries for proper pairs: (1, 626)
[M::mem_pestat] skip orientation RF as there are not enough pairs
[M::mem_pestat] skip orientation RR as there are not enough pairs
[M::mem_process_seqs] Processed 164154 reads in 8.734 CPU sec, 4.525 real sec
[M::process] read 163992 sequences (20000082 bp)...
[M::mem_pestat] # candidate unique pairs for (FF, FR, RF, RR): (0, 4934, 1, 0)
[M::mem_pestat] skip orientation FF as there are not enough pairs
[M::mem_pestat] analyzing insert size distribution for orientation FR...
[M::mem_pestat] (25, 50, 75) percentile: (211, 264, 315)
[M::mem_pestat] low and high boundaries for computing mean and std.dev: (3, 523)
[M::mem_pestat] mean and std.dev: (264.96, 75.66)
[M::mem_pestat] low and high boundaries for proper pairs: (1, 627)
[M::mem_pestat] skip orientation RF as there are not enough pairs
[M::mem_pestat] skip orientation RR as there are not enough pairs
[M::mem_process_seqs] Processed 164046 reads in 8.954 CPU sec, 4.684 real sec
[M::process] read 163920 sequences (20000043 bp)...
[M::mem_pestat] # candidate unique pairs for (FF, FR, RF, RR): (0, 5121, 2, 0)
[M::mem_pestat] skip orientation FF as there are not enough pairs
[M::mem_pestat] analyzing insert size distribution for orientation FR...
[M::mem_pestat] (25, 50, 75) percentile: (210, 263, 316)
[M::mem_pestat] low and high boundaries for computing mean and std.dev: (1, 528)
[M::mem_pestat] mean and std.dev: (264.59, 74.88)
[M::mem_pestat] low and high boundaries for proper pairs: (1, 634)
[M::mem_pestat] skip orientation RF as there are not enough pairs
[M::mem_pestat] skip orientation RR as there are not enough pairs
[M::mem_process_seqs] Processed 163992 reads in 8.349 CPU sec, 4.328 real sec
[M::process] read 163914 sequences (20000083 bp)...
[M::mem_pestat] # candidate unique pairs for (FF, FR, RF, RR): (0, 5130, 1, 0)
[M::mem_pestat] skip orientation FF as there are not enough pairs
[M::mem_pestat] analyzing insert size distribution for orientation FR...
[M::mem_pestat] (25, 50, 75) percentile: (214, 266, 316)
[M::mem_pestat] low and high boundaries for computing mean and std.dev: (10, 520)
[M::mem_pestat] mean and std.dev: (267.14, 75.42)
[M::mem_pestat] low and high boundaries for proper pairs: (1, 622)
[M::mem_pestat] skip orientation RF as there are not enough pairs
[M::mem_pestat] skip orientation RR as there are not enough pairs
[M::mem_process_seqs] Processed 163920 reads in 8.861 CPU sec, 4.620 real sec
[M::process] read 163850 sequences (20000236 bp)...
[M::mem_pestat] # candidate unique pairs for (FF, FR, RF, RR): (0, 4982, 0, 0)
[M::mem_pestat] skip orientation FF as there are not enough pairs
[M::mem_pestat] analyzing insert size distribution for orientation FR...
[M::mem_pestat] (25, 50, 75) percentile: (213, 266, 316)
[M::mem_pestat] low and high boundaries for computing mean and std.dev: (7, 522)
[M::mem_pestat] mean and std.dev: (266.49, 74.57)
[M::mem_pestat] low and high boundaries for proper pairs: (1, 625)
[M::mem_pestat] skip orientation RF as there are not enough pairs
[M::mem_pestat] skip orientation RR as there are not enough pairs
[M::mem_process_seqs] Processed 163914 reads in 8.512 CPU sec, 4.384 real sec
[M::process] read 163806 sequences (20000007 bp)...
[M::mem_pestat] # candidate unique pairs for (FF, FR, RF, RR): (0, 5083, 0, 0)
[M::mem_pestat] skip orientation FF as there are not enough pairs
[M::mem_pestat] analyzing insert size distribution for orientation FR...
[M::mem_pestat] (25, 50, 75) percentile: (214, 266, 317)
[M::mem_pestat] low and high boundaries for computing mean and std.dev: (8, 523)
[M::mem_pestat] mean and std.dev: (267.21, 75.43)
[M::mem_pestat] low and high boundaries for proper pairs: (1, 626)
[M::mem_pestat] skip orientation RF as there are not enough pairs
[M::mem_pestat] skip orientation RR as there are not enough pairs
[M::mem_process_seqs] Processed 163850 reads in 8.780 CPU sec, 4.536 real sec
[M::process] read 163926 sequences (20000197 bp)...
[M::mem_pestat] # candidate unique pairs for (FF, FR, RF, RR): (0, 5036, 0, 0)
[M::mem_pestat] skip orientation FF as there are not enough pairs
[M::mem_pestat] analyzing insert size distribution for orientation FR...
[M::mem_pestat] (25, 50, 75) percentile: (213, 266, 316)
[M::mem_pestat] low and high boundaries for computing mean and std.dev: (7, 522)
[M::mem_pestat] mean and std.dev: (266.24, 75.52)
[M::mem_pestat] low and high boundaries for proper pairs: (1, 625)
[M::mem_pestat] skip orientation RF as there are not enough pairs
[M::mem_pestat] skip orientation RR as there are not enough pairs
[M::mem_process_seqs] Processed 163806 reads in 8.840 CPU sec, 4.606 real sec
[M::process] read 164058 sequences (20000060 bp)...
[M::mem_pestat] # candidate unique pairs for (FF, FR, RF, RR): (0, 5038, 1, 0)
[M::mem_pestat] skip orientation FF as there are not enough pairs
[M::mem_pestat] analyzing insert size distribution for orientation FR...
[M::mem_pestat] (25, 50, 75) percentile: (212, 268, 316)
[M::mem_pestat] low and high boundaries for computing mean and std.dev: (4, 524)
[M::mem_pestat] mean and std.dev: (266.60, 74.75)
[M::mem_pestat] low and high boundaries for proper pairs: (1, 628)
[M::mem_pestat] skip orientation RF as there are not enough pairs
[M::mem_pestat] skip orientation RR as there are not enough pairs
[M::mem_process_seqs] Processed 163926 reads in 8.775 CPU sec, 4.538 real sec
[M::process] read 164230 sequences (20000206 bp)...
[M::mem_pestat] # candidate unique pairs for (FF, FR, RF, RR): (0, 5140, 0, 0)
[M::mem_pestat] skip orientation FF as there are not enough pairs
[M::mem_pestat] analyzing insert size distribution for orientation FR...
[M::mem_pestat] (25, 50, 75) percentile: (213, 265, 317)
[M::mem_pestat] low and high boundaries for computing mean and std.dev: (5, 525)
[M::mem_pestat] mean and std.dev: (266.75, 75.56)
[M::mem_pestat] low and high boundaries for proper pairs: (1, 629)
[M::mem_pestat] skip orientation RF as there are not enough pairs
[M::mem_pestat] skip orientation RR as there are not enough pairs
[M::mem_process_seqs] Processed 164058 reads in 8.419 CPU sec, 4.352 real sec
[M::process] read 164602 sequences (20000007 bp)...
[M::mem_pestat] # candidate unique pairs for (FF, FR, RF, RR): (0, 5054, 1, 0)
[M::mem_pestat] skip orientation FF as there are not enough pairs
[M::mem_pestat] analyzing insert size distribution for orientation FR...
[M::mem_pestat] (25, 50, 75) percentile: (211, 265, 315)
[M::mem_pestat] low and high boundaries for computing mean and std.dev: (3, 523)
[M::mem_pestat] mean and std.dev: (265.62, 75.21)
[M::mem_pestat] low and high boundaries for proper pairs: (1, 627)
[M::mem_pestat] skip orientation RF as there are not enough pairs
[M::mem_pestat] skip orientation RR as there are not enough pairs
[M::mem_process_seqs] Processed 164230 reads in 8.419 CPU sec, 4.396 real sec
[M::process] read 164798 sequences (20000031 bp)...
[M::mem_pestat] # candidate unique pairs for (FF, FR, RF, RR): (0, 4996, 0, 0)
[M::mem_pestat] skip orientation FF as there are not enough pairs
[M::mem_pestat] analyzing insert size distribution for orientation FR...
[M::mem_pestat] (25, 50, 75) percentile: (211, 264, 314)
[M::mem_pestat] low and high boundaries for computing mean and std.dev: (5, 520)
[M::mem_pestat] mean and std.dev: (264.58, 75.10)
[M::mem_pestat] low and high boundaries for proper pairs: (1, 623)
[M::mem_pestat] skip orientation RF as there are not enough pairs
[M::mem_pestat] skip orientation RR as there are not enough pairs
[M::mem_process_seqs] Processed 164602 reads in 9.029 CPU sec, 4.934 real sec
[M::process] read 165374 sequences (20000203 bp)...
[M::mem_pestat] # candidate unique pairs for (FF, FR, RF, RR): (0, 4986, 0, 0)
[M::mem_pestat] skip orientation FF as there are not enough pairs
[M::mem_pestat] analyzing insert size distribution for orientation FR...
[M::mem_pestat] (25, 50, 75) percentile: (213, 265, 317)
[M::mem_pestat] low and high boundaries for computing mean and std.dev: (5, 525)
[M::mem_pestat] mean and std.dev: (266.81, 75.51)
[M::mem_pestat] low and high boundaries for proper pairs: (1, 629)
[M::mem_pestat] skip orientation RF as there are not enough pairs
[M::mem_pestat] skip orientation RR as there are not enough pairs
[M::mem_process_seqs] Processed 164798 reads in 8.243 CPU sec, 7.665 real sec
[M::process] read 166796 sequences (20000063 bp)...
[M::mem_pestat] # candidate unique pairs for (FF, FR, RF, RR): (0, 5005, 0, 0)
[M::mem_pestat] skip orientation FF as there are not enough pairs
[M::mem_pestat] analyzing insert size distribution for orientation FR...
[M::mem_pestat] (25, 50, 75) percentile: (213, 265, 315)
[M::mem_pestat] low and high boundaries for computing mean and std.dev: (9, 519)
[M::mem_pestat] mean and std.dev: (265.82, 74.34)
[M::mem_pestat] low and high boundaries for proper pairs: (1, 621)
[M::mem_pestat] skip orientation RF as there are not enough pairs
[M::mem_pestat] skip orientation RR as there are not enough pairs
[M::mem_process_seqs] Processed 165374 reads in 9.011 CPU sec, 5.190 real sec
[M::process] read 166910 sequences (20000073 bp)...
[M::mem_pestat] # candidate unique pairs for (FF, FR, RF, RR): (0, 5141, 0, 0)
[M::mem_pestat] skip orientation FF as there are not enough pairs
[M::mem_pestat] analyzing insert size distribution for orientation FR...
[M::mem_pestat] (25, 50, 75) percentile: (212, 263, 314)
[M::mem_pestat] low and high boundaries for computing mean and std.dev: (8, 518)
[M::mem_pestat] mean and std.dev: (265.27, 75.46)
[M::mem_pestat] low and high boundaries for proper pairs: (1, 620)
[M::mem_pestat] skip orientation RF as there are not enough pairs
[M::mem_pestat] skip orientation RR as there are not enough pairs
[M::mem_process_seqs] Processed 166796 reads in 8.778 CPU sec, 8.151 real sec
[M::process] read 167252 sequences (20000105 bp)...
[M::mem_pestat] # candidate unique pairs for (FF, FR, RF, RR): (0, 5051, 0, 0)
[M::mem_pestat] skip orientation FF as there are not enough pairs
[M::mem_pestat] analyzing insert size distribution for orientation FR...
[M::mem_pestat] (25, 50, 75) percentile: (215, 268, 316)
[M::mem_pestat] low and high boundaries for computing mean and std.dev: (13, 518)
[M::mem_pestat] mean and std.dev: (267.11, 75.00)
[M::mem_pestat] low and high boundaries for proper pairs: (1, 619)
[M::mem_pestat] skip orientation RF as there are not enough pairs
[M::mem_pestat] skip orientation RR as there are not enough pairs
[M::mem_process_seqs] Processed 166910 reads in 9.072 CPU sec, 7.577 real sec
[M::mem_pestat] # candidate unique pairs for (FF, FR, RF, RR): (0, 4934, 0, 0)
[M::mem_pestat] skip orientation FF as there are not enough pairs
[M::mem_pestat] analyzing insert size distribution for orientation FR...
[M::mem_pestat] (25, 50, 75) percentile: (210, 264, 314)
[M::mem_pestat] low and high boundaries for computing mean and std.dev: (2, 522)
[M::mem_pestat] mean and std.dev: (263.80, 74.76)
[M::mem_pestat] low and high boundaries for proper pairs: (1, 626)
[M::mem_pestat] skip orientation RF as there are not enough pairs
[M::mem_pestat] skip orientation RR as there are not enough pairs
[M::mem_process_seqs] Processed 167252 reads in 8.207 CPU sec, 6.358 real sec
[M::process] read 167276 sequences (20000232 bp)...
[M::process] read 167824 sequences (20000089 bp)...
[M::mem_pestat] # candidate unique pairs for (FF, FR, RF, RR): (0, 4949, 1, 0)
[M::mem_pestat] skip orientation FF as there are not enough pairs
[M::mem_pestat] analyzing insert size distribution for orientation FR...
[M::mem_pestat] (25, 50, 75) percentile: (210, 264, 316)
[M::mem_pestat] low and high boundaries for computing mean and std.dev: (1, 528)
[M::mem_pestat] mean and std.dev: (265.37, 76.52)
[M::mem_pestat] low and high boundaries for proper pairs: (1, 634)
[M::mem_pestat] skip orientation RF as there are not enough pairs
[M::mem_pestat] skip orientation RR as there are not enough pairs
[M::mem_process_seqs] Processed 167276 reads in 8.355 CPU sec, 4.197 real sec
[M::process] read 168322 sequences (20000160 bp)...
[M::mem_pestat] # candidate unique pairs for (FF, FR, RF, RR): (0, 5000, 0, 0)
[M::mem_pestat] skip orientation FF as there are not enough pairs
[M::mem_pestat] analyzing insert size distribution for orientation FR...
[M::mem_pestat] (25, 50, 75) percentile: (215, 268, 318)
[M::mem_pestat] low and high boundaries for computing mean and std.dev: (9, 524)
[M::mem_pestat] mean and std.dev: (268.23, 75.37)
[M::mem_pestat] low and high boundaries for proper pairs: (1, 627)
[M::mem_pestat] skip orientation RF as there are not enough pairs
[M::mem_pestat] skip orientation RR as there are not enough pairs
[M::mem_process_seqs] Processed 167824 reads in 8.615 CPU sec, 4.438 real sec
[M::process] read 168352 sequences (20000066 bp)...
[M::mem_pestat] # candidate unique pairs for (FF, FR, RF, RR): (0, 4913, 0, 0)
[M::mem_pestat] skip orientation FF as there are not enough pairs
[M::mem_pestat] analyzing insert size distribution for orientation FR...
[M::mem_pestat] (25, 50, 75) percentile: (208, 262, 315)
[M::mem_pestat] low and high boundaries for computing mean and std.dev: (1, 529)
[M::mem_pestat] mean and std.dev: (264.11, 77.07)
[M::mem_pestat] low and high boundaries for proper pairs: (1, 636)
[M::mem_pestat] skip orientation RF as there are not enough pairs
[M::mem_pestat] skip orientation RR as there are not enough pairs
[M::mem_process_seqs] Processed 168322 reads in 8.609 CPU sec, 4.424 real sec
[M::process] read 168446 sequences (20000018 bp)...
[M::mem_pestat] # candidate unique pairs for (FF, FR, RF, RR): (0, 4923, 1, 0)
[M::mem_pestat] skip orientation FF as there are not enough pairs
[M::mem_pestat] analyzing insert size distribution for orientation FR...
[M::mem_pestat] (25, 50, 75) percentile: (210, 265, 317)
[M::mem_pestat] low and high boundaries for computing mean and std.dev: (1, 531)
[M::mem_pestat] mean and std.dev: (264.89, 76.04)
[M::mem_pestat] low and high boundaries for proper pairs: (1, 638)
[M::mem_pestat] skip orientation RF as there are not enough pairs
[M::mem_pestat] skip orientation RR as there are not enough pairs
[M::mem_process_seqs] Processed 168352 reads in 8.653 CPU sec, 4.672 real sec
[M::process] read 168250 sequences (20000153 bp)...
[M::mem_pestat] # candidate unique pairs for (FF, FR, RF, RR): (0, 5157, 1, 0)
[M::mem_pestat] skip orientation FF as there are not enough pairs
[M::mem_pestat] analyzing insert size distribution for orientation FR...
[M::mem_pestat] (25, 50, 75) percentile: (213, 264, 314)
[M::mem_pestat] low and high boundaries for computing mean and std.dev: (11, 516)
[M::mem_pestat] mean and std.dev: (264.88, 74.78)
[M::mem_pestat] low and high boundaries for proper pairs: (1, 617)
[M::mem_pestat] skip orientation RF as there are not enough pairs
[M::mem_pestat] skip orientation RR as there are not enough pairs
[M::mem_process_seqs] Processed 168446 reads in 9.082 CPU sec, 4.679 real sec
[M::process] read 167808 sequences (20000156 bp)...
[M::mem_pestat] # candidate unique pairs for (FF, FR, RF, RR): (0, 5078, 1, 0)
[M::mem_pestat] skip orientation FF as there are not enough pairs
[M::mem_pestat] analyzing insert size distribution for orientation FR...
[M::mem_pestat] (25, 50, 75) percentile: (211, 267, 318)
[M::mem_pestat] low and high boundaries for computing mean and std.dev: (1, 532)
[M::mem_pestat] mean and std.dev: (267.15, 76.07)
[M::mem_pestat] low and high boundaries for proper pairs: (1, 639)
[M::mem_pestat] skip orientation RF as there are not enough pairs
[M::mem_pestat] skip orientation RR as there are not enough pairs
[M::mem_process_seqs] Processed 168250 reads in 8.616 CPU sec, 4.443 real sec
[M::process] read 167182 sequences (20000011 bp)...
[M::mem_pestat] # candidate unique pairs for (FF, FR, RF, RR): (0, 4996, 1, 0)
[M::mem_pestat] skip orientation FF as there are not enough pairs
[M::mem_pestat] analyzing insert size distribution for orientation FR...
[M::mem_pestat] (25, 50, 75) percentile: (215, 267, 317)
[M::mem_pestat] low and high boundaries for computing mean and std.dev: (11, 521)
[M::mem_pestat] mean and std.dev: (267.66, 74.75)
[M::mem_pestat] low and high boundaries for proper pairs: (1, 623)
[M::mem_pestat] skip orientation RF as there are not enough pairs
[M::mem_pestat] skip orientation RR as there are not enough pairs
[M::mem_process_seqs] Processed 167808 reads in 9.007 CPU sec, 4.619 real sec
[M::process] read 166750 sequences (20000204 bp)...
[M::mem_pestat] # candidate unique pairs for (FF, FR, RF, RR): (0, 4964, 1, 0)
[M::mem_pestat] skip orientation FF as there are not enough pairs
[M::mem_pestat] analyzing insert size distribution for orientation FR...
[M::mem_pestat] (25, 50, 75) percentile: (212, 264, 312)
[M::mem_pestat] low and high boundaries for computing mean and std.dev: (12, 512)
[M::mem_pestat] mean and std.dev: (264.06, 72.97)
[M::mem_pestat] low and high boundaries for proper pairs: (1, 612)
[M::mem_pestat] skip orientation RF as there are not enough pairs
[M::mem_pestat] skip orientation RR as there are not enough pairs
[M::mem_process_seqs] Processed 167182 reads in 8.680 CPU sec, 4.455 real sec
[M::process] read 166200 sequences (20000093 bp)...
[M::mem_pestat] # candidate unique pairs for (FF, FR, RF, RR): (0, 4928, 0, 0)
[M::mem_pestat] skip orientation FF as there are not enough pairs
[M::mem_pestat] analyzing insert size distribution for orientation FR...
[M::mem_pestat] (25, 50, 75) percentile: (209, 263, 315)
[M::mem_pestat] low and high boundaries for computing mean and std.dev: (1, 527)
[M::mem_pestat] mean and std.dev: (264.07, 76.23)
[M::mem_pestat] low and high boundaries for proper pairs: (1, 633)
[M::mem_pestat] skip orientation RF as there are not enough pairs
[M::mem_pestat] skip orientation RR as there are not enough pairs
[M::mem_process_seqs] Processed 166750 reads in 8.576 CPU sec, 4.461 real sec
[M::process] read 165882 sequences (20000076 bp)...
[M::mem_pestat] # candidate unique pairs for (FF, FR, RF, RR): (0, 5020, 1, 0)
[M::mem_pestat] skip orientation FF as there are not enough pairs
[M::mem_pestat] analyzing insert size distribution for orientation FR...
[M::mem_pestat] (25, 50, 75) percentile: (212, 265, 313)
[M::mem_pestat] low and high boundaries for computing mean and std.dev: (10, 515)
[M::mem_pestat] mean and std.dev: (265.00, 74.36)
[M::mem_pestat] low and high boundaries for proper pairs: (1, 616)
[M::mem_pestat] skip orientation RF as there are not enough pairs
[M::mem_pestat] skip orientation RR as there are not enough pairs
[M::mem_process_seqs] Processed 166200 reads in 8.468 CPU sec, 4.374 real sec
[M::process] read 165480 sequences (20000143 bp)...
[M::mem_pestat] # candidate unique pairs for (FF, FR, RF, RR): (0, 5062, 0, 0)
[M::mem_pestat] skip orientation FF as there are not enough pairs
[M::mem_pestat] analyzing insert size distribution for orientation FR...
[M::mem_pestat] (25, 50, 75) percentile: (210, 264, 312)
[M::mem_pestat] low and high boundaries for computing mean and std.dev: (6, 516)
[M::mem_pestat] mean and std.dev: (263.93, 74.95)
[M::mem_pestat] low and high boundaries for proper pairs: (1, 618)
[M::mem_pestat] skip orientation RF as there are not enough pairs
[M::mem_pestat] skip orientation RR as there are not enough pairs
[M::mem_process_seqs] Processed 165882 reads in 8.891 CPU sec, 4.602 real sec
[M::process] read 165432 sequences (20000054 bp)...
[M::mem_pestat] # candidate unique pairs for (FF, FR, RF, RR): (0, 5055, 0, 0)
[M::mem_pestat] skip orientation FF as there are not enough pairs
[M::mem_pestat] analyzing insert size distribution for orientation FR...
[M::mem_pestat] (25, 50, 75) percentile: (211, 264, 315)
[M::mem_pestat] low and high boundaries for computing mean and std.dev: (3, 523)
[M::mem_pestat] mean and std.dev: (265.47, 75.99)
[M::mem_pestat] low and high boundaries for proper pairs: (1, 627)
[M::mem_pestat] skip orientation RF as there are not enough pairs
[M::mem_pestat] skip orientation RR as there are not enough pairs
[M::mem_process_seqs] Processed 165480 reads in 8.996 CPU sec, 4.619 real sec
[M::process] read 164848 sequences (20000124 bp)...
[M::mem_pestat] # candidate unique pairs for (FF, FR, RF, RR): (0, 4927, 1, 0)
[M::mem_pestat] skip orientation FF as there are not enough pairs
[M::mem_pestat] analyzing insert size distribution for orientation FR...
[M::mem_pestat] (25, 50, 75) percentile: (210, 263, 315)
[M::mem_pestat] low and high boundaries for computing mean and std.dev: (1, 525)
[M::mem_pestat] mean and std.dev: (264.48, 74.96)
[M::mem_pestat] low and high boundaries for proper pairs: (1, 630)
[M::mem_pestat] skip orientation RF as there are not enough pairs
[M::mem_pestat] skip orientation RR as there are not enough pairs
[M::mem_process_seqs] Processed 165432 reads in 8.629 CPU sec, 4.474 real sec
[M::mem_pestat] # candidate unique pairs for (FF, FR, RF, RR): (0, 5131, 0, 0)
[M::mem_pestat] skip orientation FF as there are not enough pairs
[M::mem_pestat] analyzing insert size distribution for orientation FR...
[M::mem_pestat] (25, 50, 75) percentile: (209, 262, 314)
[M::mem_pestat] low and high boundaries for computing mean and std.dev: (1, 524)
[M::mem_pestat] mean and std.dev: (263.76, 76.17)
[M::mem_pestat] low and high boundaries for proper pairs: (1, 629)
[M::mem_pestat] skip orientation RF as there are not enough pairs
[M::mem_pestat] skip orientation RR as there are not enough pairs
[M::mem_process_seqs] Processed 164848 reads in 8.263 CPU sec, 6.004 real sec
[M::process] read 164320 sequences (20000022 bp)...
[M::process] read 163974 sequences (20000124 bp)...
[M::mem_pestat] # candidate unique pairs for (FF, FR, RF, RR): (0, 4957, 0, 0)
[M::mem_pestat] skip orientation FF as there are not enough pairs
[M::mem_pestat] analyzing insert size distribution for orientation FR...
[M::mem_pestat] (25, 50, 75) percentile: (212, 264, 314)
[M::mem_pestat] low and high boundaries for computing mean and std.dev: (8, 518)
[M::mem_pestat] mean and std.dev: (264.23, 75.25)
[M::mem_pestat] low and high boundaries for proper pairs: (1, 620)
[M::mem_pestat] skip orientation RF as there are not enough pairs
[M::mem_pestat] skip orientation RR as there are not enough pairs
[M::mem_process_seqs] Processed 164320 reads in 8.741 CPU sec, 4.391 real sec
[M::process] read 163674 sequences (20000213 bp)...
[M::mem_pestat] # candidate unique pairs for (FF, FR, RF, RR): (0, 4907, 0, 0)
[M::mem_pestat] skip orientation FF as there are not enough pairs
[M::mem_pestat] analyzing insert size distribution for orientation FR...
[M::mem_pestat] (25, 50, 75) percentile: (210, 263, 313)
[M::mem_pestat] low and high boundaries for computing mean and std.dev: (4, 519)
[M::mem_pestat] mean and std.dev: (263.84, 75.80)
[M::mem_pestat] low and high boundaries for proper pairs: (1, 622)
[M::mem_pestat] skip orientation RF as there are not enough pairs
[M::mem_pestat] skip orientation RR as there are not enough pairs
[M::mem_process_seqs] Processed 163974 reads in 8.879 CPU sec, 4.549 real sec
[M::process] read 163434 sequences (20000248 bp)...
[M::mem_pestat] # candidate unique pairs for (FF, FR, RF, RR): (0, 4816, 0, 0)
[M::mem_pestat] skip orientation FF as there are not enough pairs
[M::mem_pestat] analyzing insert size distribution for orientation FR...
[M::mem_pestat] (25, 50, 75) percentile: (210, 262, 316)
[M::mem_pestat] low and high boundaries for computing mean and std.dev: (1, 528)
[M::mem_pestat] mean and std.dev: (263.69, 76.02)
[M::mem_pestat] low and high boundaries for proper pairs: (1, 634)
[M::mem_pestat] skip orientation RF as there are not enough pairs
[M::mem_pestat] skip orientation RR as there are not enough pairs
[M::mem_process_seqs] Processed 163674 reads in 8.446 CPU sec, 4.365 real sec
[M::process] read 163124 sequences (20000123 bp)...
[M::mem_pestat] # candidate unique pairs for (FF, FR, RF, RR): (0, 4862, 0, 0)
[M::mem_pestat] skip orientation FF as there are not enough pairs
[M::mem_pestat] analyzing insert size distribution for orientation FR...
[M::mem_pestat] (25, 50, 75) percentile: (208, 263, 312)
[M::mem_pestat] low and high boundaries for computing mean and std.dev: (1, 520)
[M::mem_pestat] mean and std.dev: (262.46, 75.47)
[M::mem_pestat] low and high boundaries for proper pairs: (1, 624)
[M::mem_pestat] skip orientation RF as there are not enough pairs
[M::mem_pestat] skip orientation RR as there are not enough pairs
[M::mem_process_seqs] Processed 163434 reads in 8.896 CPU sec, 4.660 real sec
[M::process] read 162858 sequences (20000114 bp)...
[M::mem_pestat] # candidate unique pairs for (FF, FR, RF, RR): (0, 4761, 0, 0)
[M::mem_pestat] skip orientation FF as there are not enough pairs
[M::mem_pestat] analyzing insert size distribution for orientation FR...
[M::mem_pestat] (25, 50, 75) percentile: (212, 264, 314)
[M::mem_pestat] low and high boundaries for computing mean and std.dev: (8, 518)
[M::mem_pestat] mean and std.dev: (264.78, 75.55)
[M::mem_pestat] low and high boundaries for proper pairs: (1, 620)
[M::mem_pestat] skip orientation RF as there are not enough pairs
[M::mem_pestat] skip orientation RR as there are not enough pairs
[M::mem_process_seqs] Processed 163124 reads in 8.498 CPU sec, 4.351 real sec
[M::process] read 165210 sequences (20000146 bp)...
[M::mem_pestat] # candidate unique pairs for (FF, FR, RF, RR): (0, 4967, 0, 0)
[M::mem_pestat] skip orientation FF as there are not enough pairs
[M::mem_pestat] analyzing insert size distribution for orientation FR...
[M::mem_pestat] (25, 50, 75) percentile: (213, 268, 318)
[M::mem_pestat] low and high boundaries for computing mean and std.dev: (3, 528)
[M::mem_pestat] mean and std.dev: (267.42, 75.72)
[M::mem_pestat] low and high boundaries for proper pairs: (1, 633)
[M::mem_pestat] skip orientation RF as there are not enough pairs
[M::mem_pestat] skip orientation RR as there are not enough pairs
[M::mem_process_seqs] Processed 162858 reads in 8.722 CPU sec, 4.471 real sec
[M::process] read 163204 sequences (20000189 bp)...
[M::mem_pestat] # candidate unique pairs for (FF, FR, RF, RR): (0, 4523, 1, 0)
[M::mem_pestat] skip orientation FF as there are not enough pairs
[M::mem_pestat] analyzing insert size distribution for orientation FR...
[M::mem_pestat] (25, 50, 75) percentile: (208, 261, 311)
[M::mem_pestat] low and high boundaries for computing mean and std.dev: (2, 517)
[M::mem_pestat] mean and std.dev: (260.61, 75.45)
[M::mem_pestat] low and high boundaries for proper pairs: (1, 620)
[M::mem_pestat] skip orientation RF as there are not enough pairs
[M::mem_pestat] skip orientation RR as there are not enough pairs
[M::mem_process_seqs] Processed 165210 reads in 9.944 CPU sec, 5.074 real sec
[M::process] read 162834 sequences (20000233 bp)...
[M::mem_pestat] # candidate unique pairs for (FF, FR, RF, RR): (0, 4739, 0, 0)
[M::mem_pestat] skip orientation FF as there are not enough pairs
[M::mem_pestat] analyzing insert size distribution for orientation FR...
[M::mem_pestat] (25, 50, 75) percentile: (209, 261, 311)
[M::mem_pestat] low and high boundaries for computing mean and std.dev: (5, 515)
[M::mem_pestat] mean and std.dev: (261.86, 74.01)
[M::mem_pestat] low and high boundaries for proper pairs: (1, 617)
[M::mem_pestat] skip orientation RF as there are not enough pairs
[M::mem_pestat] skip orientation RR as there are not enough pairs
[M::mem_process_seqs] Processed 163204 reads in 9.516 CPU sec, 5.025 real sec
[M::process] read 159536 sequences (20000152 bp)...
[M::mem_pestat] # candidate unique pairs for (FF, FR, RF, RR): (0, 4754, 1, 0)
[M::mem_pestat] skip orientation FF as there are not enough pairs
[M::mem_pestat] analyzing insert size distribution for orientation FR...
[M::mem_pestat] (25, 50, 75) percentile: (206, 258, 310)
[M::mem_pestat] low and high boundaries for computing mean and std.dev: (1, 518)
[M::mem_pestat] mean and std.dev: (260.29, 75.15)
[M::mem_pestat] low and high boundaries for proper pairs: (1, 622)
[M::mem_pestat] skip orientation RF as there are not enough pairs
[M::mem_pestat] skip orientation RR as there are not enough pairs
[M::mem_process_seqs] Processed 162834 reads in 8.591 CPU sec, 8.045 real sec
[M::process] read 159514 sequences (20000225 bp)...
[M::mem_pestat] # candidate unique pairs for (FF, FR, RF, RR): (0, 4892, 0, 0)
[M::mem_pestat] skip orientation FF as there are not enough pairs
[M::mem_pestat] analyzing insert size distribution for orientation FR...
[M::mem_pestat] (25, 50, 75) percentile: (211, 264, 315)
[M::mem_pestat] low and high boundaries for computing mean and std.dev: (3, 523)
[M::mem_pestat] mean and std.dev: (264.12, 75.40)
[M::mem_pestat] low and high boundaries for proper pairs: (1, 627)
[M::mem_pestat] skip orientation RF as there are not enough pairs
[M::mem_pestat] skip orientation RR as there are not enough pairs
[M::mem_process_seqs] Processed 159536 reads in 8.227 CPU sec, 4.246 real sec
[M::process] read 159518 sequences (20000054 bp)...
[M::mem_pestat] # candidate unique pairs for (FF, FR, RF, RR): (0, 4847, 0, 0)
[M::mem_pestat] skip orientation FF as there are not enough pairs
[M::mem_pestat] analyzing insert size distribution for orientation FR...
[M::mem_pestat] (25, 50, 75) percentile: (216, 266, 314)
[M::mem_pestat] low and high boundaries for computing mean and std.dev: (20, 510)
[M::mem_pestat] mean and std.dev: (267.09, 73.51)
[M::mem_pestat] low and high boundaries for proper pairs: (1, 608)
[M::mem_pestat] skip orientation RF as there are not enough pairs
[M::mem_pestat] skip orientation RR as there are not enough pairs
[M::mem_process_seqs] Processed 159514 reads in 8.635 CPU sec, 4.649 real sec
[M::process] read 159484 sequences (20000136 bp)...
[M::mem_pestat] # candidate unique pairs for (FF, FR, RF, RR): (0, 4896, 1, 0)
[M::mem_pestat] skip orientation FF as there are not enough pairs
[M::mem_pestat] analyzing insert size distribution for orientation FR...
[M::mem_pestat] (25, 50, 75) percentile: (212, 266, 317)
[M::mem_pestat] low and high boundaries for computing mean and std.dev: (2, 527)
[M::mem_pestat] mean and std.dev: (266.51, 76.30)
[M::mem_pestat] low and high boundaries for proper pairs: (1, 632)
[M::mem_pestat] skip orientation RF as there are not enough pairs
[M::mem_pestat] skip orientation RR as there are not enough pairs
[M::mem_process_seqs] Processed 159518 reads in 8.194 CPU sec, 4.220 real sec
[M::process] read 159478 sequences (20000136 bp)...
[M::mem_pestat] # candidate unique pairs for (FF, FR, RF, RR): (0, 4823, 0, 0)
[M::mem_pestat] skip orientation FF as there are not enough pairs
[M::mem_pestat] analyzing insert size distribution for orientation FR...
[M::mem_pestat] (25, 50, 75) percentile: (208, 263, 314)
[M::mem_pestat] low and high boundaries for computing mean and std.dev: (1, 526)
[M::mem_pestat] mean and std.dev: (263.21, 75.29)
[M::mem_pestat] low and high boundaries for proper pairs: (1, 632)
[M::mem_pestat] skip orientation RF as there are not enough pairs
[M::mem_pestat] skip orientation RR as there are not enough pairs
[M::mem_process_seqs] Processed 159484 reads in 8.199 CPU sec, 4.202 real sec
[M::mem_pestat] # candidate unique pairs for (FF, FR, RF, RR): (0, 4997, 0, 0)
[M::mem_pestat] skip orientation FF as there are not enough pairs
[M::mem_pestat] analyzing insert size distribution for orientation FR...
[M::mem_pestat] (25, 50, 75) percentile: (208, 262, 314)
[M::mem_pestat] low and high boundaries for computing mean and std.dev: (1, 526)
[M::mem_pestat] mean and std.dev: (263.02, 75.23)
[M::mem_pestat] low and high boundaries for proper pairs: (1, 632)
[M::mem_pestat] skip orientation RF as there are not enough pairs
[M::mem_pestat] skip orientation RR as there are not enough pairs
[M::mem_process_seqs] Processed 159478 reads in 7.733 CPU sec, 5.730 real sec
[M::process] read 159442 sequences (20000194 bp)...
[M::process] read 159472 sequences (20000119 bp)...
[M::mem_pestat] # candidate unique pairs for (FF, FR, RF, RR): (0, 4902, 0, 0)
[M::mem_pestat] skip orientation FF as there are not enough pairs
[M::mem_pestat] analyzing insert size distribution for orientation FR...
[M::mem_pestat] (25, 50, 75) percentile: (210, 264, 315)
[M::mem_pestat] low and high boundaries for computing mean and std.dev: (1, 525)
[M::mem_pestat] mean and std.dev: (263.99, 74.85)
[M::mem_pestat] low and high boundaries for proper pairs: (1, 630)
[M::mem_pestat] skip orientation RF as there are not enough pairs
[M::mem_pestat] skip orientation RR as there are not enough pairs
[M::mem_process_seqs] Processed 159442 reads in 8.079 CPU sec, 4.053 real sec
[M::process] read 159480 sequences (20000049 bp)...
[M::mem_pestat] # candidate unique pairs for (FF, FR, RF, RR): (0, 4953, 0, 0)
[M::mem_pestat] skip orientation FF as there are not enough pairs
[M::mem_pestat] analyzing insert size distribution for orientation FR...
[M::mem_pestat] (25, 50, 75) percentile: (213, 266, 316)
[M::mem_pestat] low and high boundaries for computing mean and std.dev: (7, 522)
[M::mem_pestat] mean and std.dev: (266.02, 75.32)
[M::mem_pestat] low and high boundaries for proper pairs: (1, 625)
[M::mem_pestat] skip orientation RF as there are not enough pairs
[M::mem_pestat] skip orientation RR as there are not enough pairs
[M::mem_process_seqs] Processed 159472 reads in 8.694 CPU sec, 4.513 real sec
[M::process] read 159480 sequences (20000140 bp)...
[M::mem_pestat] # candidate unique pairs for (FF, FR, RF, RR): (0, 4833, 0, 0)
[M::mem_pestat] skip orientation FF as there are not enough pairs
[M::mem_pestat] analyzing insert size distribution for orientation FR...
[M::mem_pestat] (25, 50, 75) percentile: (215, 269, 317)
[M::mem_pestat] low and high boundaries for computing mean and std.dev: (11, 521)
[M::mem_pestat] mean and std.dev: (267.88, 75.34)
[M::mem_pestat] low and high boundaries for proper pairs: (1, 623)
[M::mem_pestat] skip orientation RF as there are not enough pairs
[M::mem_pestat] skip orientation RR as there are not enough pairs
[M::mem_process_seqs] Processed 159480 reads in 8.589 CPU sec, 4.400 real sec
[M::process] read 159530 sequences (20000101 bp)...
[M::mem_pestat] # candidate unique pairs for (FF, FR, RF, RR): (0, 4948, 0, 0)
[M::mem_pestat] skip orientation FF as there are not enough pairs
[M::mem_pestat] analyzing insert size distribution for orientation FR...
[M::mem_pestat] (25, 50, 75) percentile: (213, 266, 316)
[M::mem_pestat] low and high boundaries for computing mean and std.dev: (7, 522)
[M::mem_pestat] mean and std.dev: (266.65, 75.67)
[M::mem_pestat] low and high boundaries for proper pairs: (1, 625)
[M::mem_pestat] skip orientation RF as there are not enough pairs
[M::mem_pestat] skip orientation RR as there are not enough pairs
[M::mem_process_seqs] Processed 159480 reads in 8.547 CPU sec, 4.409 real sec
[M::process] read 159528 sequences (20000198 bp)...
[M::mem_pestat] # candidate unique pairs for (FF, FR, RF, RR): (0, 4795, 0, 0)
[M::mem_pestat] skip orientation FF as there are not enough pairs
[M::mem_pestat] analyzing insert size distribution for orientation FR...
[M::mem_pestat] (25, 50, 75) percentile: (211, 263, 314)
[M::mem_pestat] low and high boundaries for computing mean and std.dev: (5, 520)
[M::mem_pestat] mean and std.dev: (264.24, 75.92)
[M::mem_pestat] low and high boundaries for proper pairs: (1, 623)
[M::mem_pestat] skip orientation RF as there are not enough pairs
[M::mem_pestat] skip orientation RR as there are not enough pairs
[M::mem_process_seqs] Processed 159530 reads in 8.264 CPU sec, 4.228 real sec
[M::process] read 159532 sequences (20000170 bp)...
[M::mem_pestat] # candidate unique pairs for (FF, FR, RF, RR): (0, 4916, 0, 0)
[M::mem_pestat] skip orientation FF as there are not enough pairs
[M::mem_pestat] analyzing insert size distribution for orientation FR...
[M::mem_pestat] (25, 50, 75) percentile: (213, 267, 317)
[M::mem_pestat] low and high boundaries for computing mean and std.dev: (5, 525)
[M::mem_pestat] mean and std.dev: (267.10, 75.89)
[M::mem_pestat] low and high boundaries for proper pairs: (1, 629)
[M::mem_pestat] skip orientation RF as there are not enough pairs
[M::mem_pestat] skip orientation RR as there are not enough pairs
[M::mem_process_seqs] Processed 159528 reads in 8.192 CPU sec, 4.196 real sec
[M::process] read 159532 sequences (20000147 bp)...
[M::mem_pestat] # candidate unique pairs for (FF, FR, RF, RR): (0, 4815, 1, 0)
[M::mem_pestat] skip orientation FF as there are not enough pairs
[M::mem_pestat] analyzing insert size distribution for orientation FR...
[M::mem_pestat] (25, 50, 75) percentile: (212, 265, 315)
[M::mem_pestat] low and high boundaries for computing mean and std.dev: (6, 521)
[M::mem_pestat] mean and std.dev: (265.85, 75.53)
[M::mem_pestat] low and high boundaries for proper pairs: (1, 624)
[M::mem_pestat] skip orientation RF as there are not enough pairs
[M::mem_pestat] skip orientation RR as there are not enough pairs
[M::mem_process_seqs] Processed 159532 reads in 8.785 CPU sec, 4.656 real sec
[M::process] read 159524 sequences (20000126 bp)...
[M::mem_pestat] # candidate unique pairs for (FF, FR, RF, RR): (0, 4788, 0, 0)
[M::mem_pestat] skip orientation FF as there are not enough pairs
[M::mem_pestat] analyzing insert size distribution for orientation FR...
[M::mem_pestat] (25, 50, 75) percentile: (212, 264, 315)
[M::mem_pestat] low and high boundaries for computing mean and std.dev: (6, 521)
[M::mem_pestat] mean and std.dev: (265.17, 74.48)
[M::mem_pestat] low and high boundaries for proper pairs: (1, 624)
[M::mem_pestat] skip orientation RF as there are not enough pairs
[M::mem_pestat] skip orientation RR as there are not enough pairs
[M::mem_process_seqs] Processed 159532 reads in 8.520 CPU sec, 4.479 real sec
[M::process] read 159570 sequences (20000107 bp)...
[M::mem_pestat] # candidate unique pairs for (FF, FR, RF, RR): (0, 4927, 0, 0)
[M::mem_pestat] skip orientation FF as there are not enough pairs
[M::mem_pestat] analyzing insert size distribution for orientation FR...
[M::mem_pestat] (25, 50, 75) percentile: (212, 267, 316)
[M::mem_pestat] low and high boundaries for computing mean and std.dev: (4, 524)
[M::mem_pestat] mean and std.dev: (266.86, 75.62)
[M::mem_pestat] low and high boundaries for proper pairs: (1, 628)
[M::mem_pestat] skip orientation RF as there are not enough pairs
[M::mem_pestat] skip orientation RR as there are not enough pairs
[M::mem_process_seqs] Processed 159524 reads in 8.398 CPU sec, 4.399 real sec
[M::process] read 159636 sequences (20000180 bp)...
[M::mem_pestat] # candidate unique pairs for (FF, FR, RF, RR): (0, 4678, 1, 0)
[M::mem_pestat] skip orientation FF as there are not enough pairs
[M::mem_pestat] analyzing insert size distribution for orientation FR...
[M::mem_pestat] (25, 50, 75) percentile: (215, 266, 318)
[M::mem_pestat] low and high boundaries for computing mean and std.dev: (9, 524)
[M::mem_pestat] mean and std.dev: (267.50, 76.14)
[M::mem_pestat] low and high boundaries for proper pairs: (1, 627)
[M::mem_pestat] skip orientation RF as there are not enough pairs
[M::mem_pestat] skip orientation RR as there are not enough pairs
[M::mem_process_seqs] Processed 159570 reads in 8.354 CPU sec, 4.629 real sec
[M::process] read 159704 sequences (20000018 bp)...
[M::mem_pestat] # candidate unique pairs for (FF, FR, RF, RR): (0, 4717, 0, 0)
[M::mem_pestat] skip orientation FF as there are not enough pairs
[M::mem_pestat] analyzing insert size distribution for orientation FR...
[M::mem_pestat] (25, 50, 75) percentile: (213, 266, 316)
[M::mem_pestat] low and high boundaries for computing mean and std.dev: (7, 522)
[M::mem_pestat] mean and std.dev: (266.21, 74.91)
[M::mem_pestat] low and high boundaries for proper pairs: (1, 625)
[M::mem_pestat] skip orientation RF as there are not enough pairs
[M::mem_pestat] skip orientation RR as there are not enough pairs
[M::mem_process_seqs] Processed 159636 reads in 8.489 CPU sec, 6.409 real sec
[M::process] read 159740 sequences (20000038 bp)...
[M::mem_pestat] # candidate unique pairs for (FF, FR, RF, RR): (0, 4755, 0, 0)
[M::mem_pestat] skip orientation FF as there are not enough pairs
[M::mem_pestat] analyzing insert size distribution for orientation FR...
[M::mem_pestat] (25, 50, 75) percentile: (213, 265, 319)
[M::mem_pestat] low and high boundaries for computing mean and std.dev: (1, 531)
[M::mem_pestat] mean and std.dev: (267.54, 77.03)
[M::mem_pestat] low and high boundaries for proper pairs: (1, 637)
[M::mem_pestat] skip orientation RF as there are not enough pairs
[M::mem_pestat] skip orientation RR as there are not enough pairs
[M::mem_process_seqs] Processed 159704 reads in 8.551 CPU sec, 4.514 real sec
[M::process] read 159752 sequences (20000026 bp)...
[M::mem_pestat] # candidate unique pairs for (FF, FR, RF, RR): (0, 4757, 0, 0)
[M::mem_pestat] skip orientation FF as there are not enough pairs
[M::mem_pestat] analyzing insert size distribution for orientation FR...
[M::mem_pestat] (25, 50, 75) percentile: (210, 263, 316)
[M::mem_pestat] low and high boundaries for computing mean and std.dev: (1, 528)
[M::mem_pestat] mean and std.dev: (264.84, 75.40)
[M::mem_pestat] low and high boundaries for proper pairs: (1, 634)
[M::mem_pestat] skip orientation RF as there are not enough pairs
[M::mem_pestat] skip orientation RR as there are not enough pairs
[M::mem_process_seqs] Processed 159740 reads in 8.695 CPU sec, 4.661 real sec
[M::mem_pestat] # candidate unique pairs for (FF, FR, RF, RR): (0, 4816, 0, 0)
[M::mem_pestat] skip orientation FF as there are not enough pairs
[M::mem_pestat] analyzing insert size distribution for orientation FR...
[M::mem_pestat] (25, 50, 75) percentile: (211, 263, 317)
[M::mem_pestat] low and high boundaries for computing mean and std.dev: (1, 529)
[M::mem_pestat] mean and std.dev: (266.07, 77.34)
[M::mem_pestat] low and high boundaries for proper pairs: (1, 635)
[M::mem_pestat] skip orientation RF as there are not enough pairs
[M::mem_pestat] skip orientation RR as there are not enough pairs
[M::mem_process_seqs] Processed 159752 reads in 7.874 CPU sec, 6.628 real sec
[M::process] read 159776 sequences (20000024 bp)...
[M::process] read 159806 sequences (20000026 bp)...
[M::mem_pestat] # candidate unique pairs for (FF, FR, RF, RR): (0, 4803, 0, 0)
[M::mem_pestat] skip orientation FF as there are not enough pairs
[M::mem_pestat] analyzing insert size distribution for orientation FR...
[M::mem_pestat] (25, 50, 75) percentile: (211, 265, 316)
[M::mem_pestat] low and high boundaries for computing mean and std.dev: (1, 526)
[M::mem_pestat] mean and std.dev: (264.97, 75.55)
[M::mem_pestat] low and high boundaries for proper pairs: (1, 631)
[M::mem_pestat] skip orientation RF as there are not enough pairs
[M::mem_pestat] skip orientation RR as there are not enough pairs
[M::mem_process_seqs] Processed 159776 reads in 7.932 CPU sec, 4.001 real sec
[M::process] read 159820 sequences (20000193 bp)...
[M::mem_pestat] # candidate unique pairs for (FF, FR, RF, RR): (0, 4850, 0, 0)
[M::mem_pestat] skip orientation FF as there are not enough pairs
[M::mem_pestat] analyzing insert size distribution for orientation FR...
[M::mem_pestat] (25, 50, 75) percentile: (213, 266, 317)
[M::mem_pestat] low and high boundaries for computing mean and std.dev: (5, 525)
[M::mem_pestat] mean and std.dev: (266.22, 75.40)
[M::mem_pestat] low and high boundaries for proper pairs: (1, 629)
[M::mem_pestat] skip orientation RF as there are not enough pairs
[M::mem_pestat] skip orientation RR as there are not enough pairs
[M::mem_process_seqs] Processed 159806 reads in 8.179 CPU sec, 4.711 real sec
[M::process] read 159828 sequences (20000211 bp)...
[M::mem_pestat] # candidate unique pairs for (FF, FR, RF, RR): (0, 4882, 0, 0)
[M::mem_pestat] skip orientation FF as there are not enough pairs
[M::mem_pestat] analyzing insert size distribution for orientation FR...
[M::mem_pestat] (25, 50, 75) percentile: (210, 265, 316)
[M::mem_pestat] low and high boundaries for computing mean and std.dev: (1, 528)
[M::mem_pestat] mean and std.dev: (265.10, 76.25)
[M::mem_pestat] low and high boundaries for proper pairs: (1, 634)
[M::mem_pestat] skip orientation RF as there are not enough pairs
[M::mem_pestat] skip orientation RR as there are not enough pairs
[M::mem_process_seqs] Processed 159820 reads in 8.722 CPU sec, 4.487 real sec
[M::process] read 159844 sequences (20000224 bp)...
[M::mem_pestat] # candidate unique pairs for (FF, FR, RF, RR): (0, 4758, 0, 0)
[M::mem_pestat] skip orientation FF as there are not enough pairs
[M::mem_pestat] analyzing insert size distribution for orientation FR...
[M::mem_pestat] (25, 50, 75) percentile: (212, 264, 315)
[M::mem_pestat] low and high boundaries for computing mean and std.dev: (6, 521)
[M::mem_pestat] mean and std.dev: (265.40, 74.68)
[M::mem_pestat] low and high boundaries for proper pairs: (1, 624)
[M::mem_pestat] skip orientation RF as there are not enough pairs
[M::mem_pestat] skip orientation RR as there are not enough pairs
[M::mem_process_seqs] Processed 159828 reads in 7.913 CPU sec, 7.268 real sec
[M::process] read 159802 sequences (20000110 bp)...
[M::mem_pestat] # candidate unique pairs for (FF, FR, RF, RR): (0, 4791, 0, 0)
[M::mem_pestat] skip orientation FF as there are not enough pairs
[M::mem_pestat] analyzing insert size distribution for orientation FR...
[M::mem_pestat] (25, 50, 75) percentile: (210, 263, 317)
[M::mem_pestat] low and high boundaries for computing mean and std.dev: (1, 531)
[M::mem_pestat] mean and std.dev: (265.54, 77.64)
[M::mem_pestat] low and high boundaries for proper pairs: (1, 638)
[M::mem_pestat] skip orientation RF as there are not enough pairs
[M::mem_pestat] skip orientation RR as there are not enough pairs
[M::mem_process_seqs] Processed 159844 reads in 8.422 CPU sec, 7.250 real sec
[M::process] read 159808 sequences (20000053 bp)...
[M::mem_pestat] # candidate unique pairs for (FF, FR, RF, RR): (0, 4796, 0, 0)
[M::mem_pestat] skip orientation FF as there are not enough pairs
[M::mem_pestat] analyzing insert size distribution for orientation FR...
[M::mem_pestat] (25, 50, 75) percentile: (213, 265, 316)
[M::mem_pestat] low and high boundaries for computing mean and std.dev: (7, 522)
[M::mem_pestat] mean and std.dev: (266.11, 74.95)
[M::mem_pestat] low and high boundaries for proper pairs: (1, 625)
[M::mem_pestat] skip orientation RF as there are not enough pairs
[M::mem_pestat] skip orientation RR as there are not enough pairs
[M::mem_process_seqs] Processed 159802 reads in 8.596 CPU sec, 4.489 real sec
[M::process] read 159752 sequences (20000114 bp)...
[M::mem_pestat] # candidate unique pairs for (FF, FR, RF, RR): (0, 4746, 0, 0)
[M::mem_pestat] skip orientation FF as there are not enough pairs
[M::mem_pestat] analyzing insert size distribution for orientation FR...
[M::mem_pestat] (25, 50, 75) percentile: (213, 266, 316)
[M::mem_pestat] low and high boundaries for computing mean and std.dev: (7, 522)
[M::mem_pestat] mean and std.dev: (265.78, 75.58)
[M::mem_pestat] low and high boundaries for proper pairs: (1, 625)
[M::mem_pestat] skip orientation RF as there are not enough pairs
[M::mem_pestat] skip orientation RR as there are not enough pairs
[M::mem_process_seqs] Processed 159808 reads in 8.270 CPU sec, 4.281 real sec
[M::process] read 159712 sequences (20000203 bp)...
[M::mem_pestat] # candidate unique pairs for (FF, FR, RF, RR): (0, 4709, 0, 0)
[M::mem_pestat] skip orientation FF as there are not enough pairs
[M::mem_pestat] analyzing insert size distribution for orientation FR...
[M::mem_pestat] (25, 50, 75) percentile: (211, 265, 318)
[M::mem_pestat] low and high boundaries for computing mean and std.dev: (1, 532)
[M::mem_pestat] mean and std.dev: (266.31, 77.06)
[M::mem_pestat] low and high boundaries for proper pairs: (1, 639)
[M::mem_pestat] skip orientation RF as there are not enough pairs
[M::mem_pestat] skip orientation RR as there are not enough pairs
[M::mem_process_seqs] Processed 159752 reads in 8.656 CPU sec, 4.447 real sec
[M::process] read 159692 sequences (20000101 bp)...
[M::mem_pestat] # candidate unique pairs for (FF, FR, RF, RR): (0, 4874, 0, 0)
[M::mem_pestat] skip orientation FF as there are not enough pairs
[M::mem_pestat] analyzing insert size distribution for orientation FR...
[M::mem_pestat] (25, 50, 75) percentile: (210, 264, 316)
[M::mem_pestat] low and high boundaries for computing mean and std.dev: (1, 528)
[M::mem_pestat] mean and std.dev: (265.35, 75.43)
[M::mem_pestat] low and high boundaries for proper pairs: (1, 634)
[M::mem_pestat] skip orientation RF as there are not enough pairs
[M::mem_pestat] skip orientation RR as there are not enough pairs
[M::mem_process_seqs] Processed 159712 reads in 8.740 CPU sec, 4.534 real sec
[M::process] read 159632 sequences (20000030 bp)...
[M::mem_pestat] # candidate unique pairs for (FF, FR, RF, RR): (0, 4833, 0, 0)
[M::mem_pestat] skip orientation FF as there are not enough pairs
[M::mem_pestat] analyzing insert size distribution for orientation FR...
[M::mem_pestat] (25, 50, 75) percentile: (214, 265, 315)
[M::mem_pestat] low and high boundaries for computing mean and std.dev: (12, 517)
[M::mem_pestat] mean and std.dev: (266.05, 75.44)
[M::mem_pestat] low and high boundaries for proper pairs: (1, 618)
[M::mem_pestat] skip orientation RF as there are not enough pairs
[M::mem_pestat] skip orientation RR as there are not enough pairs
[M::mem_process_seqs] Processed 159692 reads in 8.750 CPU sec, 4.507 real sec
[M::process] read 159614 sequences (20000188 bp)...
[M::mem_pestat] # candidate unique pairs for (FF, FR, RF, RR): (0, 4778, 0, 0)
[M::mem_pestat] skip orientation FF as there are not enough pairs
[M::mem_pestat] analyzing insert size distribution for orientation FR...
[M::mem_pestat] (25, 50, 75) percentile: (214, 267, 316)
[M::mem_pestat] low and high boundaries for computing mean and std.dev: (10, 520)
[M::mem_pestat] mean and std.dev: (266.38, 74.97)
[M::mem_pestat] low and high boundaries for proper pairs: (1, 622)
[M::mem_pestat] skip orientation RF as there are not enough pairs
[M::mem_pestat] skip orientation RR as there are not enough pairs
[M::mem_process_seqs] Processed 159632 reads in 8.198 CPU sec, 4.221 real sec
[M::process] read 159722 sequences (20000140 bp)...
[M::mem_pestat] # candidate unique pairs for (FF, FR, RF, RR): (0, 4807, 0, 0)
[M::mem_pestat] skip orientation FF as there are not enough pairs
[M::mem_pestat] analyzing insert size distribution for orientation FR...
[M::mem_pestat] (25, 50, 75) percentile: (212, 265, 316)
[M::mem_pestat] low and high boundaries for computing mean and std.dev: (4, 524)
[M::mem_pestat] mean and std.dev: (265.57, 74.85)
[M::mem_pestat] low and high boundaries for proper pairs: (1, 628)
[M::mem_pestat] skip orientation RF as there are not enough pairs
[M::mem_pestat] skip orientation RR as there are not enough pairs
[M::mem_process_seqs] Processed 159614 reads in 8.601 CPU sec, 4.661 real sec
[M::process] read 159710 sequences (20000133 bp)...
[M::mem_pestat] # candidate unique pairs for (FF, FR, RF, RR): (0, 4653, 0, 0)
[M::mem_pestat] skip orientation FF as there are not enough pairs
[M::mem_pestat] analyzing insert size distribution for orientation FR...
[M::mem_pestat] (25, 50, 75) percentile: (211, 263, 315)
[M::mem_pestat] low and high boundaries for computing mean and std.dev: (3, 523)
[M::mem_pestat] mean and std.dev: (264.36, 75.26)
[M::mem_pestat] low and high boundaries for proper pairs: (1, 627)
[M::mem_pestat] skip orientation RF as there are not enough pairs
[M::mem_pestat] skip orientation RR as there are not enough pairs
[M::mem_process_seqs] Processed 159722 reads in 8.746 CPU sec, 4.567 real sec
[M::process] read 159614 sequences (20000062 bp)...
[M::mem_pestat] # candidate unique pairs for (FF, FR, RF, RR): (0, 4772, 1, 0)
[M::mem_pestat] skip orientation FF as there are not enough pairs
[M::mem_pestat] analyzing insert size distribution for orientation FR...
[M::mem_pestat] (25, 50, 75) percentile: (211, 262, 315)
[M::mem_pestat] low and high boundaries for computing mean and std.dev: (3, 523)
[M::mem_pestat] mean and std.dev: (264.41, 75.05)
[M::mem_pestat] low and high boundaries for proper pairs: (1, 627)
[M::mem_pestat] skip orientation RF as there are not enough pairs
[M::mem_pestat] skip orientation RR as there are not enough pairs
[M::mem_process_seqs] Processed 159710 reads in 8.221 CPU sec, 4.719 real sec
[M::mem_pestat] # candidate unique pairs for (FF, FR, RF, RR): (0, 4851, 1, 0)
[M::mem_pestat] skip orientation FF as there are not enough pairs
[M::mem_pestat] analyzing insert size distribution for orientation FR...
[M::mem_pestat] (25, 50, 75) percentile: (210, 263, 315)
[M::mem_pestat] low and high boundaries for computing mean and std.dev: (1, 525)
[M::mem_pestat] mean and std.dev: (265.04, 76.37)
[M::mem_pestat] low and high boundaries for proper pairs: (1, 630)
[M::mem_pestat] skip orientation RF as there are not enough pairs
[M::mem_pestat] skip orientation RR as there are not enough pairs
[M::mem_process_seqs] Processed 159614 reads in 7.991 CPU sec, 6.053 real sec
[M::process] read 159544 sequences (20000056 bp)...
[M::process] read 159588 sequences (20000210 bp)...
[M::mem_pestat] # candidate unique pairs for (FF, FR, RF, RR): (0, 4636, 1, 0)
[M::mem_pestat] skip orientation FF as there are not enough pairs
[M::mem_pestat] analyzing insert size distribution for orientation FR...
[M::mem_pestat] (25, 50, 75) percentile: (211, 264, 314)
[M::mem_pestat] low and high boundaries for computing mean and std.dev: (5, 520)
[M::mem_pestat] mean and std.dev: (264.46, 74.08)
[M::mem_pestat] low and high boundaries for proper pairs: (1, 623)
[M::mem_pestat] skip orientation RF as there are not enough pairs
[M::mem_pestat] skip orientation RR as there are not enough pairs
[M::mem_process_seqs] Processed 159544 reads in 8.396 CPU sec, 4.258 real sec
[M::process] read 159546 sequences (20000050 bp)...
[M::mem_pestat] # candidate unique pairs for (FF, FR, RF, RR): (0, 4815, 0, 0)
[M::mem_pestat] skip orientation FF as there are not enough pairs
[M::mem_pestat] analyzing insert size distribution for orientation FR...
[M::mem_pestat] (25, 50, 75) percentile: (212, 265, 317)
[M::mem_pestat] low and high boundaries for computing mean and std.dev: (2, 527)
[M::mem_pestat] mean and std.dev: (265.55, 75.91)
[M::mem_pestat] low and high boundaries for proper pairs: (1, 632)
[M::mem_pestat] skip orientation RF as there are not enough pairs
[M::mem_pestat] skip orientation RR as there are not enough pairs
[M::mem_process_seqs] Processed 159588 reads in 8.009 CPU sec, 7.455 real sec
[M::process] read 159542 sequences (20000100 bp)...
[M::mem_pestat] # candidate unique pairs for (FF, FR, RF, RR): (0, 4713, 1, 0)
[M::mem_pestat] skip orientation FF as there are not enough pairs
[M::mem_pestat] analyzing insert size distribution for orientation FR...
[M::mem_pestat] (25, 50, 75) percentile: (211, 264, 315)
[M::mem_pestat] low and high boundaries for computing mean and std.dev: (3, 523)
[M::mem_pestat] mean and std.dev: (265.02, 74.85)
[M::mem_pestat] low and high boundaries for proper pairs: (1, 627)
[M::mem_pestat] skip orientation RF as there are not enough pairs
[M::mem_pestat] skip orientation RR as there are not enough pairs
[M::mem_process_seqs] Processed 159546 reads in 8.021 CPU sec, 5.846 real sec
[M::process] read 159504 sequences (20000235 bp)...
[M::mem_pestat] # candidate unique pairs for (FF, FR, RF, RR): (0, 4758, 0, 0)
[M::mem_pestat] skip orientation FF as there are not enough pairs
[M::mem_pestat] analyzing insert size distribution for orientation FR...
[M::mem_pestat] (25, 50, 75) percentile: (215, 268, 317)
[M::mem_pestat] low and high boundaries for computing mean and std.dev: (11, 521)
[M::mem_pestat] mean and std.dev: (267.38, 75.04)
[M::mem_pestat] low and high boundaries for proper pairs: (1, 623)
[M::mem_pestat] skip orientation RF as there are not enough pairs
[M::mem_pestat] skip orientation RR as there are not enough pairs
[M::mem_process_seqs] Processed 159542 reads in 7.940 CPU sec, 7.439 real sec
[M::process] read 159532 sequences (20000184 bp)...
[M::mem_pestat] # candidate unique pairs for (FF, FR, RF, RR): (0, 4771, 0, 0)
[M::mem_pestat] skip orientation FF as there are not enough pairs
[M::mem_pestat] analyzing insert size distribution for orientation FR...
[M::mem_pestat] (25, 50, 75) percentile: (210, 263, 314)
[M::mem_pestat] low and high boundaries for computing mean and std.dev: (2, 522)
[M::mem_pestat] mean and std.dev: (263.51, 75.40)
[M::mem_pestat] low and high boundaries for proper pairs: (1, 626)
[M::mem_pestat] skip orientation RF as there are not enough pairs
[M::mem_pestat] skip orientation RR as there are not enough pairs
[M::mem_process_seqs] Processed 159504 reads in 8.209 CPU sec, 4.237 real sec
[M::process] read 159572 sequences (20000020 bp)...
[M::mem_pestat] # candidate unique pairs for (FF, FR, RF, RR): (0, 4669, 0, 0)
[M::mem_pestat] skip orientation FF as there are not enough pairs
[M::mem_pestat] analyzing insert size distribution for orientation FR...
[M::mem_pestat] (25, 50, 75) percentile: (209, 265, 314)
[M::mem_pestat] low and high boundaries for computing mean and std.dev: (1, 524)
[M::mem_pestat] mean and std.dev: (264.22, 75.57)
[M::mem_pestat] low and high boundaries for proper pairs: (1, 629)
[M::mem_pestat] skip orientation RF as there are not enough pairs
[M::mem_pestat] skip orientation RR as there are not enough pairs
[M::mem_process_seqs] Processed 159532 reads in 8.232 CPU sec, 4.336 real sec
[M::process] read 159582 sequences (20000112 bp)...
[M::mem_pestat] # candidate unique pairs for (FF, FR, RF, RR): (0, 4802, 0, 0)
[M::mem_pestat] skip orientation FF as there are not enough pairs
[M::mem_pestat] analyzing insert size distribution for orientation FR...
[M::mem_pestat] (25, 50, 75) percentile: (212, 264, 313)
[M::mem_pestat] low and high boundaries for computing mean and std.dev: (10, 515)
[M::mem_pestat] mean and std.dev: (264.51, 74.86)
[M::mem_pestat] low and high boundaries for proper pairs: (1, 616)
[M::mem_pestat] skip orientation RF as there are not enough pairs
[M::mem_pestat] skip orientation RR as there are not enough pairs
[M::mem_process_seqs] Processed 159572 reads in 8.058 CPU sec, 7.524 real sec
[M::process] read 159554 sequences (20000135 bp)...
[M::mem_pestat] # candidate unique pairs for (FF, FR, RF, RR): (0, 4677, 0, 0)
[M::mem_pestat] skip orientation FF as there are not enough pairs
[M::mem_pestat] analyzing insert size distribution for orientation FR...
[M::mem_pestat] (25, 50, 75) percentile: (210, 261, 312)
[M::mem_pestat] low and high boundaries for computing mean and std.dev: (6, 516)
[M::mem_pestat] mean and std.dev: (262.79, 74.03)
[M::mem_pestat] low and high boundaries for proper pairs: (1, 618)
[M::mem_pestat] skip orientation RF as there are not enough pairs
[M::mem_pestat] skip orientation RR as there are not enough pairs
[M::mem_process_seqs] Processed 159582 reads in 8.017 CPU sec, 7.047 real sec
[M::process] read 159588 sequences (20000068 bp)...
[M::mem_pestat] # candidate unique pairs for (FF, FR, RF, RR): (0, 4734, 0, 0)
[M::mem_pestat] skip orientation FF as there are not enough pairs
[M::mem_pestat] analyzing insert size distribution for orientation FR...
[M::mem_pestat] (25, 50, 75) percentile: (213, 263, 314)
[M::mem_pestat] low and high boundaries for computing mean and std.dev: (11, 516)
[M::mem_pestat] mean and std.dev: (264.31, 74.68)
[M::mem_pestat] low and high boundaries for proper pairs: (1, 617)
[M::mem_pestat] skip orientation RF as there are not enough pairs
[M::mem_pestat] skip orientation RR as there are not enough pairs
[M::mem_process_seqs] Processed 159554 reads in 7.949 CPU sec, 7.459 real sec
[M::process] read 159670 sequences (20000217 bp)...
[M::mem_pestat] # candidate unique pairs for (FF, FR, RF, RR): (0, 4823, 0, 0)
[M::mem_pestat] skip orientation FF as there are not enough pairs
[M::mem_pestat] analyzing insert size distribution for orientation FR...
[M::mem_pestat] (25, 50, 75) percentile: (213, 264, 313)
[M::mem_pestat] low and high boundaries for computing mean and std.dev: (13, 513)
[M::mem_pestat] mean and std.dev: (264.85, 74.86)
[M::mem_pestat] low and high boundaries for proper pairs: (1, 613)
[M::mem_pestat] skip orientation RF as there are not enough pairs
[M::mem_pestat] skip orientation RR as there are not enough pairs
[M::mem_process_seqs] Processed 159588 reads in 8.416 CPU sec, 7.269 real sec
[M::process] read 159568 sequences (20000039 bp)...
[M::mem_pestat] # candidate unique pairs for (FF, FR, RF, RR): (0, 4694, 2, 0)
[M::mem_pestat] skip orientation FF as there are not enough pairs
[M::mem_pestat] analyzing insert size distribution for orientation FR...
[M::mem_pestat] (25, 50, 75) percentile: (209, 263, 313)
[M::mem_pestat] low and high boundaries for computing mean and std.dev: (1, 521)
[M::mem_pestat] mean and std.dev: (263.42, 74.29)
[M::mem_pestat] low and high boundaries for proper pairs: (1, 625)
[M::mem_pestat] skip orientation RF as there are not enough pairs
[M::mem_pestat] skip orientation RR as there are not enough pairs
[M::mem_process_seqs] Processed 159670 reads in 8.313 CPU sec, 4.326 real sec
[M::process] read 159564 sequences (20000200 bp)...
[M::mem_pestat] # candidate unique pairs for (FF, FR, RF, RR): (0, 4683, 0, 0)
[M::mem_pestat] skip orientation FF as there are not enough pairs
[M::mem_pestat] analyzing insert size distribution for orientation FR...
[M::mem_pestat] (25, 50, 75) percentile: (211, 263, 314)
[M::mem_pestat] low and high boundaries for computing mean and std.dev: (5, 520)
[M::mem_pestat] mean and std.dev: (264.11, 75.04)
[M::mem_pestat] low and high boundaries for proper pairs: (1, 623)
[M::mem_pestat] skip orientation RF as there are not enough pairs
[M::mem_pestat] skip orientation RR as there are not enough pairs
[M::mem_process_seqs] Processed 159568 reads in 8.298 CPU sec, 4.267 real sec
[M::process] read 160464 sequences (20000140 bp)...
[M::mem_pestat] # candidate unique pairs for (FF, FR, RF, RR): (0, 4720, 1, 0)
[M::mem_pestat] skip orientation FF as there are not enough pairs
[M::mem_pestat] analyzing insert size distribution for orientation FR...
[M::mem_pestat] (25, 50, 75) percentile: (212, 264, 315)
[M::mem_pestat] low and high boundaries for computing mean and std.dev: (6, 521)
[M::mem_pestat] mean and std.dev: (265.24, 75.81)
[M::mem_pestat] low and high boundaries for proper pairs: (1, 624)
[M::mem_pestat] skip orientation RF as there are not enough pairs
[M::mem_pestat] skip orientation RR as there are not enough pairs
[M::mem_process_seqs] Processed 159564 reads in 8.064 CPU sec, 7.545 real sec
[M::mem_pestat] # candidate unique pairs for (FF, FR, RF, RR): (0, 4712, 1, 0)
[M::mem_pestat] skip orientation FF as there are not enough pairs
[M::mem_pestat] analyzing insert size distribution for orientation FR...
[M::mem_pestat] (25, 50, 75) percentile: (210, 263, 314)
[M::mem_pestat] low and high boundaries for computing mean and std.dev: (2, 522)
[M::mem_pestat] mean and std.dev: (264.04, 76.15)
[M::mem_pestat] low and high boundaries for proper pairs: (1, 626)
[M::mem_pestat] skip orientation RF as there are not enough pairs
[M::mem_pestat] skip orientation RR as there are not enough pairs
[M::mem_process_seqs] Processed 160464 reads in 8.056 CPU sec, 5.832 real sec
[M::process] read 159282 sequences (20000069 bp)...
[M::process] read 159280 sequences (20000053 bp)...
[M::mem_pestat] # candidate unique pairs for (FF, FR, RF, RR): (0, 4877, 1, 0)
[M::mem_pestat] skip orientation FF as there are not enough pairs
[M::mem_pestat] analyzing insert size distribution for orientation FR...
[M::mem_pestat] (25, 50, 75) percentile: (216, 267, 317)
[M::mem_pestat] low and high boundaries for computing mean and std.dev: (14, 519)
[M::mem_pestat] mean and std.dev: (267.74, 75.36)
[M::mem_pestat] low and high boundaries for proper pairs: (1, 620)
[M::mem_pestat] skip orientation RF as there are not enough pairs
[M::mem_pestat] skip orientation RR as there are not enough pairs
[M::mem_process_seqs] Processed 159282 reads in 7.825 CPU sec, 7.379 real sec
[M::process] read 159300 sequences (20000139 bp)...
[M::mem_pestat] # candidate unique pairs for (FF, FR, RF, RR): (0, 4878, 0, 0)
[M::mem_pestat] skip orientation FF as there are not enough pairs
[M::mem_pestat] analyzing insert size distribution for orientation FR...
[M::mem_pestat] (25, 50, 75) percentile: (211, 264, 313)
[M::mem_pestat] low and high boundaries for computing mean and std.dev: (7, 517)
[M::mem_pestat] mean and std.dev: (264.59, 74.79)
[M::mem_pestat] low and high boundaries for proper pairs: (1, 619)
[M::mem_pestat] skip orientation RF as there are not enough pairs
[M::mem_pestat] skip orientation RR as there are not enough pairs
[M::mem_process_seqs] Processed 159280 reads in 8.207 CPU sec, 4.207 real sec
[M::process] read 159278 sequences (20000218 bp)...
[M::mem_pestat] # candidate unique pairs for (FF, FR, RF, RR): (0, 4802, 0, 0)
[M::mem_pestat] skip orientation FF as there are not enough pairs
[M::mem_pestat] analyzing insert size distribution for orientation FR...
[M::mem_pestat] (25, 50, 75) percentile: (211, 266, 317)
[M::mem_pestat] low and high boundaries for computing mean and std.dev: (1, 529)
[M::mem_pestat] mean and std.dev: (266.36, 76.31)
[M::mem_pestat] low and high boundaries for proper pairs: (1, 635)
[M::mem_pestat] skip orientation RF as there are not enough pairs
[M::mem_pestat] skip orientation RR as there are not enough pairs
[M::mem_process_seqs] Processed 159300 reads in 8.109 CPU sec, 4.156 real sec
[M::process] read 159270 sequences (20000153 bp)...
[M::mem_pestat] # candidate unique pairs for (FF, FR, RF, RR): (0, 4729, 1, 0)
[M::mem_pestat] skip orientation FF as there are not enough pairs
[M::mem_pestat] analyzing insert size distribution for orientation FR...
[M::mem_pestat] (25, 50, 75) percentile: (212, 265, 317)
[M::mem_pestat] low and high boundaries for computing mean and std.dev: (2, 527)
[M::mem_pestat] mean and std.dev: (267.17, 76.12)
[M::mem_pestat] low and high boundaries for proper pairs: (1, 632)
[M::mem_pestat] skip orientation RF as there are not enough pairs
[M::mem_pestat] skip orientation RR as there are not enough pairs
[M::mem_process_seqs] Processed 159278 reads in 8.768 CPU sec, 4.527 real sec
[M::process] read 159252 sequences (20000090 bp)...
[M::mem_pestat] # candidate unique pairs for (FF, FR, RF, RR): (0, 4753, 0, 0)
[M::mem_pestat] skip orientation FF as there are not enough pairs
[M::mem_pestat] analyzing insert size distribution for orientation FR...
[M::mem_pestat] (25, 50, 75) percentile: (212, 266, 317)
[M::mem_pestat] low and high boundaries for computing mean and std.dev: (2, 527)
[M::mem_pestat] mean and std.dev: (266.15, 76.18)
[M::mem_pestat] low and high boundaries for proper pairs: (1, 632)
[M::mem_pestat] skip orientation RF as there are not enough pairs
[M::mem_pestat] skip orientation RR as there are not enough pairs
[M::mem_process_seqs] Processed 159270 reads in 8.515 CPU sec, 4.384 real sec
[M::process] read 159256 sequences (20000202 bp)...
[M::mem_pestat] # candidate unique pairs for (FF, FR, RF, RR): (0, 4851, 1, 0)
[M::mem_pestat] skip orientation FF as there are not enough pairs
[M::mem_pestat] analyzing insert size distribution for orientation FR...
[M::mem_pestat] (25, 50, 75) percentile: (212, 264, 317)
[M::mem_pestat] low and high boundaries for computing mean and std.dev: (2, 527)
[M::mem_pestat] mean and std.dev: (265.45, 75.85)
[M::mem_pestat] low and high boundaries for proper pairs: (1, 632)
[M::mem_pestat] skip orientation RF as there are not enough pairs
[M::mem_pestat] skip orientation RR as there are not enough pairs
