canu/2.2 has the useGrid option default set to useGrid=false. This can be overriden by another configuration file or a command-line option.
-- canu snapshot v2.2 +0 changes (r10279 af9c6e709ff2d6473cf966702c420b9eb42d9078)
--
-- CITATIONS
--
-- For 'standard' assemblies of PacBio or Nanopore reads:
--   Koren S, Walenz BP, Berlin K, Miller JR, Phillippy AM.
--   Canu: scalable and accurate long-read assembly via adaptive k-mer weighting and repeat separation.
--   Genome Res. 2017 May;27(5):722-736.
--   http://doi.org/10.1101/gr.215087.116
-- 
-- Read and contig alignments during correction and consensus use:
--   Šošic M, Šikic M.
--   Edlib: a C/C ++ library for fast, exact sequence alignment using edit distance.
--   Bioinformatics. 2017 May 1;33(9):1394-1395.
--   http://doi.org/10.1093/bioinformatics/btw753
-- 
-- Overlaps are generated using:
--   Berlin K, et al.
--   Assembling large genomes with single-molecule sequencing and locality-sensitive hashing.
--   Nat Biotechnol. 2015 Jun;33(6):623-30.
--   http://doi.org/10.1038/nbt.3238
-- 
--   Myers EW, et al.
--   A Whole-Genome Assembly of Drosophila.
--   Science. 2000 Mar 24;287(5461):2196-204.
--   http://doi.org/10.1126/science.287.5461.2196
-- 
-- Corrected read consensus sequences are generated using an algorithm derived from FALCON-sense:
--   Chin CS, et al.
--   Phased diploid genome assembly with single-molecule real-time sequencing.
--   Nat Methods. 2016 Dec;13(12):1050-1054.
--   http://doi.org/10.1038/nmeth.4035
-- 
-- Contig consensus sequences are generated using an algorithm derived from pbdagcon:
--   Chin CS, et al.
--   Nonhybrid, finished microbial genome assemblies from long-read SMRT sequencing data.
--   Nat Methods. 2013 Jun;10(6):563-9
--   http://doi.org/10.1038/nmeth.2474
-- 
-- CONFIGURE CANU
--
-- Detected Java(TM) Runtime Environment '1.8.0_151' (from '/sw/comp/java/x86_64/sun_jdk1.8.0_151/bin/java') with -d64 support.
-- Detected gnuplot version '4.6 patchlevel 2   ' (from 'gnuplot') and image format 'png'.
--
-- Detected 2 CPUs and 16000 gigabytes of memory on the local machine.
--
-- Detected Slurm with 'sinfo' binary in /usr/bin/sinfo.
--          Slurm disabled by useGrid=false
--
-- Local machine mode enabled; grid support not detected or not allowed.
-- ERROR
-- ERROR  Found 1 machine configuration:
-- ERROR    class0 - 1 machines with 2 cores with 16000 GB memory each.
-- ERROR
-- ERROR  Task cor can't run on any available machines.
-- ERROR  It is requesting:
-- ERROR    corMemory=0 gigabytes
-- ERROR    corThreads=4 threads
-- ERROR
-- ERROR  No available machine configuration can run this task.
-- ERROR
-- ERROR  Possible solutions:
-- ERROR    Change maxMemory or maxThreads
-- ERROR    Change corMemory and/or corThreads
-- ERROR

ABORT:
ABORT: canu snapshot v2.2 +0 changes (r10279 af9c6e709ff2d6473cf966702c420b9eb42d9078)
ABORT: Don't panic, but a mostly harmless error occurred and Canu stopped.
ABORT: Try restarting.  If that doesn't work, ask for help.
ABORT:
ABORT:   task cor failed to find a configuration to run on.
ABORT:
