canu/2.2 has the useGrid option default set to useGrid=false. This can be overriden by another configuration file or a command-line option.
-- canu snapshot v2.2 +0 changes (r10279 af9c6e709ff2d6473cf966702c420b9eb42d9078)
--
-- CITATIONS
--
-- For 'standard' assemblies of PacBio or Nanopore reads:
--   Koren S, Walenz BP, Berlin K, Miller JR, Phillippy AM.
--   Canu: scalable and accurate long-read assembly via adaptive k-mer weighting and repeat separation.
--   Genome Res. 2017 May;27(5):722-736.
--   http://doi.org/10.1101/gr.215087.116
-- 
-- Read and contig alignments during correction and consensus use:
--   Šošic M, Šikic M.
--   Edlib: a C/C ++ library for fast, exact sequence alignment using edit distance.
--   Bioinformatics. 2017 May 1;33(9):1394-1395.
--   http://doi.org/10.1093/bioinformatics/btw753
-- 
-- Overlaps are generated using:
--   Berlin K, et al.
--   Assembling large genomes with single-molecule sequencing and locality-sensitive hashing.
--   Nat Biotechnol. 2015 Jun;33(6):623-30.
--   http://doi.org/10.1038/nbt.3238
-- 
--   Myers EW, et al.
--   A Whole-Genome Assembly of Drosophila.
--   Science. 2000 Mar 24;287(5461):2196-204.
--   http://doi.org/10.1126/science.287.5461.2196
-- 
-- Corrected read consensus sequences are generated using an algorithm derived from FALCON-sense:
--   Chin CS, et al.
--   Phased diploid genome assembly with single-molecule real-time sequencing.
--   Nat Methods. 2016 Dec;13(12):1050-1054.
--   http://doi.org/10.1038/nmeth.4035
-- 
-- Contig consensus sequences are generated using an algorithm derived from pbdagcon:
--   Chin CS, et al.
--   Nonhybrid, finished microbial genome assemblies from long-read SMRT sequencing data.
--   Nat Methods. 2013 Jun;10(6):563-9
--   http://doi.org/10.1038/nmeth.2474
-- 
-- CONFIGURE CANU
--
-- Detected Java(TM) Runtime Environment '1.8.0_151' (from '/sw/comp/java/x86_64/sun_jdk1.8.0_151/bin/java') with -d64 support.
-- Detected gnuplot version '4.6 patchlevel 2   ' (from 'gnuplot') and image format 'png'.
--
-- Detected 2 CPUs and 16000 gigabytes of memory on the local machine.
--
-- Detected Slurm with 'sinfo' binary in /usr/bin/sinfo.
-- Detected Slurm with task IDs up to 1000 allowed.
-- 
-- Slurm support detected.  Resources available:
--    174 hosts with  16 cores and  124 GB memory.
--      1 host  with  80 cores and 3997 GB memory.
--     13 hosts with  16 cores and  249 GB memory.
--     17 hosts with  16 cores and  499 GB memory.
--
--                         (tag)Threads
--                (tag)Memory         |
--        (tag)             |         |  algorithm
--        -------  ----------  --------  -----------------------------
-- Grid:  meryl     12.000 GB    4 CPUs  (k-mer counting)
-- Grid:  hap        8.000 GB    4 CPUs  (read-to-haplotype assignment)
-- Grid:  cormhap    6.000 GB   16 CPUs  (overlap detection with mhap)
-- Grid:  obtovl     4.000 GB    8 CPUs  (overlap detection)
-- Grid:  utgovl     4.000 GB    8 CPUs  (overlap detection)
-- Grid:  cor        -.--- GB    4 CPUs  (read correction)
-- Grid:  ovb        4.000 GB    1 CPU   (overlap store bucketizer)
-- Grid:  ovs        8.000 GB    1 CPU   (overlap store sorting)
-- Grid:  red       16.000 GB    4 CPUs  (read error detection)
-- Grid:  oea        8.000 GB    1 CPU   (overlap error adjustment)
-- Grid:  bat       16.000 GB    4 CPUs  (contig construction with bogart)
-- Grid:  cns        -.--- GB    4 CPUs  (consensus)
--
-- Found untrimmed raw PacBio CLR reads in the input files.
--
-- Generating assembly 'assembled_L.ferri_1_4' in '/domus/h1/erikpa/Genome_Analysis_Project_2022/Code/Analysis':
--   genomeSize:
--     2410000
--
--   Overlap Generation Limits:
--     corOvlErrorRate 0.2400 ( 24.00%)
--     obtOvlErrorRate 0.0450 (  4.50%)
--     utgOvlErrorRate 0.0450 (  4.50%)
--
--   Overlap Processing Limits:
--     corErrorRate    0.2500 ( 25.00%)
--     obtErrorRate    0.0450 (  4.50%)
--     utgErrorRate    0.0450 (  4.50%)
--     cnsErrorRate    0.0750 (  7.50%)
--
--   Stages to run:
--     correct raw reads.
--     trim corrected reads.
--     assemble corrected and trimmed reads.
--
--
-- BEGIN CORRECTION
----------------------------------------
-- Starting command on Fri Apr  1 10:50:07 2022 with 16034.088 GB free disk space

    cd .
    ./assembled_L.ferri_1_4.seqStore.sh \
    > ./assembled_L.ferri_1_4.seqStore.err 2>&1

-- Finished on Fri Apr  1 10:51:17 2022 (71 seconds) with 16030.028 GB free disk space
----------------------------------------
--
-- In sequence store './assembled_L.ferri_1_4.seqStore':
--   Found 34625 reads.
--   Found 482009035 bases (200 times coverage).
--    Histogram of raw reads:
--    
--    G=482009035                        sum of  ||               length     num
--    NG         length     index       lengths  ||                range    seqs
--    ----- ------------ --------- ------------  ||  ------------------- -------
--    00010        38705      1083     48204235  ||       1000-2588         4548|---------------------------------------------------------------
--    00020        33800      2419     96414743  ||       2589-4177         2860|----------------------------------------
--    00030        29066      3954    144621056  ||       4178-5766         2230|-------------------------------
--    00040        24534      5761    192818969  ||       5767-7355         2108|------------------------------
--    00050        20746      7897    241015187  ||       7356-8944         2017|----------------------------
--    00060        17447     10427    289208743  ||       8945-10533        2173|-------------------------------
--    00070        14437     13460    337409306  ||      10534-12122        2257|--------------------------------
--    00080        11584     17177    385612805  ||      12123-13711        2105|------------------------------
--    00090         7957     22079    433811633  ||      13712-15300        1783|-------------------------
--    00100         1000     34624    482009035  ||      15301-16889        1604|-----------------------
--    001.000x               34625    482009035  ||      16890-18478        1335|-------------------
--                                               ||      18479-20067        1214|-----------------
--                                               ||      20068-21656        1067|---------------
--                                               ||      21657-23245         891|-------------
--                                               ||      23246-24834         808|------------
--                                               ||      24835-26423         680|----------
--                                               ||      26424-28012         624|---------
--                                               ||      28013-29601         582|---------
--                                               ||      29602-31190         488|-------
--                                               ||      31191-32779         483|-------
--                                               ||      32780-34368         524|--------
--                                               ||      34369-35957         463|-------
--                                               ||      35958-37546         442|-------
--                                               ||      37547-39135         352|-----
--                                               ||      39136-40724         224|----
--                                               ||      40725-42313         174|---
--                                               ||      42314-43902         148|---
--                                               ||      43903-45491         100|--
--                                               ||      45492-47080          70|-
--                                               ||      47081-48669          60|-
--                                               ||      48670-50258          56|-
--                                               ||      50259-51847          45|-
--                                               ||      51848-53436          22|-
--                                               ||      53437-55025          26|-
--                                               ||      55026-56614          16|-
--                                               ||      56615-58203          13|-
--                                               ||      58204-59792          16|-
--                                               ||      59793-61381           3|-
--                                               ||      61382-62970           2|-
--                                               ||      62971-64559           3|-
--                                               ||      64560-66148           2|-
--                                               ||      66149-67737           2|-
--                                               ||      67738-69326           3|-
--                                               ||      69327-70915           0|
--                                               ||      70916-72504           0|
--                                               ||      72505-74093           1|-
--                                               ||      74094-75682           0|
--                                               ||      75683-77271           0|
--                                               ||      77272-78860           0|
--                                               ||      78861-80449           1|-
--    
--
-- Running jobs.  First attempt out of 2.
--
-- Failed to submit compute jobs.  Delay 10 seconds and try again.

CRASH:
CRASH: canu snapshot v2.2 +0 changes (r10279 af9c6e709ff2d6473cf966702c420b9eb42d9078)
CRASH: Please panic, this is abnormal.
CRASH:
CRASH:   Failed to submit compute jobs.
CRASH:
CRASH: Failed at /sw/bioinfo/canu/2.2/rackham/bin/../lib/site_perl/canu/Execution.pm line 1259.
CRASH: 	canu::Execution::submitOrRunParallelJob('assembled_L.ferri_1_4', 'meryl', 'correction/0-mercounts', 'meryl-count', 1) called at /sw/bioinfo/canu/2.2/rackham/bin/../lib/site_perl/canu/Meryl.pm line 847
CRASH: 	canu::Meryl::merylCountCheck('assembled_L.ferri_1_4', 'cor') called at /sw/bioinfo/canu/2.2/snowy/bin/canu line 1076
CRASH: 
CRASH: Last 50 lines of the relevant log file (correction/0-mercounts/meryl-count.jobSubmit-01.out):
CRASH:
CRASH: sbatch: error: Errors in job submission: 
CRASH: sbatch: error: ERROR 1: Invalid project. 
CRASH: sbatch: error: Use the flag -A to specify an active project with allocation on this cluster.
CRASH: sbatch: error: Batch job submission failed: Unspecified error
CRASH:
