+ echo QOS = normal
QOS = normal
+ mkdir /home/erikpa/Genome_Analysis_Project_2022/Analysis/Prokka_6133939
+ cd /home/erikpa/Genome_Analysis_Project_2022/Analysis/Prokka_6133939
+ export SRCDIR=/home/erikpa
+ SRCDIR=/home/erikpa
+ cd /scratch/6133939
+ mkdir Assembled_data
+ mkdir output
+ cp /home/erikpa/Genome_Analysis_Project_2022/Data/assembled_L.ferri_1_4.contigs.fasta /scratch/6133939/Assembled_data
+ module load bioinfo-tools
++ /usr/share/lmod/lmod/libexec/lmod bash load bioinfo-tools
+ eval '__LMOD_REF_COUNT_LOADEDMODULES=uppmax:2\;bioinfo-tools:1;' export '__LMOD_REF_COUNT_LOADEDMODULES;' 'LOADEDMODULES=uppmax:bioinfo-tools;' export 'LOADEDMODULES;' '__LMOD_REF_COUNT_MODULEPATH=/sw/mf/snowy/bioinfo-tools/annotation:1\;/sw/mf/snowy/bioinfo-tools/alignment:1\;/sw/mf/snowy/bioinfo-tools/assembly:1\;/sw/mf/snowy/bioinfo-tools/misc:1\;/sw/mf/snowy/bioinfo-tools/phylogeny:1\;/sw/mf/snowy/bioinfo-tools/pipelines:1\;/sw/mf/snowy/bioinfo-tools/sw_collections:1\;/sw/mf/snowy/applications:1\;/sw/mf/snowy/build-tools:1\;/sw/mf/snowy/compilers:1\;/sw/mf/snowy/data:1\;/sw/mf/snowy/environment:1\;/sw/mf/snowy/libraries:1\;/sw/mf/snowy/parallel:1;' export '__LMOD_REF_COUNT_MODULEPATH;' 'MODULEPATH=/sw/mf/snowy/bioinfo-tools/annotation:/sw/mf/snowy/bioinfo-tools/alignment:/sw/mf/snowy/bioinfo-tools/assembly:/sw/mf/snowy/bioinfo-tools/misc:/sw/mf/snowy/bioinfo-tools/phylogeny:/sw/mf/snowy/bioinfo-tools/pipelines:/sw/mf/snowy/bioinfo-tools/sw_collections:/sw/mf/snowy/applications:/sw/mf/snowy/build-tools:/sw/mf/snowy/compilers:/sw/mf/snowy/data:/sw/mf/snowy/environment:/sw/mf/snowy/libraries:/sw/mf/snowy/parallel;' export 'MODULEPATH;' '__LMOD_REF_COUNT__LMFILES_=/sw/mf/snowy/environment/bioinfo-tools:1;' export '__LMOD_REF_COUNT__LMFILES_;' '_LMFILES_=/sw/mf/snowy/environment/bioinfo-tools;' export '_LMFILES_;' '_ModuleTable001_=X01vZHVsZVRhYmxlXz17WyJNVHZlcnNpb24iXT0zLFsiY19yZWJ1aWxkVGltZSJdPWZhbHNlLFsiY19zaG9ydFRpbWUiXT1mYWxzZSxkZXB0aFQ9e30sZmFtaWx5PXt9LG1UPXtbImJpb2luZm8tdG9vbHMiXT17WyJmbiJdPSIvc3cvbWYvc25vd3kvZW52aXJvbm1lbnQvYmlvaW5mby10b29scyIsWyJmdWxsTmFtZSJdPSJiaW9pbmZvLXRvb2xzIixbImxvYWRPcmRlciJdPTEscHJvcFQ9e30sWyJzdGFja0RlcHRoIl09MCxbInN0YXR1cyJdPSJhY3RpdmUiLFsidXNlck5hbWUiXT0iYmlvaW5mby10b29scyIsfSx9LG1wYXRoQT17Ii9zdy9tZi9zbm93eS9iaW9pbmZvLXRvb2xzL2Fubm90YXRpb24iLCIvc3cvbWYvc25vd3kvYmlvaW5mby10b29scy9hbGlnbm1lbnQiLCIvc3cv;' export '_ModuleTable001_;' '_ModuleTable002_=bWYvc25vd3kvYmlvaW5mby10b29scy9hc3NlbWJseSIsIi9zdy9tZi9zbm93eS9iaW9pbmZvLXRvb2xzL21pc2MiLCIvc3cvbWYvc25vd3kvYmlvaW5mby10b29scy9waHlsb2dlbnkiLCIvc3cvbWYvc25vd3kvYmlvaW5mby10b29scy9waXBlbGluZXMiLCIvc3cvbWYvc25vd3kvYmlvaW5mby10b29scy9zd19jb2xsZWN0aW9ucyIsIi9zdy9tZi9zbm93eS9hcHBsaWNhdGlvbnMiLCIvc3cvbWYvc25vd3kvYnVpbGQtdG9vbHMiLCIvc3cvbWYvc25vd3kvY29tcGlsZXJzIiwiL3N3L21mL3Nub3d5L2RhdGEiLCIvc3cvbWYvc25vd3kvZW52aXJvbm1lbnQiLCIvc3cvbWYvc25vd3kvbGlicmFyaWVzIiwiL3N3L21mL3Nub3d5L3BhcmFsbGVsIix9LFsic3lzdGVtQmFzZU1QQVRI;' export '_ModuleTable002_;' '_ModuleTable003_=Il09Ii9zdy9tZi9zbm93eS9hcHBsaWNhdGlvbnM6L3N3L21mL3Nub3d5L2J1aWxkLXRvb2xzOi9zdy9tZi9zbm93eS9jb21waWxlcnM6L3N3L21mL3Nub3d5L2RhdGE6L3N3L21mL3Nub3d5L2Vudmlyb25tZW50Oi9zdy9tZi9zbm93eS9saWJyYXJpZXM6L3N3L21mL3Nub3d5L3BhcmFsbGVsIix9;' export '_ModuleTable003_;' '_ModuleTable_Sz_=3;' export '_ModuleTable_Sz_;'
++ __LMOD_REF_COUNT_LOADEDMODULES='uppmax:2;bioinfo-tools:1'
++ export __LMOD_REF_COUNT_LOADEDMODULES
++ LOADEDMODULES=uppmax:bioinfo-tools
++ export LOADEDMODULES
++ __LMOD_REF_COUNT_MODULEPATH='/sw/mf/snowy/bioinfo-tools/annotation:1;/sw/mf/snowy/bioinfo-tools/alignment:1;/sw/mf/snowy/bioinfo-tools/assembly:1;/sw/mf/snowy/bioinfo-tools/misc:1;/sw/mf/snowy/bioinfo-tools/phylogeny:1;/sw/mf/snowy/bioinfo-tools/pipelines:1;/sw/mf/snowy/bioinfo-tools/sw_collections:1;/sw/mf/snowy/applications:1;/sw/mf/snowy/build-tools:1;/sw/mf/snowy/compilers:1;/sw/mf/snowy/data:1;/sw/mf/snowy/environment:1;/sw/mf/snowy/libraries:1;/sw/mf/snowy/parallel:1'
++ export __LMOD_REF_COUNT_MODULEPATH
++ MODULEPATH=/sw/mf/snowy/bioinfo-tools/annotation:/sw/mf/snowy/bioinfo-tools/alignment:/sw/mf/snowy/bioinfo-tools/assembly:/sw/mf/snowy/bioinfo-tools/misc:/sw/mf/snowy/bioinfo-tools/phylogeny:/sw/mf/snowy/bioinfo-tools/pipelines:/sw/mf/snowy/bioinfo-tools/sw_collections:/sw/mf/snowy/applications:/sw/mf/snowy/build-tools:/sw/mf/snowy/compilers:/sw/mf/snowy/data:/sw/mf/snowy/environment:/sw/mf/snowy/libraries:/sw/mf/snowy/parallel
++ export MODULEPATH
++ __LMOD_REF_COUNT__LMFILES_=/sw/mf/snowy/environment/bioinfo-tools:1
++ export __LMOD_REF_COUNT__LMFILES_
++ _LMFILES_=/sw/mf/snowy/environment/bioinfo-tools
++ export _LMFILES_
++ _ModuleTable001_=X01vZHVsZVRhYmxlXz17WyJNVHZlcnNpb24iXT0zLFsiY19yZWJ1aWxkVGltZSJdPWZhbHNlLFsiY19zaG9ydFRpbWUiXT1mYWxzZSxkZXB0aFQ9e30sZmFtaWx5PXt9LG1UPXtbImJpb2luZm8tdG9vbHMiXT17WyJmbiJdPSIvc3cvbWYvc25vd3kvZW52aXJvbm1lbnQvYmlvaW5mby10b29scyIsWyJmdWxsTmFtZSJdPSJiaW9pbmZvLXRvb2xzIixbImxvYWRPcmRlciJdPTEscHJvcFQ9e30sWyJzdGFja0RlcHRoIl09MCxbInN0YXR1cyJdPSJhY3RpdmUiLFsidXNlck5hbWUiXT0iYmlvaW5mby10b29scyIsfSx9LG1wYXRoQT17Ii9zdy9tZi9zbm93eS9iaW9pbmZvLXRvb2xzL2Fubm90YXRpb24iLCIvc3cvbWYvc25vd3kvYmlvaW5mby10b29scy9hbGlnbm1lbnQiLCIvc3cv
++ export _ModuleTable001_
++ _ModuleTable002_=bWYvc25vd3kvYmlvaW5mby10b29scy9hc3NlbWJseSIsIi9zdy9tZi9zbm93eS9iaW9pbmZvLXRvb2xzL21pc2MiLCIvc3cvbWYvc25vd3kvYmlvaW5mby10b29scy9waHlsb2dlbnkiLCIvc3cvbWYvc25vd3kvYmlvaW5mby10b29scy9waXBlbGluZXMiLCIvc3cvbWYvc25vd3kvYmlvaW5mby10b29scy9zd19jb2xsZWN0aW9ucyIsIi9zdy9tZi9zbm93eS9hcHBsaWNhdGlvbnMiLCIvc3cvbWYvc25vd3kvYnVpbGQtdG9vbHMiLCIvc3cvbWYvc25vd3kvY29tcGlsZXJzIiwiL3N3L21mL3Nub3d5L2RhdGEiLCIvc3cvbWYvc25vd3kvZW52aXJvbm1lbnQiLCIvc3cvbWYvc25vd3kvbGlicmFyaWVzIiwiL3N3L21mL3Nub3d5L3BhcmFsbGVsIix9LFsic3lzdGVtQmFzZU1QQVRI
++ export _ModuleTable002_
++ _ModuleTable003_=Il09Ii9zdy9tZi9zbm93eS9hcHBsaWNhdGlvbnM6L3N3L21mL3Nub3d5L2J1aWxkLXRvb2xzOi9zdy9tZi9zbm93eS9jb21waWxlcnM6L3N3L21mL3Nub3d5L2RhdGE6L3N3L21mL3Nub3d5L2Vudmlyb25tZW50Oi9zdy9tZi9zbm93eS9saWJyYXJpZXM6L3N3L21mL3Nub3d5L3BhcmFsbGVsIix9
++ export _ModuleTable003_
++ _ModuleTable_Sz_=3
++ export _ModuleTable_Sz_
++ : -s sh
+ eval
+ module load prokka
++ /usr/share/lmod/lmod/libexec/lmod bash load prokka
+ eval 'BLASTDATA_ROOT=/sw/data/blast_databases;' export 'BLASTDATA_ROOT;' 'BLASTDB=/sw/data/blast_databases;' export 'BLASTDB;' 'BLASTPLUSDIR=/sw/bioinfo/blast/2.11.0+/snowy/bin;' export 'BLASTPLUSDIR;' 'BLAST_DOC=/sw/bioinfo/blast/2.11.0+/snowy/doc;' export 'BLAST_DOC;' 'BLAST_ROOT=/sw/bioinfo/blast/2.11.0+/snowy;' export 'BLAST_ROOT;' 'HMMER_HOME=/sw/apps/bioinfo/hmmer/3.1b2/snowy;' export 'HMMER_HOME;' '__LMOD_REF_COUNT_LD_LIBRARY_PATH=/sw/bioinfo/BioPerl/1.7.1_Perl5.24.1/snowy/lib:1\;/sw/comp/perl_modules/5.24.1/snowy/lib:1;' export '__LMOD_REF_COUNT_LD_LIBRARY_PATH;' 'LD_LIBRARY_PATH=/sw/bioinfo/BioPerl/1.7.1_Perl5.24.1/snowy/lib:/sw/comp/perl_modules/5.24.1/snowy/lib;' export 'LD_LIBRARY_PATH;' '__LMOD_REF_COUNT_LOADEDMODULES=uppmax:2\;bioinfo-tools:1\;gnuparallel/20170122:1\;perl/5.24.1:1\;perl_modules/5.24.1:1\;BioPerl/1.7.1_Perl5.24.1:1\;blast_databases/latest:1\;blast/2.11.0+:1\;hmmer/3.1b2:1\;aragorn/1.2.38:1\;prodigal/2.6.3:1\;tbl2asn/25.8:1\;SignalP/4.1f:1\;barrnap/0.8:1\;minced/0.2.0:1\;prokka/1.45-5b58020:1;' export '__LMOD_REF_COUNT_LOADEDMODULES;' 'LOADEDMODULES=uppmax:bioinfo-tools:gnuparallel/20170122:perl/5.24.1:perl_modules/5.24.1:BioPerl/1.7.1_Perl5.24.1:blast_databases/latest:blast/2.11.0+:hmmer/3.1b2:aragorn/1.2.38:prodigal/2.6.3:tbl2asn/25.8:SignalP/4.1f:barrnap/0.8:minced/0.2.0:prokka/1.45-5b58020;' export 'LOADEDMODULES;' '__LMOD_REF_COUNT_MANPATH=/sw/bioinfo/prokka/1.45-5b58020/snowy/man:1\;/sw/bioinfo/SignalP/4.1f/snowy/man:1\;/sw/apps/bioinfo/aragorn/1.2.38/snowy/man:1\;/sw/comp/perl/5.24.1/snowy/man:1\;/sw/parallel/gnuparallel/20170122/snowy/share/man:1\;/usr/share/man:2\;/sw/uppmax/man:2\;/opt/thinlinc/share/man:2\;/sw/comp/perl_modules/5.24.1/snowy/man:1\;/sw/bioinfo/BioPerl/1.7.1_Perl5.24.1/snowy/man:1\;/sw/apps/bioinfo/hmmer/3.1b2/snowy/man:1;' export '__LMOD_REF_COUNT_MANPATH;' 'MANPATH=/sw/bioinfo/prokka/1.45-5b58020/snowy/man:/sw/bioinfo/SignalP/4.1f/snowy/man:/sw/apps/bioinfo/aragorn/1.2.38/snowy/man:/sw/comp/perl/5.24.1/snowy/man:/sw/parallel/gnuparallel/20170122/snowy/share/man:/usr/share/man:/sw/uppmax/man:/opt/thinlinc/share/man:/sw/comp/perl_modules/5.24.1/snowy/man:/sw/bioinfo/BioPerl/1.7.1_Perl5.24.1/snowy/man:/sw/apps/bioinfo/hmmer/3.1b2/snowy/man;' export 'MANPATH;' 'MODULEPATH=/sw/mf/snowy/bioinfo-tools/annotation:/sw/mf/snowy/bioinfo-tools/alignment:/sw/mf/snowy/bioinfo-tools/assembly:/sw/mf/snowy/bioinfo-tools/misc:/sw/mf/snowy/bioinfo-tools/phylogeny:/sw/mf/snowy/bioinfo-tools/pipelines:/sw/mf/snowy/bioinfo-tools/sw_collections:/sw/mf/snowy/applications:/sw/mf/snowy/build-tools:/sw/mf/snowy/compilers:/sw/mf/snowy/data:/sw/mf/snowy/environment:/sw/mf/snowy/libraries:/sw/mf/snowy/parallel;' export 'MODULEPATH;' '__LMOD_REF_COUNT_PATH=/sw/bioinfo/prokka/1.45-5b58020/snowy/bin:1\;/sw/apps/bioinfo/minced/0.2.0/snowy:1\;/sw/bioinfo/barrnap/0.8/snowy/bin:1\;/sw/bioinfo/SignalP/4.1f/snowy:1\;/sw/bioinfo/tbl2asn/25.8/snowy:1\;/sw/apps/bioinfo/prodigal/2.6.3/snowy/bin:1\;/sw/apps/bioinfo/aragorn/1.2.38/snowy/bin:1\;/sw/apps/bioinfo/hmmer/3.1b2/snowy/bin:1\;/sw/bioinfo/blast/2.11.0+/snowy/bin:1\;/sw/bioinfo/BioPerl/1.7.1_Perl5.24.1/snowy/bin:1\;/sw/comp/perl_modules/5.24.1/snowy/bin:1\;/sw/comp/perl/5.24.1/snowy/bin:1\;/sw/parallel/gnuparallel/20170122/snowy/bin:1\;/home/erikpa/bin:2\;/usr/local/bin:1\;/usr/bin:1\;/usr/local/sbin:1\;/usr/sbin:1\;/sw/uppmax/bin:2;' export '__LMOD_REF_COUNT_PATH;' 'PATH=/sw/bioinfo/prokka/1.45-5b58020/snowy/bin:/sw/apps/bioinfo/minced/0.2.0/snowy:/sw/bioinfo/barrnap/0.8/snowy/bin:/sw/bioinfo/SignalP/4.1f/snowy:/sw/bioinfo/tbl2asn/25.8/snowy:/sw/apps/bioinfo/prodigal/2.6.3/snowy/bin:/sw/apps/bioinfo/aragorn/1.2.38/snowy/bin:/sw/apps/bioinfo/hmmer/3.1b2/snowy/bin:/sw/bioinfo/blast/2.11.0+/snowy/bin:/sw/bioinfo/BioPerl/1.7.1_Perl5.24.1/snowy/bin:/sw/comp/perl_modules/5.24.1/snowy/bin:/sw/comp/perl/5.24.1/snowy/bin:/sw/parallel/gnuparallel/20170122/snowy/bin:/home/erikpa/bin:/usr/local/bin:/usr/bin:/usr/local/sbin:/usr/sbin:/sw/uppmax/bin;' export 'PATH;' '__LMOD_REF_COUNT_PERL5LIB=/sw/bioinfo/BioPerl/1.7.1_Perl5.24.1/snowy/lib/perl5:1\;/sw/bioinfo/BioPerl/1.7.1_Perl5.24.1/snowy/lib/perl5/x86_64-linux-thread-multi:1\;/sw/comp/perl_modules/5.24.1/snowy/lib/perl5:1\;/sw/comp/perl_modules/5.24.1/snowy/lib/perl5/x86_64-linux-thread-multi:1\;/sw/comp/perl/5.24.1/snowy/lib:1;' export '__LMOD_REF_COUNT_PERL5LIB;' 'PERL5LIB=/sw/bioinfo/BioPerl/1.7.1_Perl5.24.1/snowy/lib/perl5:/sw/bioinfo/BioPerl/1.7.1_Perl5.24.1/snowy/lib/perl5/x86_64-linux-thread-multi:/sw/comp/perl_modules/5.24.1/snowy/lib/perl5:/sw/comp/perl_modules/5.24.1/snowy/lib/perl5/x86_64-linux-thread-multi:/sw/comp/perl/5.24.1/snowy/lib;' export 'PERL5LIB;' 'SIGNALP_ROOT=/sw/bioinfo/SignalP/4.1f/snowy;' export 'SIGNALP_ROOT;' '__LMOD_REF_COUNT__LMFILES_=/sw/mf/snowy/environment/bioinfo-tools:1\;/sw/mf/snowy/parallel/gnuparallel/20170122:1\;/sw/mf/snowy/compilers/perl/5.24.1:1\;/sw/mf/snowy/compilers/perl_modules/5.24.1:1\;/sw/mf/snowy/bioinfo-tools/misc/BioPerl/1.7.1_Perl5.24.1:1\;/sw/mf/snowy/data/blast_databases/latest:1\;/sw/mf/snowy/bioinfo-tools/alignment/blast/2.11.0+:1\;/sw/mf/snowy/bioinfo-tools/alignment/hmmer/3.1b2:1\;/sw/mf/snowy/bioinfo-tools/alignment/aragorn/1.2.38:1\;/sw/mf/snowy/bioinfo-tools/misc/prodigal/2.6.3:1\;/sw/mf/snowy/bioinfo-tools/misc/tbl2asn/25.8:1\;/sw/mf/snowy/bioinfo-tools/annotation/SignalP/4.1f:1\;/sw/mf/snowy/bioinfo-tools/alignment/barrnap/0.8:1\;/sw/mf/snowy/bioinfo-tools/alignment/minced/0.2.0:1\;/sw/mf/snowy/bioinfo-tools/annotation/prokka/1.45-5b58020:1;' export '__LMOD_REF_COUNT__LMFILES_;' '_LMFILES_=/sw/mf/snowy/environment/bioinfo-tools:/sw/mf/snowy/parallel/gnuparallel/20170122:/sw/mf/snowy/compilers/perl/5.24.1:/sw/mf/snowy/compilers/perl_modules/5.24.1:/sw/mf/snowy/bioinfo-tools/misc/BioPerl/1.7.1_Perl5.24.1:/sw/mf/snowy/data/blast_databases/latest:/sw/mf/snowy/bioinfo-tools/alignment/blast/2.11.0+:/sw/mf/snowy/bioinfo-tools/alignment/hmmer/3.1b2:/sw/mf/snowy/bioinfo-tools/alignment/aragorn/1.2.38:/sw/mf/snowy/bioinfo-tools/misc/prodigal/2.6.3:/sw/mf/snowy/bioinfo-tools/misc/tbl2asn/25.8:/sw/mf/snowy/bioinfo-tools/annotation/SignalP/4.1f:/sw/mf/snowy/bioinfo-tools/alignment/barrnap/0.8:/sw/mf/snowy/bioinfo-tools/alignment/minced/0.2.0:/sw/mf/snowy/bioinfo-tools/annotation/prokka/1.45-5b58020;' export '_LMFILES_;' '_ModuleTable001_=X01vZHVsZVRhYmxlXz17WyJNVHZlcnNpb24iXT0zLFsiY19yZWJ1aWxkVGltZSJdPWZhbHNlLFsiY19zaG9ydFRpbWUiXT1mYWxzZSxkZXB0aFQ9e30sZmFtaWx5PXt9LG1UPXtCaW9QZXJsPXtbImZuIl09Ii9zdy9tZi9zbm93eS9iaW9pbmZvLXRvb2xzL21pc2MvQmlvUGVybC8xLjcuMV9QZXJsNS4yNC4xIixbImZ1bGxOYW1lIl09IkJpb1BlcmwvMS43LjFfUGVybDUuMjQuMSIsWyJsb2FkT3JkZXIiXT01LHByb3BUPXt9LFsic3RhY2tEZXB0aCJdPTEsWyJzdGF0dXMiXT0iYWN0aXZlIixbInVzZXJOYW1lIl09IkJpb1BlcmwvMS43LjFfUGVybDUuMjQuMSIsfSxTaWduYWxQPXtbImZuIl09Ii9zdy9tZi9zbm93eS9iaW9pbmZvLXRvb2xzL2Fubm90YXRpb24vU2lnbmFsUC80;' export '_ModuleTable001_;' '_ModuleTable002_=LjFmIixbImZ1bGxOYW1lIl09IlNpZ25hbFAvNC4xZiIsWyJsb2FkT3JkZXIiXT0xMixwcm9wVD17fSxbInN0YWNrRGVwdGgiXT0xLFsic3RhdHVzIl09ImFjdGl2ZSIsWyJ1c2VyTmFtZSJdPSJTaWduYWxQLzQuMWYiLH0sYXJhZ29ybj17WyJmbiJdPSIvc3cvbWYvc25vd3kvYmlvaW5mby10b29scy9hbGlnbm1lbnQvYXJhZ29ybi8xLjIuMzgiLFsiZnVsbE5hbWUiXT0iYXJhZ29ybi8xLjIuMzgiLFsibG9hZE9yZGVyIl09OSxwcm9wVD17fSxbInN0YWNrRGVwdGgiXT0xLFsic3RhdHVzIl09ImFjdGl2ZSIsWyJ1c2VyTmFtZSJdPSJhcmFnb3JuLzEuMi4zOCIsfSxiYXJybmFwPXtbImZuIl09Ii9zdy9tZi9zbm93eS9iaW9pbmZvLXRvb2xzL2FsaWdubWVudC9iYXJybmFwLzAu;' export '_ModuleTable002_;' '_ModuleTable003_=OCIsWyJmdWxsTmFtZSJdPSJiYXJybmFwLzAuOCIsWyJsb2FkT3JkZXIiXT0xMyxwcm9wVD17fSxbInN0YWNrRGVwdGgiXT0xLFsic3RhdHVzIl09ImFjdGl2ZSIsWyJ1c2VyTmFtZSJdPSJiYXJybmFwLzAuOCIsfSxbImJpb2luZm8tdG9vbHMiXT17WyJmbiJdPSIvc3cvbWYvc25vd3kvZW52aXJvbm1lbnQvYmlvaW5mby10b29scyIsWyJmdWxsTmFtZSJdPSJiaW9pbmZvLXRvb2xzIixbImxvYWRPcmRlciJdPTEscHJvcFQ9e30sWyJzdGFja0RlcHRoIl09MCxbInN0YXR1cyJdPSJhY3RpdmUiLFsidXNlck5hbWUiXT0iYmlvaW5mby10b29scyIsfSxibGFzdD17WyJmbiJdPSIvc3cvbWYvc25vd3kvYmlvaW5mby10b29scy9hbGlnbm1lbnQvYmxhc3QvMi4xMS4wKyIsWyJmdWxs;' export '_ModuleTable003_;' '_ModuleTable004_=TmFtZSJdPSJibGFzdC8yLjExLjArIixbImxvYWRPcmRlciJdPTcscHJvcFQ9e30sWyJzdGFja0RlcHRoIl09MSxbInN0YXR1cyJdPSJhY3RpdmUiLFsidXNlck5hbWUiXT0iYmxhc3QvMi4xMS4wKyIsfSxibGFzdF9kYXRhYmFzZXM9e1siZm4iXT0iL3N3L21mL3Nub3d5L2RhdGEvYmxhc3RfZGF0YWJhc2VzL2xhdGVzdCIsWyJmdWxsTmFtZSJdPSJibGFzdF9kYXRhYmFzZXMvbGF0ZXN0IixbImxvYWRPcmRlciJdPTYscHJvcFQ9e30sWyJzdGFja0RlcHRoIl09MixbInN0YXR1cyJdPSJhY3RpdmUiLFsidXNlck5hbWUiXT0iYmxhc3RfZGF0YWJhc2VzL2xhdGVzdCIsfSxnbnVwYXJhbGxlbD17WyJmbiJdPSIvc3cvbWYvc25vd3kvcGFyYWxsZWwvZ251cGFyYWxsZWwvMjAxNzAx;' export '_ModuleTable004_;' '_ModuleTable005_=MjIiLFsiZnVsbE5hbWUiXT0iZ251cGFyYWxsZWwvMjAxNzAxMjIiLFsibG9hZE9yZGVyIl09Mixwcm9wVD17fSxbInN0YWNrRGVwdGgiXT0xLFsic3RhdHVzIl09ImFjdGl2ZSIsWyJ1c2VyTmFtZSJdPSJnbnVwYXJhbGxlbC8yMDE3MDEyMiIsfSxobW1lcj17WyJmbiJdPSIvc3cvbWYvc25vd3kvYmlvaW5mby10b29scy9hbGlnbm1lbnQvaG1tZXIvMy4xYjIiLFsiZnVsbE5hbWUiXT0iaG1tZXIvMy4xYjIiLFsibG9hZE9yZGVyIl09OCxwcm9wVD17fSxbInN0YWNrRGVwdGgiXT0xLFsic3RhdHVzIl09ImFjdGl2ZSIsWyJ1c2VyTmFtZSJdPSJobW1lci8zLjFiMiIsfSxtaW5jZWQ9e1siZm4iXT0iL3N3L21mL3Nub3d5L2Jpb2luZm8tdG9vbHMvYWxpZ25tZW50L21pbmNlZC8w;' export '_ModuleTable005_;' '_ModuleTable006_=LjIuMCIsWyJmdWxsTmFtZSJdPSJtaW5jZWQvMC4yLjAiLFsibG9hZE9yZGVyIl09MTQscHJvcFQ9e30sWyJzdGFja0RlcHRoIl09MSxbInN0YXR1cyJdPSJhY3RpdmUiLFsidXNlck5hbWUiXT0ibWluY2VkLzAuMi4wIix9LHBlcmw9e1siZm4iXT0iL3N3L21mL3Nub3d5L2NvbXBpbGVycy9wZXJsLzUuMjQuMSIsWyJmdWxsTmFtZSJdPSJwZXJsLzUuMjQuMSIsWyJsb2FkT3JkZXIiXT0zLHByb3BUPXt9LFsicmVmX2NvdW50Il09MSxbInN0YWNrRGVwdGgiXT0zLFsic3RhdHVzIl09ImFjdGl2ZSIsWyJ1c2VyTmFtZSJdPSJwZXJsLzUuMjQuMSIsfSxwZXJsX21vZHVsZXM9e1siZm4iXT0iL3N3L21mL3Nub3d5L2NvbXBpbGVycy9wZXJsX21vZHVsZXMvNS4yNC4xIixbImZ1bGxO;' export '_ModuleTable006_;' '_ModuleTable007_=YW1lIl09InBlcmxfbW9kdWxlcy81LjI0LjEiLFsibG9hZE9yZGVyIl09NCxwcm9wVD17fSxbInN0YWNrRGVwdGgiXT0yLFsic3RhdHVzIl09ImFjdGl2ZSIsWyJ1c2VyTmFtZSJdPSJwZXJsX21vZHVsZXMvNS4yNC4xIix9LHByb2RpZ2FsPXtbImZuIl09Ii9zdy9tZi9zbm93eS9iaW9pbmZvLXRvb2xzL21pc2MvcHJvZGlnYWwvMi42LjMiLFsiZnVsbE5hbWUiXT0icHJvZGlnYWwvMi42LjMiLFsibG9hZE9yZGVyIl09MTAscHJvcFQ9e30sWyJzdGFja0RlcHRoIl09MSxbInN0YXR1cyJdPSJhY3RpdmUiLFsidXNlck5hbWUiXT0icHJvZGlnYWwvMi42LjMiLH0scHJva2thPXtbImZuIl09Ii9zdy9tZi9zbm93eS9iaW9pbmZvLXRvb2xzL2Fubm90YXRpb24vcHJva2thLzEuNDUt;' export '_ModuleTable007_;' '_ModuleTable008_=NWI1ODAyMCIsWyJmdWxsTmFtZSJdPSJwcm9ra2EvMS40NS01YjU4MDIwIixbImxvYWRPcmRlciJdPTE1LHByb3BUPXt9LFsic3RhY2tEZXB0aCJdPTAsWyJzdGF0dXMiXT0iYWN0aXZlIixbInVzZXJOYW1lIl09InByb2trYSIsfSx0YmwyYXNuPXtbImZuIl09Ii9zdy9tZi9zbm93eS9iaW9pbmZvLXRvb2xzL21pc2MvdGJsMmFzbi8yNS44IixbImZ1bGxOYW1lIl09InRibDJhc24vMjUuOCIsWyJsb2FkT3JkZXIiXT0xMSxwcm9wVD17fSxbInN0YWNrRGVwdGgiXT0xLFsic3RhdHVzIl09ImFjdGl2ZSIsWyJ1c2VyTmFtZSJdPSJ0YmwyYXNuLzI1LjgiLH0sfSxtcGF0aEE9eyIvc3cvbWYvc25vd3kvYmlvaW5mby10b29scy9hbm5vdGF0aW9uIiwiL3N3L21mL3Nub3d5L2Jpb2lu;' export '_ModuleTable008_;' '_ModuleTable009_=Zm8tdG9vbHMvYWxpZ25tZW50IiwiL3N3L21mL3Nub3d5L2Jpb2luZm8tdG9vbHMvYXNzZW1ibHkiLCIvc3cvbWYvc25vd3kvYmlvaW5mby10b29scy9taXNjIiwiL3N3L21mL3Nub3d5L2Jpb2luZm8tdG9vbHMvcGh5bG9nZW55IiwiL3N3L21mL3Nub3d5L2Jpb2luZm8tdG9vbHMvcGlwZWxpbmVzIiwiL3N3L21mL3Nub3d5L2Jpb2luZm8tdG9vbHMvc3dfY29sbGVjdGlvbnMiLCIvc3cvbWYvc25vd3kvYXBwbGljYXRpb25zIiwiL3N3L21mL3Nub3d5L2J1aWxkLXRvb2xzIiwiL3N3L21mL3Nub3d5L2NvbXBpbGVycyIsIi9zdy9tZi9zbm93eS9kYXRhIiwiL3N3L21mL3Nub3d5L2Vudmlyb25tZW50IiwiL3N3L21mL3Nub3d5L2xpYnJhcmllcyIsIi9zdy9tZi9zbm93eS9wYXJh;' export '_ModuleTable009_;' '_ModuleTable010_=bGxlbCIsfSxbInN5c3RlbUJhc2VNUEFUSCJdPSIvc3cvbWYvc25vd3kvYXBwbGljYXRpb25zOi9zdy9tZi9zbm93eS9idWlsZC10b29sczovc3cvbWYvc25vd3kvY29tcGlsZXJzOi9zdy9tZi9zbm93eS9kYXRhOi9zdy9tZi9zbm93eS9lbnZpcm9ubWVudDovc3cvbWYvc25vd3kvbGlicmFyaWVzOi9zdy9tZi9zbm93eS9wYXJhbGxlbCIsfQ==;' export '_ModuleTable010_;' '_ModuleTable_Sz_=10;' export '_ModuleTable_Sz_;'
++ BLASTDATA_ROOT=/sw/data/blast_databases
++ export BLASTDATA_ROOT
++ BLASTDB=/sw/data/blast_databases
++ export BLASTDB
++ BLASTPLUSDIR=/sw/bioinfo/blast/2.11.0+/snowy/bin
++ export BLASTPLUSDIR
++ BLAST_DOC=/sw/bioinfo/blast/2.11.0+/snowy/doc
++ export BLAST_DOC
++ BLAST_ROOT=/sw/bioinfo/blast/2.11.0+/snowy
++ export BLAST_ROOT
++ HMMER_HOME=/sw/apps/bioinfo/hmmer/3.1b2/snowy
++ export HMMER_HOME
++ __LMOD_REF_COUNT_LD_LIBRARY_PATH='/sw/bioinfo/BioPerl/1.7.1_Perl5.24.1/snowy/lib:1;/sw/comp/perl_modules/5.24.1/snowy/lib:1'
++ export __LMOD_REF_COUNT_LD_LIBRARY_PATH
++ LD_LIBRARY_PATH=/sw/bioinfo/BioPerl/1.7.1_Perl5.24.1/snowy/lib:/sw/comp/perl_modules/5.24.1/snowy/lib
++ export LD_LIBRARY_PATH
++ __LMOD_REF_COUNT_LOADEDMODULES='uppmax:2;bioinfo-tools:1;gnuparallel/20170122:1;perl/5.24.1:1;perl_modules/5.24.1:1;BioPerl/1.7.1_Perl5.24.1:1;blast_databases/latest:1;blast/2.11.0+:1;hmmer/3.1b2:1;aragorn/1.2.38:1;prodigal/2.6.3:1;tbl2asn/25.8:1;SignalP/4.1f:1;barrnap/0.8:1;minced/0.2.0:1;prokka/1.45-5b58020:1'
++ export __LMOD_REF_COUNT_LOADEDMODULES
++ LOADEDMODULES=uppmax:bioinfo-tools:gnuparallel/20170122:perl/5.24.1:perl_modules/5.24.1:BioPerl/1.7.1_Perl5.24.1:blast_databases/latest:blast/2.11.0+:hmmer/3.1b2:aragorn/1.2.38:prodigal/2.6.3:tbl2asn/25.8:SignalP/4.1f:barrnap/0.8:minced/0.2.0:prokka/1.45-5b58020
++ export LOADEDMODULES
++ __LMOD_REF_COUNT_MANPATH='/sw/bioinfo/prokka/1.45-5b58020/snowy/man:1;/sw/bioinfo/SignalP/4.1f/snowy/man:1;/sw/apps/bioinfo/aragorn/1.2.38/snowy/man:1;/sw/comp/perl/5.24.1/snowy/man:1;/sw/parallel/gnuparallel/20170122/snowy/share/man:1;/usr/share/man:2;/sw/uppmax/man:2;/opt/thinlinc/share/man:2;/sw/comp/perl_modules/5.24.1/snowy/man:1;/sw/bioinfo/BioPerl/1.7.1_Perl5.24.1/snowy/man:1;/sw/apps/bioinfo/hmmer/3.1b2/snowy/man:1'
++ export __LMOD_REF_COUNT_MANPATH
++ MANPATH=/sw/bioinfo/prokka/1.45-5b58020/snowy/man:/sw/bioinfo/SignalP/4.1f/snowy/man:/sw/apps/bioinfo/aragorn/1.2.38/snowy/man:/sw/comp/perl/5.24.1/snowy/man:/sw/parallel/gnuparallel/20170122/snowy/share/man:/usr/share/man:/sw/uppmax/man:/opt/thinlinc/share/man:/sw/comp/perl_modules/5.24.1/snowy/man:/sw/bioinfo/BioPerl/1.7.1_Perl5.24.1/snowy/man:/sw/apps/bioinfo/hmmer/3.1b2/snowy/man
++ export MANPATH
++ MODULEPATH=/sw/mf/snowy/bioinfo-tools/annotation:/sw/mf/snowy/bioinfo-tools/alignment:/sw/mf/snowy/bioinfo-tools/assembly:/sw/mf/snowy/bioinfo-tools/misc:/sw/mf/snowy/bioinfo-tools/phylogeny:/sw/mf/snowy/bioinfo-tools/pipelines:/sw/mf/snowy/bioinfo-tools/sw_collections:/sw/mf/snowy/applications:/sw/mf/snowy/build-tools:/sw/mf/snowy/compilers:/sw/mf/snowy/data:/sw/mf/snowy/environment:/sw/mf/snowy/libraries:/sw/mf/snowy/parallel
++ export MODULEPATH
++ __LMOD_REF_COUNT_PATH='/sw/bioinfo/prokka/1.45-5b58020/snowy/bin:1;/sw/apps/bioinfo/minced/0.2.0/snowy:1;/sw/bioinfo/barrnap/0.8/snowy/bin:1;/sw/bioinfo/SignalP/4.1f/snowy:1;/sw/bioinfo/tbl2asn/25.8/snowy:1;/sw/apps/bioinfo/prodigal/2.6.3/snowy/bin:1;/sw/apps/bioinfo/aragorn/1.2.38/snowy/bin:1;/sw/apps/bioinfo/hmmer/3.1b2/snowy/bin:1;/sw/bioinfo/blast/2.11.0+/snowy/bin:1;/sw/bioinfo/BioPerl/1.7.1_Perl5.24.1/snowy/bin:1;/sw/comp/perl_modules/5.24.1/snowy/bin:1;/sw/comp/perl/5.24.1/snowy/bin:1;/sw/parallel/gnuparallel/20170122/snowy/bin:1;/home/erikpa/bin:2;/usr/local/bin:1;/usr/bin:1;/usr/local/sbin:1;/usr/sbin:1;/sw/uppmax/bin:2'
++ export __LMOD_REF_COUNT_PATH
++ PATH=/sw/bioinfo/prokka/1.45-5b58020/snowy/bin:/sw/apps/bioinfo/minced/0.2.0/snowy:/sw/bioinfo/barrnap/0.8/snowy/bin:/sw/bioinfo/SignalP/4.1f/snowy:/sw/bioinfo/tbl2asn/25.8/snowy:/sw/apps/bioinfo/prodigal/2.6.3/snowy/bin:/sw/apps/bioinfo/aragorn/1.2.38/snowy/bin:/sw/apps/bioinfo/hmmer/3.1b2/snowy/bin:/sw/bioinfo/blast/2.11.0+/snowy/bin:/sw/bioinfo/BioPerl/1.7.1_Perl5.24.1/snowy/bin:/sw/comp/perl_modules/5.24.1/snowy/bin:/sw/comp/perl/5.24.1/snowy/bin:/sw/parallel/gnuparallel/20170122/snowy/bin:/home/erikpa/bin:/usr/local/bin:/usr/bin:/usr/local/sbin:/usr/sbin:/sw/uppmax/bin
++ export PATH
++ __LMOD_REF_COUNT_PERL5LIB='/sw/bioinfo/BioPerl/1.7.1_Perl5.24.1/snowy/lib/perl5:1;/sw/bioinfo/BioPerl/1.7.1_Perl5.24.1/snowy/lib/perl5/x86_64-linux-thread-multi:1;/sw/comp/perl_modules/5.24.1/snowy/lib/perl5:1;/sw/comp/perl_modules/5.24.1/snowy/lib/perl5/x86_64-linux-thread-multi:1;/sw/comp/perl/5.24.1/snowy/lib:1'
++ export __LMOD_REF_COUNT_PERL5LIB
++ PERL5LIB=/sw/bioinfo/BioPerl/1.7.1_Perl5.24.1/snowy/lib/perl5:/sw/bioinfo/BioPerl/1.7.1_Perl5.24.1/snowy/lib/perl5/x86_64-linux-thread-multi:/sw/comp/perl_modules/5.24.1/snowy/lib/perl5:/sw/comp/perl_modules/5.24.1/snowy/lib/perl5/x86_64-linux-thread-multi:/sw/comp/perl/5.24.1/snowy/lib
++ export PERL5LIB
++ SIGNALP_ROOT=/sw/bioinfo/SignalP/4.1f/snowy
++ export SIGNALP_ROOT
++ __LMOD_REF_COUNT__LMFILES_='/sw/mf/snowy/environment/bioinfo-tools:1;/sw/mf/snowy/parallel/gnuparallel/20170122:1;/sw/mf/snowy/compilers/perl/5.24.1:1;/sw/mf/snowy/compilers/perl_modules/5.24.1:1;/sw/mf/snowy/bioinfo-tools/misc/BioPerl/1.7.1_Perl5.24.1:1;/sw/mf/snowy/data/blast_databases/latest:1;/sw/mf/snowy/bioinfo-tools/alignment/blast/2.11.0+:1;/sw/mf/snowy/bioinfo-tools/alignment/hmmer/3.1b2:1;/sw/mf/snowy/bioinfo-tools/alignment/aragorn/1.2.38:1;/sw/mf/snowy/bioinfo-tools/misc/prodigal/2.6.3:1;/sw/mf/snowy/bioinfo-tools/misc/tbl2asn/25.8:1;/sw/mf/snowy/bioinfo-tools/annotation/SignalP/4.1f:1;/sw/mf/snowy/bioinfo-tools/alignment/barrnap/0.8:1;/sw/mf/snowy/bioinfo-tools/alignment/minced/0.2.0:1;/sw/mf/snowy/bioinfo-tools/annotation/prokka/1.45-5b58020:1'
++ export __LMOD_REF_COUNT__LMFILES_
++ _LMFILES_=/sw/mf/snowy/environment/bioinfo-tools:/sw/mf/snowy/parallel/gnuparallel/20170122:/sw/mf/snowy/compilers/perl/5.24.1:/sw/mf/snowy/compilers/perl_modules/5.24.1:/sw/mf/snowy/bioinfo-tools/misc/BioPerl/1.7.1_Perl5.24.1:/sw/mf/snowy/data/blast_databases/latest:/sw/mf/snowy/bioinfo-tools/alignment/blast/2.11.0+:/sw/mf/snowy/bioinfo-tools/alignment/hmmer/3.1b2:/sw/mf/snowy/bioinfo-tools/alignment/aragorn/1.2.38:/sw/mf/snowy/bioinfo-tools/misc/prodigal/2.6.3:/sw/mf/snowy/bioinfo-tools/misc/tbl2asn/25.8:/sw/mf/snowy/bioinfo-tools/annotation/SignalP/4.1f:/sw/mf/snowy/bioinfo-tools/alignment/barrnap/0.8:/sw/mf/snowy/bioinfo-tools/alignment/minced/0.2.0:/sw/mf/snowy/bioinfo-tools/annotation/prokka/1.45-5b58020
++ export _LMFILES_
++ _ModuleTable001_=X01vZHVsZVRhYmxlXz17WyJNVHZlcnNpb24iXT0zLFsiY19yZWJ1aWxkVGltZSJdPWZhbHNlLFsiY19zaG9ydFRpbWUiXT1mYWxzZSxkZXB0aFQ9e30sZmFtaWx5PXt9LG1UPXtCaW9QZXJsPXtbImZuIl09Ii9zdy9tZi9zbm93eS9iaW9pbmZvLXRvb2xzL21pc2MvQmlvUGVybC8xLjcuMV9QZXJsNS4yNC4xIixbImZ1bGxOYW1lIl09IkJpb1BlcmwvMS43LjFfUGVybDUuMjQuMSIsWyJsb2FkT3JkZXIiXT01LHByb3BUPXt9LFsic3RhY2tEZXB0aCJdPTEsWyJzdGF0dXMiXT0iYWN0aXZlIixbInVzZXJOYW1lIl09IkJpb1BlcmwvMS43LjFfUGVybDUuMjQuMSIsfSxTaWduYWxQPXtbImZuIl09Ii9zdy9tZi9zbm93eS9iaW9pbmZvLXRvb2xzL2Fubm90YXRpb24vU2lnbmFsUC80
++ export _ModuleTable001_
++ _ModuleTable002_=LjFmIixbImZ1bGxOYW1lIl09IlNpZ25hbFAvNC4xZiIsWyJsb2FkT3JkZXIiXT0xMixwcm9wVD17fSxbInN0YWNrRGVwdGgiXT0xLFsic3RhdHVzIl09ImFjdGl2ZSIsWyJ1c2VyTmFtZSJdPSJTaWduYWxQLzQuMWYiLH0sYXJhZ29ybj17WyJmbiJdPSIvc3cvbWYvc25vd3kvYmlvaW5mby10b29scy9hbGlnbm1lbnQvYXJhZ29ybi8xLjIuMzgiLFsiZnVsbE5hbWUiXT0iYXJhZ29ybi8xLjIuMzgiLFsibG9hZE9yZGVyIl09OSxwcm9wVD17fSxbInN0YWNrRGVwdGgiXT0xLFsic3RhdHVzIl09ImFjdGl2ZSIsWyJ1c2VyTmFtZSJdPSJhcmFnb3JuLzEuMi4zOCIsfSxiYXJybmFwPXtbImZuIl09Ii9zdy9tZi9zbm93eS9iaW9pbmZvLXRvb2xzL2FsaWdubWVudC9iYXJybmFwLzAu
++ export _ModuleTable002_
++ _ModuleTable003_=OCIsWyJmdWxsTmFtZSJdPSJiYXJybmFwLzAuOCIsWyJsb2FkT3JkZXIiXT0xMyxwcm9wVD17fSxbInN0YWNrRGVwdGgiXT0xLFsic3RhdHVzIl09ImFjdGl2ZSIsWyJ1c2VyTmFtZSJdPSJiYXJybmFwLzAuOCIsfSxbImJpb2luZm8tdG9vbHMiXT17WyJmbiJdPSIvc3cvbWYvc25vd3kvZW52aXJvbm1lbnQvYmlvaW5mby10b29scyIsWyJmdWxsTmFtZSJdPSJiaW9pbmZvLXRvb2xzIixbImxvYWRPcmRlciJdPTEscHJvcFQ9e30sWyJzdGFja0RlcHRoIl09MCxbInN0YXR1cyJdPSJhY3RpdmUiLFsidXNlck5hbWUiXT0iYmlvaW5mby10b29scyIsfSxibGFzdD17WyJmbiJdPSIvc3cvbWYvc25vd3kvYmlvaW5mby10b29scy9hbGlnbm1lbnQvYmxhc3QvMi4xMS4wKyIsWyJmdWxs
++ export _ModuleTable003_
++ _ModuleTable004_=TmFtZSJdPSJibGFzdC8yLjExLjArIixbImxvYWRPcmRlciJdPTcscHJvcFQ9e30sWyJzdGFja0RlcHRoIl09MSxbInN0YXR1cyJdPSJhY3RpdmUiLFsidXNlck5hbWUiXT0iYmxhc3QvMi4xMS4wKyIsfSxibGFzdF9kYXRhYmFzZXM9e1siZm4iXT0iL3N3L21mL3Nub3d5L2RhdGEvYmxhc3RfZGF0YWJhc2VzL2xhdGVzdCIsWyJmdWxsTmFtZSJdPSJibGFzdF9kYXRhYmFzZXMvbGF0ZXN0IixbImxvYWRPcmRlciJdPTYscHJvcFQ9e30sWyJzdGFja0RlcHRoIl09MixbInN0YXR1cyJdPSJhY3RpdmUiLFsidXNlck5hbWUiXT0iYmxhc3RfZGF0YWJhc2VzL2xhdGVzdCIsfSxnbnVwYXJhbGxlbD17WyJmbiJdPSIvc3cvbWYvc25vd3kvcGFyYWxsZWwvZ251cGFyYWxsZWwvMjAxNzAx
++ export _ModuleTable004_
++ _ModuleTable005_=MjIiLFsiZnVsbE5hbWUiXT0iZ251cGFyYWxsZWwvMjAxNzAxMjIiLFsibG9hZE9yZGVyIl09Mixwcm9wVD17fSxbInN0YWNrRGVwdGgiXT0xLFsic3RhdHVzIl09ImFjdGl2ZSIsWyJ1c2VyTmFtZSJdPSJnbnVwYXJhbGxlbC8yMDE3MDEyMiIsfSxobW1lcj17WyJmbiJdPSIvc3cvbWYvc25vd3kvYmlvaW5mby10b29scy9hbGlnbm1lbnQvaG1tZXIvMy4xYjIiLFsiZnVsbE5hbWUiXT0iaG1tZXIvMy4xYjIiLFsibG9hZE9yZGVyIl09OCxwcm9wVD17fSxbInN0YWNrRGVwdGgiXT0xLFsic3RhdHVzIl09ImFjdGl2ZSIsWyJ1c2VyTmFtZSJdPSJobW1lci8zLjFiMiIsfSxtaW5jZWQ9e1siZm4iXT0iL3N3L21mL3Nub3d5L2Jpb2luZm8tdG9vbHMvYWxpZ25tZW50L21pbmNlZC8w
++ export _ModuleTable005_
++ _ModuleTable006_=LjIuMCIsWyJmdWxsTmFtZSJdPSJtaW5jZWQvMC4yLjAiLFsibG9hZE9yZGVyIl09MTQscHJvcFQ9e30sWyJzdGFja0RlcHRoIl09MSxbInN0YXR1cyJdPSJhY3RpdmUiLFsidXNlck5hbWUiXT0ibWluY2VkLzAuMi4wIix9LHBlcmw9e1siZm4iXT0iL3N3L21mL3Nub3d5L2NvbXBpbGVycy9wZXJsLzUuMjQuMSIsWyJmdWxsTmFtZSJdPSJwZXJsLzUuMjQuMSIsWyJsb2FkT3JkZXIiXT0zLHByb3BUPXt9LFsicmVmX2NvdW50Il09MSxbInN0YWNrRGVwdGgiXT0zLFsic3RhdHVzIl09ImFjdGl2ZSIsWyJ1c2VyTmFtZSJdPSJwZXJsLzUuMjQuMSIsfSxwZXJsX21vZHVsZXM9e1siZm4iXT0iL3N3L21mL3Nub3d5L2NvbXBpbGVycy9wZXJsX21vZHVsZXMvNS4yNC4xIixbImZ1bGxO
++ export _ModuleTable006_
++ _ModuleTable007_=YW1lIl09InBlcmxfbW9kdWxlcy81LjI0LjEiLFsibG9hZE9yZGVyIl09NCxwcm9wVD17fSxbInN0YWNrRGVwdGgiXT0yLFsic3RhdHVzIl09ImFjdGl2ZSIsWyJ1c2VyTmFtZSJdPSJwZXJsX21vZHVsZXMvNS4yNC4xIix9LHByb2RpZ2FsPXtbImZuIl09Ii9zdy9tZi9zbm93eS9iaW9pbmZvLXRvb2xzL21pc2MvcHJvZGlnYWwvMi42LjMiLFsiZnVsbE5hbWUiXT0icHJvZGlnYWwvMi42LjMiLFsibG9hZE9yZGVyIl09MTAscHJvcFQ9e30sWyJzdGFja0RlcHRoIl09MSxbInN0YXR1cyJdPSJhY3RpdmUiLFsidXNlck5hbWUiXT0icHJvZGlnYWwvMi42LjMiLH0scHJva2thPXtbImZuIl09Ii9zdy9tZi9zbm93eS9iaW9pbmZvLXRvb2xzL2Fubm90YXRpb24vcHJva2thLzEuNDUt
++ export _ModuleTable007_
++ _ModuleTable008_=NWI1ODAyMCIsWyJmdWxsTmFtZSJdPSJwcm9ra2EvMS40NS01YjU4MDIwIixbImxvYWRPcmRlciJdPTE1LHByb3BUPXt9LFsic3RhY2tEZXB0aCJdPTAsWyJzdGF0dXMiXT0iYWN0aXZlIixbInVzZXJOYW1lIl09InByb2trYSIsfSx0YmwyYXNuPXtbImZuIl09Ii9zdy9tZi9zbm93eS9iaW9pbmZvLXRvb2xzL21pc2MvdGJsMmFzbi8yNS44IixbImZ1bGxOYW1lIl09InRibDJhc24vMjUuOCIsWyJsb2FkT3JkZXIiXT0xMSxwcm9wVD17fSxbInN0YWNrRGVwdGgiXT0xLFsic3RhdHVzIl09ImFjdGl2ZSIsWyJ1c2VyTmFtZSJdPSJ0YmwyYXNuLzI1LjgiLH0sfSxtcGF0aEE9eyIvc3cvbWYvc25vd3kvYmlvaW5mby10b29scy9hbm5vdGF0aW9uIiwiL3N3L21mL3Nub3d5L2Jpb2lu
++ export _ModuleTable008_
++ _ModuleTable009_=Zm8tdG9vbHMvYWxpZ25tZW50IiwiL3N3L21mL3Nub3d5L2Jpb2luZm8tdG9vbHMvYXNzZW1ibHkiLCIvc3cvbWYvc25vd3kvYmlvaW5mby10b29scy9taXNjIiwiL3N3L21mL3Nub3d5L2Jpb2luZm8tdG9vbHMvcGh5bG9nZW55IiwiL3N3L21mL3Nub3d5L2Jpb2luZm8tdG9vbHMvcGlwZWxpbmVzIiwiL3N3L21mL3Nub3d5L2Jpb2luZm8tdG9vbHMvc3dfY29sbGVjdGlvbnMiLCIvc3cvbWYvc25vd3kvYXBwbGljYXRpb25zIiwiL3N3L21mL3Nub3d5L2J1aWxkLXRvb2xzIiwiL3N3L21mL3Nub3d5L2NvbXBpbGVycyIsIi9zdy9tZi9zbm93eS9kYXRhIiwiL3N3L21mL3Nub3d5L2Vudmlyb25tZW50IiwiL3N3L21mL3Nub3d5L2xpYnJhcmllcyIsIi9zdy9tZi9zbm93eS9wYXJh
++ export _ModuleTable009_
++ _ModuleTable010_=bGxlbCIsfSxbInN5c3RlbUJhc2VNUEFUSCJdPSIvc3cvbWYvc25vd3kvYXBwbGljYXRpb25zOi9zdy9tZi9zbm93eS9idWlsZC10b29sczovc3cvbWYvc25vd3kvY29tcGlsZXJzOi9zdy9tZi9zbm93eS9kYXRhOi9zdy9tZi9zbm93eS9lbnZpcm9ubWVudDovc3cvbWYvc25vd3kvbGlicmFyaWVzOi9zdy9tZi9zbm93eS9wYXJhbGxlbCIsfQ==
++ export _ModuleTable010_
++ _ModuleTable_Sz_=10
++ export _ModuleTable_Sz_
++ : -s sh
+ eval
+ cd /scratch/6133939/output
+ prokka /scratch/6133939/Assembled_data/assembled_L.ferri_1_4.contigs.fasta
[16:37:25] This is prokka 1.14.6
[16:37:25] Written by Torsten Seemann <torsten.seemann@gmail.com>
[16:37:25] Homepage is https://github.com/tseemann/prokka
[16:37:25] Local time is Tue Apr 19 16:37:25 2022
[16:37:25] You are erikpa
[16:37:25] Operating system is linux
[16:37:25] You have BioPerl 1.007001
[16:37:25] System has 16 cores.
[16:37:25] Will use maximum of 8 cores.
[16:37:25] Annotating as >>> Bacteria <<<
[16:37:25] Generating locus_tag from '/scratch/6133939/Assembled_data/assembled_L.ferri_1_4.contigs.fasta' contents.
[16:37:25] Setting --locustag JKPEAFBB from MD5 349eafbbea4d35d10c22c0007fd60f7d
[16:37:25] Creating new output folder: PROKKA_04192022
[16:37:25] Running: mkdir -p PROKKA_04192022
[16:37:25] Using filename prefix: PROKKA_04192022.XXX
[16:37:25] Setting HMMER_NCPU=1
[16:37:25] Writing log to: PROKKA_04192022/PROKKA_04192022.log
[16:37:25] Command: /sw/bioinfo/prokka/1.45-5b58020/snowy/bin/prokka /scratch/6133939/Assembled_data/assembled_L.ferri_1_4.contigs.fasta
[16:37:25] Appending to PATH: /sw/bioinfo/prokka/1.45-5b58020/rackham/bin/../binaries/linux
[16:37:25] Appending to PATH: /sw/bioinfo/prokka/1.45-5b58020/rackham/bin/../binaries/linux/../common
[16:37:25] Appending to PATH: /sw/bioinfo/prokka/1.45-5b58020/rackham/bin
[16:37:25] Looking for 'aragorn' - found /sw/bioinfo/prokka/1.45-5b58020/rackham/bin/../binaries/linux/aragorn
[16:37:25] Determined aragorn version is 001002 from 'ARAGORN v1.2.38 Dean Laslett'
[16:37:25] Looking for 'barrnap' - found /sw/bioinfo/barrnap/0.8/snowy/bin/barrnap
[16:37:25] Determined barrnap version is 000008 from 'barrnap 0.8'
[16:37:25] Looking for 'blastp' - found /sw/bioinfo/blast/2.11.0+/snowy/bin/blastp
[16:37:26] Determined blastp version is 002011 from 'blastp: 2.11.0+'
[16:37:26] Looking for 'cmpress' - found /sw/bioinfo/prokka/1.45-5b58020/rackham/bin/../binaries/linux/cmpress
[16:37:26] Determined cmpress version is 001001 from '# INFERNAL 1.1.2 (July 2016)'
[16:37:26] Looking for 'cmscan' - found /sw/bioinfo/prokka/1.45-5b58020/rackham/bin/../binaries/linux/cmscan
[16:37:26] Determined cmscan version is 001001 from '# INFERNAL 1.1.2 (July 2016)'
[16:37:26] Looking for 'egrep' - found /usr/bin/egrep
[16:37:26] Looking for 'find' - found /usr/bin/find
[16:37:26] Looking for 'grep' - found /usr/bin/grep
[16:37:26] Looking for 'hmmpress' - found /sw/apps/bioinfo/hmmer/3.1b2/snowy/bin/hmmpress
[16:37:26] Determined hmmpress version is 003001 from '# HMMER 3.1b2 (February 2015); http://hmmer.org/'
[16:37:26] Looking for 'hmmscan' - found /sw/apps/bioinfo/hmmer/3.1b2/snowy/bin/hmmscan
[16:37:26] Determined hmmscan version is 003001 from '# HMMER 3.1b2 (February 2015); http://hmmer.org/'
[16:37:26] Looking for 'java' - found /usr/bin/java
[16:37:26] Looking for 'makeblastdb' - found /sw/bioinfo/blast/2.11.0+/snowy/bin/makeblastdb
[16:37:27] Determined makeblastdb version is 002011 from 'makeblastdb: 2.11.0+'
[16:37:27] Looking for 'minced' - found /sw/apps/bioinfo/minced/0.2.0/snowy/minced
[16:37:28] Determined minced version is 002000 from 'minced 0.2.0'
[16:37:28] Looking for 'parallel' - found /sw/parallel/gnuparallel/20170122/snowy/bin/parallel
[16:37:28] Determined parallel version is 20170122 from 'GNU parallel 20170122'
[16:37:28] Looking for 'prodigal' - found /sw/apps/bioinfo/prodigal/2.6.3/snowy/bin/prodigal
[16:37:28] Determined prodigal version is 002006 from 'Prodigal V2.6.3: February, 2016'
[16:37:28] Looking for 'prokka-genbank_to_fasta_db' - found /sw/bioinfo/prokka/1.45-5b58020/snowy/bin/prokka-genbank_to_fasta_db
[16:37:28] Looking for 'sed' - found /usr/bin/sed
[16:37:28] Looking for 'signalp' - found /sw/bioinfo/SignalP/4.1f/snowy/signalp
[16:37:28] Determined signalp version is 004001 from '4.1 6133939'
[16:37:28] Looking for 'tbl2asn' - found /sw/bioinfo/tbl2asn/25.8/snowy/tbl2asn
[16:37:28] Determined tbl2asn version is 025008 from 'tbl2asn 25.8   arguments:'
[16:37:28] Using genetic code table 11.
[16:37:28] Loading and checking input file: /scratch/6133939/Assembled_data/assembled_L.ferri_1_4.contigs.fasta
[16:37:28] Wrote 3 contigs totalling 2642833 bp.
[16:37:28] Predicting tRNAs and tmRNAs
[16:37:28] Running: aragorn -l -gc11  -w PROKKA_04192022\/PROKKA_04192022\.fna
[16:37:30] 1 tRNA-Asn [197706,197781] 34 (gtt)
[16:37:30] 2 tRNA-Gly [214489,214563] 33 (gcc)
[16:37:30] 3 tRNA-Lys c[275551,275626] 34 (ctt)
[16:37:30] 4 tRNA-Ala c[353886,353961] 34 (cgc)
[16:37:30] 5 tRNA-Glu [394599,394674] 35 (ctc)
[16:37:30] 6 tRNA-Leu [400524,400610] 35 (taa)
[16:37:30] 7 tRNA-Met c[448850,448924] 33 (cat)
[16:37:30] 8 tRNA-Gln [495280,495353] 33 (ctg)
[16:37:30] 9 tRNA-Val c[640226,640300] 33 (gac)
[16:37:30] 10 tRNA-Val c[675634,675708] 33 (cac)
[16:37:30] 11 tmRNA [751262,751620] 90,119 ANEELALAA*
[16:37:30] 12 tRNA-Leu [786855,786938] 34 (gag)
[16:37:30] 13 tRNA-Pro [809726,809802] 35 (tgg)
[16:37:30] 14 tRNA-Met c[878704,878780] 35 (cat)
[16:37:30] 15 tRNA-Ser c[888810,888899] 35 (cga)
[16:37:30] 16 tRNA-Ser [890865,890949] 36 (tga)
[16:37:30] 17 tRNA-Ser [890981,891073] 35 (gct)
[16:37:30] 18 tRNA-Ser c[896516,896608] 35 (gga)
[16:37:30] 19 tRNA-Leu c[1000853,1000939] 35 (caa)
[16:37:30] 20 tRNA-Cys c[1076538,1076612] 33 (gca)
[16:37:30] 21 tRNA-Arg [1077392,1077468] 35 (tcg)
[16:37:30] 22 tRNA-His [1089066,1089140] 33 (gtg)
[16:37:30] 23 tRNA-Arg [1102936,1103012] 35 (acg)
[16:37:30] 24 tRNA-Met [1153628,1153703] 34 (cat)
[16:37:30] 25 tRNA-Leu c[1192493,1192578] 34 (cag)
[16:37:30] 26 tRNA-Arg c[1192817,1192893] 35 (tct)
[16:37:30] 27 tRNA-Lys c[1204661,1204736] 34 (ttt)
[16:37:30] 28 tRNA-Glu c[1327323,1327400] 37 (ttc)
[16:37:30] 29 tRNA-Ala [1379042,1379117] 34 (ggc)
[16:37:30] 30 tRNA-Gly [1480818,1480892] 33 (ccc)
[16:37:30] 31 tRNA-Thr [1562477,1562552] 34 (tgt)
[16:37:30] 32 tRNA-Val c[1663530,1663605] 34 (tac)
[16:37:30] 33 tRNA-Asp [1664200,1664276] 35 (gtc)
[16:37:30] 34 tRNA-Thr [1676558,1676632] 33 (cgt)
[16:37:30] 35 tRNA-Phe c[2020257,2020332] 34 (gaa)
[16:37:30] 36 tRNA-Pro [2095753,2095829] 35 (ggg)
[16:37:30] 37 tRNA-Arg c[2171527,2171603] 35 (cct)
[16:37:30] 38 tRNA-Ile [2190088,2190164] 35 (gat)
[16:37:30] 39 tRNA-Ala [2190170,2190245] 34 (tgc)
[16:37:30] 40 tRNA-Ala c[2261499,2261574] 34 (tgc)
[16:37:30] 41 tRNA-Ile c[2261580,2261656] 35 (gat)
[16:37:30] 42 tRNA-Pro c[2306898,2306974] 35 (cgg)
[16:37:30] 43 tRNA-Trp c[2426659,2426735] 35 (cca)
[16:37:30] 44 tRNA-Thr c[2428235,2428310] 34 (ggt)
[16:37:30] 45 tRNA-Gly c[2428334,2428408] 33 (tcc)
[16:37:30] 46 tRNA-Tyr c[2428445,2428530] 35 (gta)
[16:37:30] 47 tRNA-Leu c[2430785,2430870] 34 (tag)
[16:37:30] 48 tRNA-Gln c[2440700,2440774] 33 (ttg)
[16:37:30] 49 tRNA-Arg [2474346,2474423] 36 (ccg)
[16:37:30] Found 49 tRNAs
[16:37:30] Predicting Ribosomal RNAs
[16:37:30] Running Barrnap with 8 threads
[16:37:33] 1 tig00000003 2188441 16S ribosomal RNA
[16:37:33] 2 tig00000003 2190382 23S ribosomal RNA
[16:37:33] 3 tig00000003 2193435 5S ribosomal RNA
[16:37:33] 4 tig00000003 2258201 5S ribosomal RNA
[16:37:33] 5 tig00000003 2258387 23S ribosomal RNA
[16:37:33] 6 tig00000003 2261747 16S ribosomal RNA
[16:37:33] Found 6 rRNAs
[16:37:33] Skipping ncRNA search, enable with --rfam if desired.
[16:37:33] Total of 54 tRNA + rRNA features
[16:37:33] Searching for CRISPR repeats
[16:37:33] CRISPR1 tig00000003 1878729 with 18 spacers
[16:37:33] Found 1 CRISPRs
[16:37:33] Predicting coding sequences
[16:37:33] Contigs total 2642833 bp, so using single mode
[16:37:33] Running: prodigal -i PROKKA_04192022\/PROKKA_04192022\.fna -c -m -g 11 -p single -f sco -q
[16:37:39] Excluding CDS which overlaps existing RNA (tRNA) at tig00000003:1153440..1153637 on + strand
[16:37:40] Excluding CDS which overlaps existing RNA (tRNA) at tig00000003:1663440..1664087 on + strand
[16:37:40] Excluding CDS which overlaps existing RNA (CRISPR) at tig00000003:1879563..1880186 on - strand
[16:37:40] Excluding CDS which overlaps existing RNA (tRNA) at tig00000003:2095421..2095762 on + strand
[16:37:40] Excluding CDS which overlaps existing RNA (rRNA) at tig00000003:2188078..2188692 on - strand
[16:37:40] Excluding CDS which overlaps existing RNA (rRNA) at tig00000003:2193182..2193730 on - strand
[16:37:40] Excluding CDS which overlaps existing RNA (rRNA) at tig00000003:2257927..2258388 on - strand
[16:37:40] Excluding CDS which overlaps existing RNA (tRNA) at tig00000003:2260870..2261595 on + strand
[16:37:40] Excluding CDS which overlaps existing RNA (rRNA) at tig00000003:2263007..2263189 on - strand
[16:37:40] Excluding CDS which overlaps existing RNA (tRNA) at tig00000003:2306897..2307133 on + strand
[16:37:41] Excluding CDS which overlaps existing RNA (tRNA) at tig00000003:2430784..2431941 on + strand
[16:37:41] Found 2681 CDS
[16:37:41] Connecting features back to sequences
[16:37:41] Not using genus-specific database. Try --usegenus to enable it.
[16:37:41] Annotating CDS, please be patient.
[16:37:41] Will use 8 CPUs for similarity searching.
[16:37:43] There are still 2681 unannotated CDS left (started with 2681)
[16:37:43] Will use blast to search against /sw/bioinfo/prokka/1.45-5b58020/rackham/db/kingdom/Bacteria/IS with 8 CPUs
[16:37:43] Running: cat PROKKA_04192022\/PROKKA_04192022\.IS\.tmp\.38372\.faa | parallel --gnu --plain -j 8 --block 49205 --recstart '>' --pipe blastp -query - -db /sw/bioinfo/prokka/1.45-5b58020/rackham/db/kingdom/Bacteria/IS -evalue 1e-30 -qcov_hsp_perc 90 -num_threads 1 -num_descriptions 1 -num_alignments 1 -seg no > PROKKA_04192022\/PROKKA_04192022\.IS\.tmp\.38372\.blast 2> /dev/null
[16:38:18] Deleting unwanted file: PROKKA_04192022/PROKKA_04192022.IS.tmp.38372.faa
[16:38:18] Deleting unwanted file: PROKKA_04192022/PROKKA_04192022.IS.tmp.38372.blast
[16:38:20] There are still 2648 unannotated CDS left (started with 2681)
[16:38:20] Will use blast to search against /sw/bioinfo/prokka/1.45-5b58020/rackham/db/kingdom/Bacteria/AMR with 8 CPUs
[16:38:20] Running: cat PROKKA_04192022\/PROKKA_04192022\.AMR\.tmp\.38372\.faa | parallel --gnu --plain -j 8 --block 48647 --recstart '>' --pipe blastp -query - -db /sw/bioinfo/prokka/1.45-5b58020/rackham/db/kingdom/Bacteria/AMR -evalue 9.99999999999999e-301 -qcov_hsp_perc 90 -num_threads 1 -num_descriptions 1 -num_alignments 1 -seg no > PROKKA_04192022\/PROKKA_04192022\.AMR\.tmp\.38372\.blast 2> /dev/null
[16:38:47] Deleting unwanted file: PROKKA_04192022/PROKKA_04192022.AMR.tmp.38372.faa
[16:38:47] Deleting unwanted file: PROKKA_04192022/PROKKA_04192022.AMR.tmp.38372.blast
[16:38:49] There are still 2648 unannotated CDS left (started with 2681)
[16:38:49] Will use blast to search against /sw/bioinfo/prokka/1.45-5b58020/rackham/db/kingdom/Bacteria/sprot with 8 CPUs
[16:38:49] Running: cat PROKKA_04192022\/PROKKA_04192022\.sprot\.tmp\.38372\.faa | parallel --gnu --plain -j 8 --block 48647 --recstart '>' --pipe blastp -query - -db /sw/bioinfo/prokka/1.45-5b58020/rackham/db/kingdom/Bacteria/sprot -evalue 1e-09 -qcov_hsp_perc 80 -num_threads 1 -num_descriptions 1 -num_alignments 1 -seg no > PROKKA_04192022\/PROKKA_04192022\.sprot\.tmp\.38372\.blast 2> /dev/null
[16:40:59] Modify product: Probable GTP-binding protein EngB => putative GTP-binding protein EngB
[16:40:59] Modify product: UPF0324 inner membrane protein YeiH => hypothetical protein
[16:40:59] Modify product: UPF0324 inner membrane protein YeiH => hypothetical protein
[16:41:00] Modify product: Uncharacterized HTH-type transcriptional regulator YbaQ => putative HTH-type transcriptional regulator YbaQ
[16:41:00] Modify product: Uncharacterized NTE family protein Rv1063c => putative NTE family protein
[16:41:00] Modify product: UPF0056 inner membrane protein YhgN => hypothetical protein
[16:41:00] Modify product: Uncharacterized amino acid permease YhdG => putative amino acid permease YhdG
[16:41:00] Modify product: Uncharacterized oxidoreductase Rv0484c => putative oxidoreductase
[16:41:00] Modify product: Phage shock protein A homolog => Phage shock protein A 
[16:41:00] Modify product: Uncharacterized MFS-type transporter Rv2456c => putative MFS-type transporter
[16:41:00] Modify product: Glycogen operon protein GlgX homolog => Glycogen operon protein GlgX 
[16:41:00] Modify product: Putative glutamine amidotransferase Rv2859c => Putative glutamine amidotransferase
[16:41:00] Modify product: Uncharacterized ABC transporter ATP-binding protein YheS => putative ABC transporter ATP-binding protein YheS
[16:41:00] Modify product: Bifunctional protein Rv2228c => Bifunctional protein
[16:41:00] Modify product: Uncharacterized protein YqeY => putative protein YqeY
[16:41:00] Modify product: Uncharacterized HIT-like protein HP_0404 => putative HIT-like protein
[16:41:00] Modify product: Phosphate-specific transport system accessory protein PhoU homolog => Phosphate-specific transport system accessory protein PhoU 
[16:41:00] Modify product: Uncharacterized oxidoreductase SA2266 => putative oxidoreductase
[16:41:00] Modify product: Uncharacterized MFS-type transporter Rv2456c => putative MFS-type transporter
[16:41:00] Modify product: UPF0060 membrane protein YnfA => hypothetical protein
[16:41:00] Modify product: Probable alcohol dehydrogenase AdhA => putative alcohol dehydrogenase AdhA
[16:41:00] Modify product: Cyclic di-GMP phosphodiesterase PA4108 => Cyclic di-GMP phosphodiesterase
[16:41:00] Modify product: Probable lipid II flippase MurJ => putative lipid II flippase MurJ
[16:41:00] Modify product: Probable Fe(2+)-trafficking protein => putative Fe(2+)-trafficking protein
[16:41:00] Modify product: Ribonuclease TTHA0252 => Ribonuclease
[16:41:00] Modify product: GTP-binding protein TypA/BipA homolog => GTP-binding protein TypA/BipA 
[16:41:00] Modify product: Uncharacterized zinc protease Rv2782c => putative zinc protease
[16:41:00] Modify product: Probable peptidoglycan glycosyltransferase FtsW => putative peptidoglycan glycosyltransferase FtsW
[16:41:00] Modify product: Probable adenylyltransferase/sulfurtransferase MoeZ => putative adenylyltransferase/sulfurtransferase MoeZ
[16:41:00] Modify product: Uncharacterized AAA domain-containing protein Rv2559c => putative AAA domain-containing protein
[16:41:00] Modify product: Transcriptional repressor SmtB homolog => Transcriptional repressor SmtB 
[16:41:00] Modify product: UPF0060 membrane protein YnfA => hypothetical protein
[16:41:00] Modify product: Uncharacterized protein Rv1488 => putative protein
[16:41:00] Modify product: Probable multidrug resistance protein EmrY => putative multidrug resistance protein EmrY
[16:41:00] Modify product: Probable cystine transporter YijE => putative cystine transporter YijE
[16:41:00] Modify product: Probable cystine transporter YijE => putative cystine transporter YijE
[16:41:00] Modify product: UPF0234 protein XC_3703 => hypothetical protein
[16:41:00] Modify product: Uncharacterized zinc protease Rv2782c => putative zinc protease
[16:41:00] Modify product: Uncharacterized zinc protease Rv2782c => putative zinc protease
[16:41:01] Modify product: UPF0098 protein YbcL => hypothetical protein
[16:41:01] Modify product: Uncharacterized protein Rv2030c => putative protein
[16:41:01] Modify product: Protein aq_1857 => Protein
[16:41:01] Modify product: UPF0053 protein Rv2366c => hypothetical protein
[16:41:01] Modify product: Uncharacterized protein YccU => putative protein YccU
[16:41:01] Modify product: Uncharacterized signaling protein PA1727 => putative signaling protein
[16:41:01] Modify product: UPF0045 protein Rv1898 => hypothetical protein
[16:41:01] Modify product: Probable protein kinase UbiB => putative protein kinase UbiB
[16:41:01] Modify product: UPF0758 protein YsxA => hypothetical protein
[16:41:01] Modify product: Uncharacterized ABC transporter ATP-binding protein YknY => putative ABC transporter ATP-binding protein YknY
[16:41:01] Modify product: Probable ribonucleotide transport ATP-binding protein mkl => putative ribonucleotide transport ATP-binding protein mkl
[16:41:01] Modify product: Protease HtpX homolog => Protease HtpX 
[16:41:01] Modify product: 1,4-alpha-glucan branching enzyme TTHA1902 => 1,4-alpha-glucan branching enzyme
[16:41:01] Modify product: Probable ABC transporter-binding protein DR_1571 => putative ABC transporter-binding protein
[16:41:01] Modify product: Cyclic di-GMP phosphodiesterase PA4108 => Cyclic di-GMP phosphodiesterase
[16:41:01] Modify product: Uncharacterized protein YbiB => putative protein YbiB
[16:41:01] Modify product: Nucleoid-associated protein Cthe_2143 => Nucleoid-associated protein
[16:41:01] Modify product: Uncharacterized oxidoreductase YciK => putative oxidoreductase YciK
[16:41:01] Modify product: Sulfurtransferase Alvin_2599 => Sulfurtransferase
[16:41:01] Modify product: Probable glycine dehydrogenase (decarboxylating) subunit 2 => putative glycine dehydrogenase (decarboxylating) subunit 2
[16:41:01] Modify product: Probable ATP synthase YscN => putative ATP synthase YscN
[16:41:01] Modify product: UPF0109 protein Rv2908c => hypothetical protein
[16:41:01] Modify product: UPF0182 protein MSMEG_1959/MSMEI_1915 => hypothetical protein
[16:41:01] Modify product: Probable nicotinate-nucleotide pyrophosphorylase [carboxylating] => putative nicotinate-nucleotide pyrophosphorylase [carboxylating]
[16:41:01] Modify product: Probable nicotinate-nucleotide pyrophosphorylase [carboxylating] => putative nicotinate-nucleotide pyrophosphorylase [carboxylating]
[16:41:01] Modify product: Nucleotide-binding protein SA0720 => Nucleotide-binding protein
[16:41:01] Modify product: Probable multidrug resistance protein EmrK => putative multidrug resistance protein EmrK
[16:41:01] Modify product: Uncharacterized protein Rv2008c => putative protein
[16:41:01] Modify product: UPF0051 protein Rv1461 => hypothetical protein
[16:41:01] Modify product: Cyclic di-GMP phosphodiesterase PA4108 => Cyclic di-GMP phosphodiesterase
[16:41:01] Modify product: UPF0413 protein YjbH => hypothetical protein
[16:41:01] Modify product: Probable transcriptional regulatory protein DVU_2259 => putative transcriptional regulatory protein
[16:41:01] Modify product: Bifunctional protein FolD => Bifunctional protein FolD protein
[16:41:02] Modify product: UPF0701 protein HI_0467 => hypothetical protein
[16:41:02] Modify product: Probable multidrug ABC transporter ATP-binding protein YbhF => putative multidrug ABC transporter ATP-binding protein YbhF
[16:41:02] Modify product: NADH dehydrogenase-like protein SAOUHSC_00878 => NADH dehydrogenase-like protein
[16:41:02] Modify product: Probable bifunctional transcriptional activator/DNA repair enzyme AlkA => putative bifunctional transcriptional activator/DNA repair enzyme AlkA
[16:41:02] Modify product: Uncharacterized protein Rv2411c => putative protein
[16:41:02] Modify product: Uncharacterized protein Rv2411c => putative protein
[16:41:02] Modify product: Uncharacterized sugar transferase EpsL => putative sugar transferase EpsL
[16:41:02] Modify product: Probable multidrug ABC transporter permease YbhR => putative multidrug ABC transporter permease YbhR
[16:41:02] Modify product: Probable multidrug ABC transporter permease YbhS => putative multidrug ABC transporter permease YbhS
[16:41:02] Modify product: Probable multidrug ABC transporter ATP-binding protein YbhF => putative multidrug ABC transporter ATP-binding protein YbhF
[16:41:02] Modify product: UPF0194 membrane protein YbhG => hypothetical protein
[16:41:02] Modify product: Uncharacterized metallophosphoesterase YhaO => putative metallophosphoesterase YhaO
[16:41:02] Modify product: Uncharacterized ABC transporter ATP-binding protein Rv0986 => putative ABC transporter ATP-binding protein
[16:41:02] Cleaned 85 /product names
[16:41:02] Deleting unwanted file: PROKKA_04192022/PROKKA_04192022.sprot.tmp.38372.faa
[16:41:02] Deleting unwanted file: PROKKA_04192022/PROKKA_04192022.sprot.tmp.38372.blast
[16:41:03] There are still 1648 unannotated CDS left (started with 2681)
[16:41:03] Will use hmmer3 to search against /sw/bioinfo/prokka/1.45-5b58020/rackham/db/hmm/HAMAP.hmm with 8 CPUs
[16:41:03] Running: cat PROKKA_04192022\/PROKKA_04192022\.HAMAP\.hmm\.tmp\.38372\.faa | parallel --gnu --plain -j 8 --block 27062 --recstart '>' --pipe hmmscan --noali --notextw --acc -E 1e-09 --cpu 1 /sw/bioinfo/prokka/1.45-5b58020/rackham/db/hmm/HAMAP.hmm /dev/stdin > PROKKA_04192022\/PROKKA_04192022\.HAMAP\.hmm\.tmp\.38372\.hmmer3 2> /dev/null
[16:42:17] Deleting unwanted file: PROKKA_04192022/PROKKA_04192022.HAMAP.hmm.tmp.38372.faa
[16:42:17] Deleting unwanted file: PROKKA_04192022/PROKKA_04192022.HAMAP.hmm.tmp.38372.hmmer3
[16:42:17] Labelling remaining 1391 proteins as 'hypothetical protein'
[16:42:17] Possible /pseudo 'putative cystine transporter YijE' at tig00000003 position 53722
[16:42:17] Possible /pseudo 'GMP synthase [glutamine-hydrolyzing]' at tig00000003 position 104748
[16:42:17] Possible /pseudo 'Cobalt-zinc-cadmium resistance protein CzcA' at tig00000003 position 230637
[16:42:17] Possible /pseudo 'RecBCD enzyme subunit RecD' at tig00000003 position 256536
[16:42:17] Possible /pseudo 'Bifunctional protein GlmU' at tig00000003 position 308450
[16:42:17] Possible /pseudo '1-deoxy-D-xylulose 5-phosphate reductoisomerase' at tig00000003 position 369487
[16:42:17] Possible /pseudo 'Formate--tetrahydrofolate ligase' at tig00000003 position 374516
[16:42:17] Possible /pseudo 'Undecaprenyl-diphosphatase' at tig00000003 position 375835
[16:42:17] Possible /pseudo 'Metalloprotease PmbA' at tig00000003 position 382205
[16:42:17] Possible /pseudo 'Flagellar hook-associated protein 1' at tig00000003 position 540540
[16:42:17] Possible /pseudo 'Flagellar basal-body rod protein FlgG' at tig00000003 position 546539
[16:42:17] Possible /pseudo 'Argininosuccinate synthase' at tig00000003 position 553818
[16:42:17] Possible /pseudo 'Acetylornithine aminotransferase' at tig00000003 position 556300
[16:42:17] Possible /pseudo 'Ubiquinone/menaquinone biosynthesis C-methyltransferase UbiE' at tig00000003 position 563249
[16:42:17] Possible /pseudo 'Thymidylate kinase' at tig00000003 position 567437
[16:42:17] Possible /pseudo 'primosomal protein N'' at tig00000003 position 571748
[16:42:17] Possible /pseudo 'Thiol-disulfide oxidoreductase ResA' at tig00000003 position 576835
[16:42:17] Possible /pseudo 'Peptidoglycan D,D-transpeptidase MrdA' at tig00000003 position 598590
[16:42:17] Possible /pseudo 'IS1380 family transposase ISLsp3' at tig00000003 position 705258
[16:42:17] Possible /pseudo 'Cobalamin biosynthesis bifunctional protein CbiET' at tig00000003 position 709655
[16:42:17] Possible /pseudo 'Peptide deformylase' at tig00000003 position 713048
[16:42:17] Possible /pseudo 'Cytosol aminopeptidase' at tig00000003 position 749971
[16:42:17] Possible /pseudo 'Triosephosphate isomerase' at tig00000003 position 795000
[16:42:17] Possible /pseudo 'GTPase Obg' at tig00000003 position 843675
[16:42:17] Possible /pseudo 'Gamma-glutamyl phosphate reductase' at tig00000003 position 846061
[16:42:17] Possible /pseudo 'Peptidoglycan-associated lipoprotein' at tig00000003 position 866755
[16:42:17] Possible /pseudo 'Flagellar biosynthesis protein FlhA' at tig00000003 position 953328
[16:42:17] Possible /pseudo 'DNA topoisomerase 1' at tig00000003 position 984826
[16:42:17] Possible /pseudo 'Aminopeptidase N' at tig00000003 position 1044295
[16:42:17] Possible /pseudo 'putative zinc protease' at tig00000003 position 1117626
[16:42:17] Possible /pseudo 'tRNA pseudouridine synthase A' at tig00000003 position 1134614
[16:42:17] Possible /pseudo 'Trehalose synthase/amylase TreS' at tig00000003 position 1224404
[16:42:17] Possible /pseudo 'Sensor histidine kinase RcsC' at tig00000003 position 1245601
[16:42:17] Possible /pseudo 'D-inositol-3-phosphate glycosyltransferase' at tig00000003 position 1284467
[16:42:17] Possible /pseudo 'D-inositol-3-phosphate glycosyltransferase' at tig00000003 position 1286425
[16:42:17] Possible /pseudo 'UDP-N-acetyl-D-glucosamine 6-dehydrogenase' at tig00000003 position 1318655
[16:42:17] Possible /pseudo 'Thiosulfate dehydrogenase' at tig00000003 position 1484339
[16:42:17] Possible /pseudo 'Cellulose synthase catalytic subunit [UDP-forming]' at tig00000003 position 1498551
[16:42:17] Possible /pseudo 'Phosphomannomutase/phosphoglucomutase' at tig00000003 position 1529849
[16:42:17] Possible /pseudo 'Transcription termination/antitermination protein NusA' at tig00000003 position 1565890
[16:42:17] Possible /pseudo 'tRNA (guanine-N(1)-)-methyltransferase' at tig00000003 position 1608417
[16:42:17] Possible /pseudo 'putative nicotinate-nucleotide pyrophosphorylase [carboxylating]' at tig00000003 position 1638150
[16:42:17] Possible /pseudo 'S-methyl-5'-thioadenosine phosphorylase' at tig00000003 position 1672306
[16:42:17] Possible /pseudo 'Cation efflux system protein CusA' at tig00000003 position 1688594
[16:42:17] Possible /pseudo 'Cation efflux system protein CusA' at tig00000003 position 1689337
[16:42:17] Possible /pseudo 'Isocitrate dehydrogenase [NADP]' at tig00000003 position 1738271
[16:42:17] Possible /pseudo 'Nitrogen regulatory protein P-II' at tig00000003 position 1922949
[16:42:17] Possible /pseudo 'Outer membrane protein assembly factor BamA' at tig00000003 position 2021433
[16:42:17] Possible /pseudo 'Tetraacyldisaccharide 4'-kinase' at tig00000003 position 2033747
[16:42:17] Possible /pseudo 'Phosphoribosylamine--glycine ligase' at tig00000003 position 2067379
[16:42:17] Possible /pseudo 'UDP-3-O-(3-hydroxymyristoyl)glucosamine N-acyltransferase' at tig00000003 position 2094470
[16:42:17] Possible /pseudo 'Phosphoglucomutase' at tig00000003 position 2132912
[16:42:17] Possible /pseudo 'Glutamate synthase [NADPH] large chain' at tig00000003 position 2303804
[16:42:17] Possible /pseudo 'Dihydroxy-acid dehydratase' at tig00000003 position 2315019
[16:42:17] Possible /pseudo 'Coenzyme A biosynthesis bifunctional protein CoaBC' at tig00000003 position 2340894
[16:42:17] Possible /pseudo 'Phosphoribosylformylglycinamidine synthase subunit PurL' at tig00000003 position 2380847
[16:42:17] Possible /pseudo 'Phosphoribosylformylglycinamidine synthase subunit PurL' at tig00000003 position 2381074
[16:42:17] Possible /pseudo 'Elongation factor Tu' at tig00000003 position 2427131
[16:42:17] Possible /pseudo 'putative protein' at tig00000003 position 2493889
[16:42:17] Found 961 unique /gene codes.
[16:42:17] Fixed 2 duplicate /gene - proA_1 proA_2
[16:42:17] Fixed 2 duplicate /gene - gpmA_1 gpmA_2
[16:42:17] Fixed 2 duplicate /gene - flhA_1 flhA_2
[16:42:17] Fixed 2 duplicate /gene - hup_1 hup_2
[16:42:17] Fixed 2 duplicate /gene - lpxK_1 lpxK_2
[16:42:17] Fixed 2 duplicate /gene - swrC_1 swrC_2
[16:42:17] Fixed 2 duplicate /gene - flgK_1 flgK_2
[16:42:17] Fixed 2 duplicate /gene - thrC_1 thrC_2
[16:42:17] Fixed 2 duplicate /gene - kdsA_1 kdsA_2
[16:42:17] Fixed 2 duplicate /gene - lon_1 lon_2
[16:42:17] Fixed 4 duplicate /gene - tmk_1 tmk_2 tmk_3 tmk_4
[16:42:17] Fixed 2 duplicate /gene - fdx_1 fdx_2
[16:42:17] Fixed 2 duplicate /gene - argD_1 argD_2
[16:42:17] Fixed 2 duplicate /gene - wbpA_1 wbpA_2
[16:42:17] Fixed 3 duplicate /gene - recD_1 recD_2 recD_3
[16:42:17] Fixed 2 duplicate /gene - leuA_1 leuA_2
[16:42:17] Fixed 3 duplicate /gene - mdtC_1 mdtC_2 mdtC_3
[16:42:17] Fixed 2 duplicate /gene - mlaE_1 mlaE_2
[16:42:17] Fixed 7 duplicate /gene - atoC_1 atoC_2 atoC_3 atoC_4 atoC_5 atoC_6 atoC_7
[16:42:17] Fixed 2 duplicate /gene - trmR_1 trmR_2
[16:42:17] Fixed 4 duplicate /gene - ndhB_1 ndhB_2 ndhB_3 ndhB_4
[16:42:17] Fixed 4 duplicate /gene - sasA_1 sasA_2 sasA_3 sasA_4
[16:42:17] Fixed 4 duplicate /gene - priA_1 priA_2 priA_3 priA_4
[16:42:17] Fixed 2 duplicate /gene - yijE_1 yijE_2
[16:42:17] Fixed 2 duplicate /gene - rny_1 rny_2
[16:42:17] Fixed 2 duplicate /gene - petB_1 petB_2
[16:42:17] Fixed 2 duplicate /gene - cbiET_1 cbiET_2
[16:42:17] Fixed 2 duplicate /gene - glmS_1 glmS_2
[16:42:17] Fixed 2 duplicate /gene - tolR_1 tolR_2
[16:42:17] Fixed 2 duplicate /gene - pgm_1 pgm_2
[16:42:17] Fixed 2 duplicate /gene - dnaK_1 dnaK_2
[16:42:17] Fixed 2 duplicate /gene - leuC_1 leuC_2
[16:42:17] Fixed 5 duplicate /gene - mdtA_1 mdtA_2 mdtA_3 mdtA_4 mdtA_5
[16:42:17] Fixed 2 duplicate /gene - trmD_1 trmD_2
[16:42:17] Fixed 2 duplicate /gene - fhs_1 fhs_2
[16:42:17] Fixed 2 duplicate /gene - nifK_1 nifK_2
[16:42:17] Fixed 2 duplicate /gene - xerD_1 xerD_2
[16:42:17] Fixed 2 duplicate /gene - fabH_1 fabH_2
[16:42:17] Fixed 2 duplicate /gene - dksA_1 dksA_2
[16:42:17] Fixed 2 duplicate /gene - sucD_1 sucD_2
[16:42:17] Fixed 2 duplicate /gene - dxr_1 dxr_2
[16:42:17] Fixed 3 duplicate /gene - bcsA_1 bcsA_2 bcsA_3
[16:42:17] Fixed 2 duplicate /gene - lexA_1 lexA_2
[16:42:17] Fixed 2 duplicate /gene - rsxC_1 rsxC_2
[16:42:17] Fixed 2 duplicate /gene - phoP_1 phoP_2
[16:42:17] Fixed 3 duplicate /gene - def_1 def_2 def_3
[16:42:17] Fixed 2 duplicate /gene - argG_1 argG_2
[16:42:17] Fixed 2 duplicate /gene - nifD_1 nifD_2
[16:42:17] Fixed 2 duplicate /gene - nusA_1 nusA_2
[16:42:17] Fixed 2 duplicate /gene - hcf136_1 hcf136_2
[16:42:17] Fixed 3 duplicate /gene - sctC_1 sctC_2 sctC_3
[16:42:17] Fixed 2 duplicate /gene - hisC_1 hisC_2
[16:42:17] Fixed 2 duplicate /gene - ccoN1_1 ccoN1_2
[16:42:17] Fixed 2 duplicate /gene - guaA_1 guaA_2
[16:42:17] Fixed 2 duplicate /gene - pepN_1 pepN_2
[16:42:17] Fixed 2 duplicate /gene - gtaB_1 gtaB_2
[16:42:17] Fixed 2 duplicate /gene - recD2_1 recD2_2
[16:42:17] Fixed 3 duplicate /gene - cusB_1 cusB_2 cusB_3
[16:42:17] Fixed 2 duplicate /gene - mdtB_1 mdtB_2
[16:42:17] Fixed 2 duplicate /gene - purD_1 purD_2
[16:42:17] Fixed 2 duplicate /gene - wbgU_1 wbgU_2
[16:42:17] Fixed 2 duplicate /gene - glmU_1 glmU_2
[16:42:17] Fixed 2 duplicate /gene - nsrR_1 nsrR_2
[16:42:17] Fixed 2 duplicate /gene - glpC_1 glpC_2
[16:42:17] Fixed 2 duplicate /gene - ywlC_1 ywlC_2
[16:42:17] Fixed 3 duplicate /gene - tolQ_1 tolQ_2 tolQ_3
[16:42:17] Fixed 2 duplicate /gene - iolS_1 iolS_2
[16:42:17] Fixed 5 duplicate /gene - glnB_1 glnB_2 glnB_3 glnB_4 glnB_5
[16:42:17] Fixed 2 duplicate /gene - dppB_1 dppB_2
[16:42:17] Fixed 2 duplicate /gene - ubiE_1 ubiE_2
[16:42:17] Fixed 2 duplicate /gene - ppsC_1 ppsC_2
[16:42:17] Fixed 2 duplicate /gene - dinG_1 dinG_2
[16:42:17] Fixed 2 duplicate /gene - ccsA_1 ccsA_2
[16:42:17] Fixed 2 duplicate /gene - prcA_1 prcA_2
[16:42:17] Fixed 2 duplicate /gene - nadC_1 nadC_2
[16:42:17] Fixed 2 duplicate /gene - atoS_1 atoS_2
[16:42:17] Fixed 2 duplicate /gene - cmpR_1 cmpR_2
[16:42:17] Fixed 3 duplicate /gene - merA_1 merA_2 merA_3
[16:42:17] Fixed 2 duplicate /gene - tpiA_1 tpiA_2
[16:42:17] Fixed 2 duplicate /gene - pepA_1 pepA_2
[16:42:17] Fixed 2 duplicate /gene - farB_1 farB_2
[16:42:17] Fixed 2 duplicate /gene - iscS_1 iscS_2
[16:42:17] Fixed 2 duplicate /gene - treS_1 treS_2
[16:42:17] Fixed 4 duplicate /gene - pal_1 pal_2 pal_3 pal_4
[16:42:17] Fixed 2 duplicate /gene - flgG_1 flgG_2
[16:42:17] Fixed 2 duplicate /gene - ndhK_1 ndhK_2
[16:42:17] Fixed 3 duplicate /gene - cusA_1 cusA_2 cusA_3
[16:42:17] Fixed 2 duplicate /gene - ftsW_1 ftsW_2
[16:42:17] Fixed 2 duplicate /gene - algC_1 algC_2
[16:42:17] Fixed 5 duplicate /gene - cpoB_1 cpoB_2 cpoB_3 cpoB_4 cpoB_5
[16:42:17] Fixed 2 duplicate /gene - prcB_1 prcB_2
[16:42:17] Fixed 2 duplicate /gene - ybhF_1 ybhF_2
[16:42:17] Fixed 2 duplicate /gene - truA_1 truA_2
[16:42:17] Fixed 7 duplicate /gene - bepA_1 bepA_2 bepA_3 bepA_4 bepA_5 bepA_6 bepA_7
[16:42:17] Fixed 2 duplicate /gene - rpfG_1 rpfG_2
[16:42:17] Fixed 3 duplicate /gene - lpxD_1 lpxD_2 lpxD_3
[16:42:17] Fixed 2 duplicate /gene - topA_1 topA_2
[16:42:17] Fixed 2 duplicate /gene - tolC_1 tolC_2
[16:42:17] Fixed 2 duplicate /gene - uppP_1 uppP_2
[16:42:17] Fixed 4 duplicate /gene - resA_1 resA_2 resA_3 resA_4
[16:42:17] Fixed 2 duplicate /gene - tam_1 tam_2
[16:42:17] Fixed 3 duplicate /gene - dnaJ_1 dnaJ_2 dnaJ_3
[16:42:17] Fixed 2 duplicate /gene - tolB_1 tolB_2
[16:42:17] Fixed 2 duplicate /gene - gloB_1 gloB_2
[16:42:17] Fixed 2 duplicate /gene - obg_1 obg_2
[16:42:17] Fixed 2 duplicate /gene - pgsA_1 pgsA_2
[16:42:17] Fixed 2 duplicate /gene - bamA_1 bamA_2
[16:42:17] Fixed 6 duplicate /gene - ilvD_1 ilvD_2 ilvD_3 ilvD_4 ilvD_5 ilvD_6
[16:42:17] Fixed 2 duplicate /gene - tusA_1 tusA_2
[16:42:17] Fixed 4 duplicate /gene - rcsC_1 rcsC_2 rcsC_3 rcsC_4
[16:42:17] Fixed 2 duplicate /gene - proP_1 proP_2
[16:42:17] Fixed 7 duplicate /gene - czcA_1 czcA_2 czcA_3 czcA_4 czcA_5 czcA_6 czcA_7
[16:42:17] Fixed 4 duplicate /gene - COQ5_1 COQ5_2 COQ5_3 COQ5_4
[16:42:17] Fixed 6 duplicate /gene - xerC_1 xerC_2 xerC_3 xerC_4 xerC_5 xerC_6
[16:42:17] Fixed 2 duplicate /gene - cysG_1 cysG_2
[16:42:17] Fixed 3 duplicate /gene - tufA_1 tufA_2 tufA_3
[16:42:17] Fixed 3 duplicate /gene - tagH_1 tagH_2 tagH_3
[16:42:17] Fixed 2 duplicate /gene - lapB_1 lapB_2
[16:42:17] Fixed 3 duplicate /gene - tsdA_1 tsdA_2 tsdA_3
[16:42:17] Fixed 2 duplicate /gene - ftsI_1 ftsI_2
[16:42:17] Fixed 2 duplicate /gene - pcrA_1 pcrA_2
[16:42:17] Fixed 2 duplicate /gene - sucC_1 sucC_2
[16:42:17] Fixed 2 duplicate /gene - pmbA_1 pmbA_2
[16:42:17] Fixed 2 duplicate /gene - hag_1 hag_2
[16:42:17] Fixed 2 duplicate /gene - petC_1 petC_2
[16:42:17] Fixed 7 duplicate /gene - mshA_1 mshA_2 mshA_3 mshA_4 mshA_5 mshA_6 mshA_7
[16:42:17] Fixed 2 duplicate /gene - mrdA_1 mrdA_2
[16:42:17] Fixed 3 duplicate /gene - dop_1 dop_2 dop_3
[16:42:17] Fixed 2 duplicate /gene - gph_1 gph_2
[16:42:17] Fixed 2 duplicate /gene - rnc_1 rnc_2
[16:42:17] Fixed 2 duplicate /gene - icd_1 icd_2
[16:42:17] Fixed 2 duplicate /gene - gcvT_1 gcvT_2
[16:42:17] Fixed 2 duplicate /gene - coaBC_1 coaBC_2
[16:42:17] Fixed 3 duplicate /gene - purL_1 purL_2 purL_3
[16:42:17] Fixed 2 duplicate /gene - auaH_1 auaH_2
[16:42:17] Fixed 2 duplicate /gene - vgb_1 vgb_2
[16:42:17] Fixed 7 duplicate /gene - norR_1 norR_2 norR_3 norR_4 norR_5 norR_6 norR_7
[16:42:17] Fixed 137 colliding /gene names.
[16:42:17] Adding /locus_tag identifiers
[16:42:17] Assigned 2736 locus_tags to CDS and RNA features.
[16:42:17] Writing outputs to PROKKA_04192022/
[16:42:20] Generating annotation statistics file
[16:42:20] Generating Genbank and Sequin files
[16:42:20] Running: tbl2asn -V b -a r10k -l paired-ends -M n -N 1 -y 'Annotated using prokka 1.14.6 from https://github.com/tseemann/prokka' -Z PROKKA_04192022\/PROKKA_04192022\.err -i PROKKA_04192022\/PROKKA_04192022\.fsa 2> /dev/null
[16:42:26] Deleting unwanted file: PROKKA_04192022/errorsummary.val
[16:42:26] Deleting unwanted file: PROKKA_04192022/PROKKA_04192022.dr
[16:42:26] Deleting unwanted file: PROKKA_04192022/PROKKA_04192022.fixedproducts
[16:42:26] Deleting unwanted file: PROKKA_04192022/PROKKA_04192022.ecn
[16:42:26] Deleting unwanted file: PROKKA_04192022/PROKKA_04192022.val
[16:42:26] Repairing broken .GBK output that tbl2asn produces...
[16:42:26] Running: sed 's/COORDINATES: profile/COORDINATES:profile/' < PROKKA_04192022\/PROKKA_04192022\.gbf > PROKKA_04192022\/PROKKA_04192022\.gbk
[16:42:26] Deleting unwanted file: PROKKA_04192022/PROKKA_04192022.gbf
[16:42:26] Output files:
[16:42:26] PROKKA_04192022/PROKKA_04192022.ffn
[16:42:26] PROKKA_04192022/PROKKA_04192022.tsv
[16:42:26] PROKKA_04192022/PROKKA_04192022.txt
[16:42:26] PROKKA_04192022/PROKKA_04192022.sqn
[16:42:26] PROKKA_04192022/PROKKA_04192022.faa
[16:42:26] PROKKA_04192022/PROKKA_04192022.gff
[16:42:26] PROKKA_04192022/PROKKA_04192022.fsa
[16:42:26] PROKKA_04192022/PROKKA_04192022.log
[16:42:26] PROKKA_04192022/PROKKA_04192022.gbk
[16:42:26] PROKKA_04192022/PROKKA_04192022.fna
[16:42:26] PROKKA_04192022/PROKKA_04192022.tbl
[16:42:26] PROKKA_04192022/PROKKA_04192022.err
[16:42:26] Annotation finished successfully.
[16:42:26] Walltime used: 5.02 minutes
[16:42:26] If you use this result please cite the Prokka paper:
[16:42:26] Seemann T (2014) Prokka: rapid prokaryotic genome annotation. Bioinformatics. 30(14):2068-9.
[16:42:26] Type 'prokka --citation' for more details.
[16:42:26] Share and enjoy!
+ cp -r /scratch/6133939/output/PROKKA_04192022 /home/erikpa/Genome_Analysis_Project_2022/Analysis/Prokka_6133939
