+ mkdir /home/erikpa/Genome_Analysis_Project_2022/Analysis/BWA_6186600
+ cd /home/erikpa/Genome_Analysis_Project_2022/Analysis/BWA_6186600
+ export SRCDIR=/home/erikpa
+ SRCDIR=/home/erikpa
+ cd /scratch/6186600
+ mkdir Assembled_data
+ mkdir Trimmed_RNA_Reads
+ mkdir output
+ cp /home/erikpa/Genome_Analysis_Project_2022/Data/assembled_L.ferri_1_4.contigs.fasta /scratch/6186600/Assembled_data
+ cp '/home/erikpa/Genome_Analysis_Project_2022/Analysis/Trimming_Raw_Reads_Trimmomatic_6186484/*paired*' /scratch/6186600/Trimmed_RNA_Reads
cp: cannot stat ‘/home/erikpa/Genome_Analysis_Project_2022/Analysis/Trimming_Raw_Reads_Trimmomatic_6186484/*paired*’: No such file or directory
+ module load bioinfo-tools
++ /usr/share/lmod/lmod/libexec/lmod bash load bioinfo-tools
+ eval '__LMOD_REF_COUNT_LOADEDMODULES=uppmax:2\;bioinfo-tools:1;' export '__LMOD_REF_COUNT_LOADEDMODULES;' 'LOADEDMODULES=uppmax:bioinfo-tools;' export 'LOADEDMODULES;' '__LMOD_REF_COUNT_MODULEPATH=/sw/mf/snowy/bioinfo-tools/annotation:1\;/sw/mf/snowy/bioinfo-tools/alignment:1\;/sw/mf/snowy/bioinfo-tools/assembly:1\;/sw/mf/snowy/bioinfo-tools/misc:1\;/sw/mf/snowy/bioinfo-tools/phylogeny:1\;/sw/mf/snowy/bioinfo-tools/pipelines:1\;/sw/mf/snowy/bioinfo-tools/sw_collections:1\;/sw/mf/snowy/applications:1\;/sw/mf/snowy/build-tools:1\;/sw/mf/snowy/compilers:1\;/sw/mf/snowy/data:1\;/sw/mf/snowy/environment:1\;/sw/mf/snowy/libraries:1\;/sw/mf/snowy/parallel:1;' export '__LMOD_REF_COUNT_MODULEPATH;' 'MODULEPATH=/sw/mf/snowy/bioinfo-tools/annotation:/sw/mf/snowy/bioinfo-tools/alignment:/sw/mf/snowy/bioinfo-tools/assembly:/sw/mf/snowy/bioinfo-tools/misc:/sw/mf/snowy/bioinfo-tools/phylogeny:/sw/mf/snowy/bioinfo-tools/pipelines:/sw/mf/snowy/bioinfo-tools/sw_collections:/sw/mf/snowy/applications:/sw/mf/snowy/build-tools:/sw/mf/snowy/compilers:/sw/mf/snowy/data:/sw/mf/snowy/environment:/sw/mf/snowy/libraries:/sw/mf/snowy/parallel;' export 'MODULEPATH;' '__LMOD_REF_COUNT__LMFILES_=/sw/mf/snowy/environment/bioinfo-tools:1;' export '__LMOD_REF_COUNT__LMFILES_;' '_LMFILES_=/sw/mf/snowy/environment/bioinfo-tools;' export '_LMFILES_;' '_ModuleTable001_=X01vZHVsZVRhYmxlXz17WyJNVHZlcnNpb24iXT0zLFsiY19yZWJ1aWxkVGltZSJdPWZhbHNlLFsiY19zaG9ydFRpbWUiXT1mYWxzZSxkZXB0aFQ9e30sZmFtaWx5PXt9LG1UPXtbImJpb2luZm8tdG9vbHMiXT17WyJmbiJdPSIvc3cvbWYvc25vd3kvZW52aXJvbm1lbnQvYmlvaW5mby10b29scyIsWyJmdWxsTmFtZSJdPSJiaW9pbmZvLXRvb2xzIixbImxvYWRPcmRlciJdPTEscHJvcFQ9e30sWyJzdGFja0RlcHRoIl09MCxbInN0YXR1cyJdPSJhY3RpdmUiLFsidXNlck5hbWUiXT0iYmlvaW5mby10b29scyIsfSx9LG1wYXRoQT17Ii9zdy9tZi9zbm93eS9iaW9pbmZvLXRvb2xzL2Fubm90YXRpb24iLCIvc3cvbWYvc25vd3kvYmlvaW5mby10b29scy9hbGlnbm1lbnQiLCIvc3cv;' export '_ModuleTable001_;' '_ModuleTable002_=bWYvc25vd3kvYmlvaW5mby10b29scy9hc3NlbWJseSIsIi9zdy9tZi9zbm93eS9iaW9pbmZvLXRvb2xzL21pc2MiLCIvc3cvbWYvc25vd3kvYmlvaW5mby10b29scy9waHlsb2dlbnkiLCIvc3cvbWYvc25vd3kvYmlvaW5mby10b29scy9waXBlbGluZXMiLCIvc3cvbWYvc25vd3kvYmlvaW5mby10b29scy9zd19jb2xsZWN0aW9ucyIsIi9zdy9tZi9zbm93eS9hcHBsaWNhdGlvbnMiLCIvc3cvbWYvc25vd3kvYnVpbGQtdG9vbHMiLCIvc3cvbWYvc25vd3kvY29tcGlsZXJzIiwiL3N3L21mL3Nub3d5L2RhdGEiLCIvc3cvbWYvc25vd3kvZW52aXJvbm1lbnQiLCIvc3cvbWYvc25vd3kvbGlicmFyaWVzIiwiL3N3L21mL3Nub3d5L3BhcmFsbGVsIix9LFsic3lzdGVtQmFzZU1QQVRI;' export '_ModuleTable002_;' '_ModuleTable003_=Il09Ii9zdy9tZi9zbm93eS9hcHBsaWNhdGlvbnM6L3N3L21mL3Nub3d5L2J1aWxkLXRvb2xzOi9zdy9tZi9zbm93eS9jb21waWxlcnM6L3N3L21mL3Nub3d5L2RhdGE6L3N3L21mL3Nub3d5L2Vudmlyb25tZW50Oi9zdy9tZi9zbm93eS9saWJyYXJpZXM6L3N3L21mL3Nub3d5L3BhcmFsbGVsIix9;' export '_ModuleTable003_;' '_ModuleTable_Sz_=3;' export '_ModuleTable_Sz_;'
++ __LMOD_REF_COUNT_LOADEDMODULES='uppmax:2;bioinfo-tools:1'
++ export __LMOD_REF_COUNT_LOADEDMODULES
++ LOADEDMODULES=uppmax:bioinfo-tools
++ export LOADEDMODULES
++ __LMOD_REF_COUNT_MODULEPATH='/sw/mf/snowy/bioinfo-tools/annotation:1;/sw/mf/snowy/bioinfo-tools/alignment:1;/sw/mf/snowy/bioinfo-tools/assembly:1;/sw/mf/snowy/bioinfo-tools/misc:1;/sw/mf/snowy/bioinfo-tools/phylogeny:1;/sw/mf/snowy/bioinfo-tools/pipelines:1;/sw/mf/snowy/bioinfo-tools/sw_collections:1;/sw/mf/snowy/applications:1;/sw/mf/snowy/build-tools:1;/sw/mf/snowy/compilers:1;/sw/mf/snowy/data:1;/sw/mf/snowy/environment:1;/sw/mf/snowy/libraries:1;/sw/mf/snowy/parallel:1'
++ export __LMOD_REF_COUNT_MODULEPATH
++ MODULEPATH=/sw/mf/snowy/bioinfo-tools/annotation:/sw/mf/snowy/bioinfo-tools/alignment:/sw/mf/snowy/bioinfo-tools/assembly:/sw/mf/snowy/bioinfo-tools/misc:/sw/mf/snowy/bioinfo-tools/phylogeny:/sw/mf/snowy/bioinfo-tools/pipelines:/sw/mf/snowy/bioinfo-tools/sw_collections:/sw/mf/snowy/applications:/sw/mf/snowy/build-tools:/sw/mf/snowy/compilers:/sw/mf/snowy/data:/sw/mf/snowy/environment:/sw/mf/snowy/libraries:/sw/mf/snowy/parallel
++ export MODULEPATH
++ __LMOD_REF_COUNT__LMFILES_=/sw/mf/snowy/environment/bioinfo-tools:1
++ export __LMOD_REF_COUNT__LMFILES_
++ _LMFILES_=/sw/mf/snowy/environment/bioinfo-tools
++ export _LMFILES_
++ _ModuleTable001_=X01vZHVsZVRhYmxlXz17WyJNVHZlcnNpb24iXT0zLFsiY19yZWJ1aWxkVGltZSJdPWZhbHNlLFsiY19zaG9ydFRpbWUiXT1mYWxzZSxkZXB0aFQ9e30sZmFtaWx5PXt9LG1UPXtbImJpb2luZm8tdG9vbHMiXT17WyJmbiJdPSIvc3cvbWYvc25vd3kvZW52aXJvbm1lbnQvYmlvaW5mby10b29scyIsWyJmdWxsTmFtZSJdPSJiaW9pbmZvLXRvb2xzIixbImxvYWRPcmRlciJdPTEscHJvcFQ9e30sWyJzdGFja0RlcHRoIl09MCxbInN0YXR1cyJdPSJhY3RpdmUiLFsidXNlck5hbWUiXT0iYmlvaW5mby10b29scyIsfSx9LG1wYXRoQT17Ii9zdy9tZi9zbm93eS9iaW9pbmZvLXRvb2xzL2Fubm90YXRpb24iLCIvc3cvbWYvc25vd3kvYmlvaW5mby10b29scy9hbGlnbm1lbnQiLCIvc3cv
++ export _ModuleTable001_
++ _ModuleTable002_=bWYvc25vd3kvYmlvaW5mby10b29scy9hc3NlbWJseSIsIi9zdy9tZi9zbm93eS9iaW9pbmZvLXRvb2xzL21pc2MiLCIvc3cvbWYvc25vd3kvYmlvaW5mby10b29scy9waHlsb2dlbnkiLCIvc3cvbWYvc25vd3kvYmlvaW5mby10b29scy9waXBlbGluZXMiLCIvc3cvbWYvc25vd3kvYmlvaW5mby10b29scy9zd19jb2xsZWN0aW9ucyIsIi9zdy9tZi9zbm93eS9hcHBsaWNhdGlvbnMiLCIvc3cvbWYvc25vd3kvYnVpbGQtdG9vbHMiLCIvc3cvbWYvc25vd3kvY29tcGlsZXJzIiwiL3N3L21mL3Nub3d5L2RhdGEiLCIvc3cvbWYvc25vd3kvZW52aXJvbm1lbnQiLCIvc3cvbWYvc25vd3kvbGlicmFyaWVzIiwiL3N3L21mL3Nub3d5L3BhcmFsbGVsIix9LFsic3lzdGVtQmFzZU1QQVRI
++ export _ModuleTable002_
++ _ModuleTable003_=Il09Ii9zdy9tZi9zbm93eS9hcHBsaWNhdGlvbnM6L3N3L21mL3Nub3d5L2J1aWxkLXRvb2xzOi9zdy9tZi9zbm93eS9jb21waWxlcnM6L3N3L21mL3Nub3d5L2RhdGE6L3N3L21mL3Nub3d5L2Vudmlyb25tZW50Oi9zdy9tZi9zbm93eS9saWJyYXJpZXM6L3N3L21mL3Nub3d5L3BhcmFsbGVsIix9
++ export _ModuleTable003_
++ _ModuleTable_Sz_=3
++ export _ModuleTable_Sz_
++ : -s sh
+ eval
+ module load bwa
++ /usr/share/lmod/lmod/libexec/lmod bash load bwa
+ eval '__LMOD_REF_COUNT_LOADEDMODULES=uppmax:2\;bioinfo-tools:1\;bwa/0.7.17:1;' export '__LMOD_REF_COUNT_LOADEDMODULES;' 'LOADEDMODULES=uppmax:bioinfo-tools:bwa/0.7.17;' export 'LOADEDMODULES;' '__LMOD_REF_COUNT_MANPATH=/usr/share/man:2\;/sw/uppmax/man:2\;/opt/thinlinc/share/man:2\;/sw/bioinfo/bwa/0.7.17/snowy/man:1;' export '__LMOD_REF_COUNT_MANPATH;' 'MANPATH=/usr/share/man:/sw/uppmax/man:/opt/thinlinc/share/man:/sw/bioinfo/bwa/0.7.17/snowy/man;' export 'MANPATH;' 'MODULEPATH=/sw/mf/snowy/bioinfo-tools/annotation:/sw/mf/snowy/bioinfo-tools/alignment:/sw/mf/snowy/bioinfo-tools/assembly:/sw/mf/snowy/bioinfo-tools/misc:/sw/mf/snowy/bioinfo-tools/phylogeny:/sw/mf/snowy/bioinfo-tools/pipelines:/sw/mf/snowy/bioinfo-tools/sw_collections:/sw/mf/snowy/applications:/sw/mf/snowy/build-tools:/sw/mf/snowy/compilers:/sw/mf/snowy/data:/sw/mf/snowy/environment:/sw/mf/snowy/libraries:/sw/mf/snowy/parallel;' export 'MODULEPATH;' '__LMOD_REF_COUNT_PATH=/sw/bioinfo/bwa/0.7.17/snowy/bin:1\;/home/erikpa/bin:2\;/usr/local/bin:1\;/usr/bin:1\;/usr/local/sbin:1\;/usr/sbin:1\;/sw/uppmax/bin:2;' export '__LMOD_REF_COUNT_PATH;' 'PATH=/sw/bioinfo/bwa/0.7.17/snowy/bin:/home/erikpa/bin:/usr/local/bin:/usr/bin:/usr/local/sbin:/usr/sbin:/sw/uppmax/bin;' export 'PATH;' '__LMOD_REF_COUNT__LMFILES_=/sw/mf/snowy/environment/bioinfo-tools:1\;/sw/mf/snowy/bioinfo-tools/alignment/bwa/0.7.17:1;' export '__LMOD_REF_COUNT__LMFILES_;' '_LMFILES_=/sw/mf/snowy/environment/bioinfo-tools:/sw/mf/snowy/bioinfo-tools/alignment/bwa/0.7.17;' export '_LMFILES_;' '_ModuleTable001_=X01vZHVsZVRhYmxlXz17WyJNVHZlcnNpb24iXT0zLFsiY19yZWJ1aWxkVGltZSJdPWZhbHNlLFsiY19zaG9ydFRpbWUiXT1mYWxzZSxkZXB0aFQ9e30sZmFtaWx5PXt9LG1UPXtbImJpb2luZm8tdG9vbHMiXT17WyJmbiJdPSIvc3cvbWYvc25vd3kvZW52aXJvbm1lbnQvYmlvaW5mby10b29scyIsWyJmdWxsTmFtZSJdPSJiaW9pbmZvLXRvb2xzIixbImxvYWRPcmRlciJdPTEscHJvcFQ9e30sWyJzdGFja0RlcHRoIl09MCxbInN0YXR1cyJdPSJhY3RpdmUiLFsidXNlck5hbWUiXT0iYmlvaW5mby10b29scyIsfSxid2E9e1siZm4iXT0iL3N3L21mL3Nub3d5L2Jpb2luZm8tdG9vbHMvYWxpZ25tZW50L2J3YS8wLjcuMTciLFsiZnVsbE5hbWUiXT0iYndhLzAuNy4xNyIsWyJsb2Fk;' export '_ModuleTable001_;' '_ModuleTable002_=T3JkZXIiXT0yLHByb3BUPXt9LFsic3RhY2tEZXB0aCJdPTAsWyJzdGF0dXMiXT0iYWN0aXZlIixbInVzZXJOYW1lIl09ImJ3YSIsfSx9LG1wYXRoQT17Ii9zdy9tZi9zbm93eS9iaW9pbmZvLXRvb2xzL2Fubm90YXRpb24iLCIvc3cvbWYvc25vd3kvYmlvaW5mby10b29scy9hbGlnbm1lbnQiLCIvc3cvbWYvc25vd3kvYmlvaW5mby10b29scy9hc3NlbWJseSIsIi9zdy9tZi9zbm93eS9iaW9pbmZvLXRvb2xzL21pc2MiLCIvc3cvbWYvc25vd3kvYmlvaW5mby10b29scy9waHlsb2dlbnkiLCIvc3cvbWYvc25vd3kvYmlvaW5mby10b29scy9waXBlbGluZXMiLCIvc3cvbWYvc25vd3kvYmlvaW5mby10b29scy9zd19jb2xsZWN0aW9ucyIsIi9zdy9tZi9zbm93eS9hcHBsaWNhdGlv;' export '_ModuleTable002_;' '_ModuleTable003_=bnMiLCIvc3cvbWYvc25vd3kvYnVpbGQtdG9vbHMiLCIvc3cvbWYvc25vd3kvY29tcGlsZXJzIiwiL3N3L21mL3Nub3d5L2RhdGEiLCIvc3cvbWYvc25vd3kvZW52aXJvbm1lbnQiLCIvc3cvbWYvc25vd3kvbGlicmFyaWVzIiwiL3N3L21mL3Nub3d5L3BhcmFsbGVsIix9LFsic3lzdGVtQmFzZU1QQVRIIl09Ii9zdy9tZi9zbm93eS9hcHBsaWNhdGlvbnM6L3N3L21mL3Nub3d5L2J1aWxkLXRvb2xzOi9zdy9tZi9zbm93eS9jb21waWxlcnM6L3N3L21mL3Nub3d5L2RhdGE6L3N3L21mL3Nub3d5L2Vudmlyb25tZW50Oi9zdy9tZi9zbm93eS9saWJyYXJpZXM6L3N3L21mL3Nub3d5L3BhcmFsbGVsIix9;' export '_ModuleTable003_;' '_ModuleTable_Sz_=3;' export '_ModuleTable_Sz_;'
++ __LMOD_REF_COUNT_LOADEDMODULES='uppmax:2;bioinfo-tools:1;bwa/0.7.17:1'
++ export __LMOD_REF_COUNT_LOADEDMODULES
++ LOADEDMODULES=uppmax:bioinfo-tools:bwa/0.7.17
++ export LOADEDMODULES
++ __LMOD_REF_COUNT_MANPATH='/usr/share/man:2;/sw/uppmax/man:2;/opt/thinlinc/share/man:2;/sw/bioinfo/bwa/0.7.17/snowy/man:1'
++ export __LMOD_REF_COUNT_MANPATH
++ MANPATH=/usr/share/man:/sw/uppmax/man:/opt/thinlinc/share/man:/sw/bioinfo/bwa/0.7.17/snowy/man
++ export MANPATH
++ MODULEPATH=/sw/mf/snowy/bioinfo-tools/annotation:/sw/mf/snowy/bioinfo-tools/alignment:/sw/mf/snowy/bioinfo-tools/assembly:/sw/mf/snowy/bioinfo-tools/misc:/sw/mf/snowy/bioinfo-tools/phylogeny:/sw/mf/snowy/bioinfo-tools/pipelines:/sw/mf/snowy/bioinfo-tools/sw_collections:/sw/mf/snowy/applications:/sw/mf/snowy/build-tools:/sw/mf/snowy/compilers:/sw/mf/snowy/data:/sw/mf/snowy/environment:/sw/mf/snowy/libraries:/sw/mf/snowy/parallel
++ export MODULEPATH
++ __LMOD_REF_COUNT_PATH='/sw/bioinfo/bwa/0.7.17/snowy/bin:1;/home/erikpa/bin:2;/usr/local/bin:1;/usr/bin:1;/usr/local/sbin:1;/usr/sbin:1;/sw/uppmax/bin:2'
++ export __LMOD_REF_COUNT_PATH
++ PATH=/sw/bioinfo/bwa/0.7.17/snowy/bin:/home/erikpa/bin:/usr/local/bin:/usr/bin:/usr/local/sbin:/usr/sbin:/sw/uppmax/bin
++ export PATH
++ __LMOD_REF_COUNT__LMFILES_='/sw/mf/snowy/environment/bioinfo-tools:1;/sw/mf/snowy/bioinfo-tools/alignment/bwa/0.7.17:1'
++ export __LMOD_REF_COUNT__LMFILES_
++ _LMFILES_=/sw/mf/snowy/environment/bioinfo-tools:/sw/mf/snowy/bioinfo-tools/alignment/bwa/0.7.17
++ export _LMFILES_
++ _ModuleTable001_=X01vZHVsZVRhYmxlXz17WyJNVHZlcnNpb24iXT0zLFsiY19yZWJ1aWxkVGltZSJdPWZhbHNlLFsiY19zaG9ydFRpbWUiXT1mYWxzZSxkZXB0aFQ9e30sZmFtaWx5PXt9LG1UPXtbImJpb2luZm8tdG9vbHMiXT17WyJmbiJdPSIvc3cvbWYvc25vd3kvZW52aXJvbm1lbnQvYmlvaW5mby10b29scyIsWyJmdWxsTmFtZSJdPSJiaW9pbmZvLXRvb2xzIixbImxvYWRPcmRlciJdPTEscHJvcFQ9e30sWyJzdGFja0RlcHRoIl09MCxbInN0YXR1cyJdPSJhY3RpdmUiLFsidXNlck5hbWUiXT0iYmlvaW5mby10b29scyIsfSxid2E9e1siZm4iXT0iL3N3L21mL3Nub3d5L2Jpb2luZm8tdG9vbHMvYWxpZ25tZW50L2J3YS8wLjcuMTciLFsiZnVsbE5hbWUiXT0iYndhLzAuNy4xNyIsWyJsb2Fk
++ export _ModuleTable001_
++ _ModuleTable002_=T3JkZXIiXT0yLHByb3BUPXt9LFsic3RhY2tEZXB0aCJdPTAsWyJzdGF0dXMiXT0iYWN0aXZlIixbInVzZXJOYW1lIl09ImJ3YSIsfSx9LG1wYXRoQT17Ii9zdy9tZi9zbm93eS9iaW9pbmZvLXRvb2xzL2Fubm90YXRpb24iLCIvc3cvbWYvc25vd3kvYmlvaW5mby10b29scy9hbGlnbm1lbnQiLCIvc3cvbWYvc25vd3kvYmlvaW5mby10b29scy9hc3NlbWJseSIsIi9zdy9tZi9zbm93eS9iaW9pbmZvLXRvb2xzL21pc2MiLCIvc3cvbWYvc25vd3kvYmlvaW5mby10b29scy9waHlsb2dlbnkiLCIvc3cvbWYvc25vd3kvYmlvaW5mby10b29scy9waXBlbGluZXMiLCIvc3cvbWYvc25vd3kvYmlvaW5mby10b29scy9zd19jb2xsZWN0aW9ucyIsIi9zdy9tZi9zbm93eS9hcHBsaWNhdGlv
++ export _ModuleTable002_
++ _ModuleTable003_=bnMiLCIvc3cvbWYvc25vd3kvYnVpbGQtdG9vbHMiLCIvc3cvbWYvc25vd3kvY29tcGlsZXJzIiwiL3N3L21mL3Nub3d5L2RhdGEiLCIvc3cvbWYvc25vd3kvZW52aXJvbm1lbnQiLCIvc3cvbWYvc25vd3kvbGlicmFyaWVzIiwiL3N3L21mL3Nub3d5L3BhcmFsbGVsIix9LFsic3lzdGVtQmFzZU1QQVRIIl09Ii9zdy9tZi9zbm93eS9hcHBsaWNhdGlvbnM6L3N3L21mL3Nub3d5L2J1aWxkLXRvb2xzOi9zdy9tZi9zbm93eS9jb21waWxlcnM6L3N3L21mL3Nub3d5L2RhdGE6L3N3L21mL3Nub3d5L2Vudmlyb25tZW50Oi9zdy9tZi9zbm93eS9saWJyYXJpZXM6L3N3L21mL3Nub3d5L3BhcmFsbGVsIix9
++ export _ModuleTable003_
++ _ModuleTable_Sz_=3
++ export _ModuleTable_Sz_
++ : -s sh
+ eval
+ cd /scratch/6186600/Assembled_data/assembled_L.ferri_1_4.contigs.fasta
/var/spool/slurmd/job6186600/slurm_script: line 35: cd: /scratch/6186600/Assembled_data/assembled_L.ferri_1_4.contigs.fasta: Not a directory
+ ls
Assembled_data
output
Trimmed_RNA_Reads
+ bwa index /scratch/6186600/Assembled_data/assembled_L.ferri_1_4.contigs.fasta
[bwa_index] Pack FASTA... 0.01 sec
[bwa_index] Construct BWT for the packed sequence...
[bwa_index] 0.73 seconds elapse.
[bwa_index] Update BWT... 0.02 sec
[bwa_index] Pack forward-only FASTA... 0.01 sec
[bwa_index] Construct SA from BWT and Occ... 0.32 sec
[main] Version: 0.7.17-r1188
[main] CMD: bwa index /scratch/6186600/Assembled_data/assembled_L.ferri_1_4.contigs.fasta
[main] Real time: 1.419 sec; CPU: 1.098 sec
+ ls
Assembled_data
output
Trimmed_RNA_Reads
+ bwa mem -t 2 /scratch/6186600/Assembled_data/assembled_L.ferri_1_4.contigs.fasta /scratch/6186600/Trimmed_RNA_Reads/ERR2036629_1_output_forward_paired.fq.gz /scratch/6186600/Trimmed_RNA_Reads/ERR2036629_2_output_reverse_paired.fq.gz
[M::bwa_idx_load_from_disk] read 0 ALT contigs
[E::main_mem] fail to open file `/scratch/6186600/Trimmed_RNA_Reads/ERR2036629_1_output_forward_paired.fq.gz'.
+ bwa mem -t 2 /scratch/6186600/Assembled_data/assembled_L.ferri_1_4.contigs.fasta /scratch/6186600/Trimmed_RNA_Reads/ERR2036630_1_output_forward_paired.fq.gz /scratch/6186600/Trimmed_RNA_Reads/ERR2036630_2_output_reverse_paired.fq.gz
[M::bwa_idx_load_from_disk] read 0 ALT contigs
[E::main_mem] fail to open file `/scratch/6186600/Trimmed_RNA_Reads/ERR2036630_1_output_forward_paired.fq.gz'.
+ bwa mem -t 2 /scratch/6186600/Assembled_data/assembled_L.ferri_1_4.contigs.fasta /scratch/6186600/Trimmed_RNA_Reads/ERR2036631_1_output_forward_paired.fq.gz /scratch/6186600/Trimmed_RNA_Reads/ERR2036631_2_output_reverse_paired.fq.gz
[M::bwa_idx_load_from_disk] read 0 ALT contigs
[E::main_mem] fail to open file `/scratch/6186600/Trimmed_RNA_Reads/ERR2036631_1_output_forward_paired.fq.gz'.
+ bwa mem -t 2 /scratch/6186600/Assembled_data/assembled_L.ferri_1_4.contigs.fasta /scratch/6186600/Trimmed_RNA_Reads/ERR2036632_1_output_forward_paired.fq.gz /scratch/6186600/Trimmed_RNA_Reads/ERR2036632_2_output_reverse_paired.fq.gz
[M::bwa_idx_load_from_disk] read 0 ALT contigs
[E::main_mem] fail to open file `/scratch/6186600/Trimmed_RNA_Reads/ERR2036632_1_output_forward_paired.fq.gz'.
+ bwa mem -t 2 /scratch/6186600/Assembled_data/assembled_L.ferri_1_4.contigs.fasta /scratch/6186600/Trimmed_RNA_Reads/ERR2036633_1_output_forward_paired.fq.gz /scratch/6186600/Trimmed_RNA_Reads/ERR2036633_2_output_reverse_paired.fq.gz
[M::bwa_idx_load_from_disk] read 0 ALT contigs
[E::main_mem] fail to open file `/scratch/6186600/Trimmed_RNA_Reads/ERR2036633_1_output_forward_paired.fq.gz'.
/var/spool/slurmd/job6186600/slurm_script: line 53: syntax error: unexpected end of file
